#
# There is insufficient memory for the Java Runtime Environment to continue.
# Native memory allocation (malloc) failed to allocate 317456 bytes for Chunk::new
# Possible reasons:
#   The system is out of physical RAM or swap space
#   The process is running with CompressedOops enabled, and the Java Heap may be blocking the growth of the native heap
# Possible solutions:
#   Reduce memory load on the system
#   Increase physical memory or swap space
#   Check if swap backing store is full
#   Decrease Java heap size (-Xmx/-Xms)
#   Decrease number of Java threads
#   Decrease Java thread stack sizes (-Xss)
#   Set larger code cache with -XX:ReservedCodeCacheSize=
#   JVM is running with Unscaled Compressed Oops mode in which the Java heap is
#     placed in the first 4GB address space. The Java Heap base address is the
#     maximum limit for the native heap growth. Please use -XX:HeapBaseMinAddress
#     to set the Java Heap base and to place the Java Heap above 4GB virtual address.
# This output file may be truncated or incomplete.
#
#  Out of Memory Error (./src/hotspot/share/memory/arena.cpp:197), pid=11376, tid=4224
#
# JRE version: OpenJDK Runtime Environment Corretto-11.0.9.12.1 (11.0.9.1+12) (build 11.0.9.1+12-LTS)
# Java VM: OpenJDK 64-Bit Server VM Corretto-11.0.9.12.1 (11.0.9.1+12-LTS, mixed mode, tiered, compressed oops, g1 gc, windows-amd64)
# No core dump will be written. Minidumps are not enabled by default on client versions of Windows
#

---------------  S U M M A R Y ------------

Command Line: --add-opens=java.base/java.util=ALL-UNNAMED --add-opens=java.base/java.lang=ALL-UNNAMED --add-opens=java.base/java.lang.invoke=ALL-UNNAMED --add-opens=java.prefs/java.util.prefs=ALL-UNNAMED -XX:MaxMetaspaceSize=256m -XX:+HeapDumpOnOutOfMemoryError -Xms256m -Xmx512m -Dfile.encoding=windows-1251 -Duser.country=RU -Duser.language=ru -Duser.variant org.gradle.launcher.daemon.bootstrap.GradleDaemon 6.8

Host: Intel(R) Core(TM) i7-8550U CPU @ 1.80GHz, 8 cores, 7G,  Windows 10 , 64 bit Build 17763 (10.0.17763.475)
Time: Sat Jun  5 21:22:24 2021 RTZ 2 (ceia) elapsed time: 189.839209 seconds (0d 0h 3m 9s)

---------------  T H R E A D  ---------------

Current thread (0x000002b63096e800):  JavaThread "C2 CompilerThread0" daemon [_thread_in_native, id=4224, stack(0x000000f879700000,0x000000f879800000)]


Current CompileTask:
C2: 189839 10772       4       org.apache.commons.io.FilenameUtils::doNormalize (534 bytes)

Stack: [0x000000f879700000,0x000000f879800000]
Native frames: (J=compiled Java code, j=interpreted, Vv=VM code, C=native code)
V  [jvm.dll+0x5f504a]
V  [jvm.dll+0x77d3ee]
V  [jvm.dll+0x77eabf]
V  [jvm.dll+0x77f183]
V  [jvm.dll+0x247668]
V  [jvm.dll+0xbe2bc]
V  [jvm.dll+0xbe9bc]
V  [jvm.dll+0x2b6864]
V  [jvm.dll+0x509599]
V  [jvm.dll+0x20913d]
V  [jvm.dll+0x20315a]
V  [jvm.dll+0x20019f]
V  [jvm.dll+0x184fbc]
V  [jvm.dll+0x20f697]
V  [jvm.dll+0x20d87b]
V  [jvm.dll+0x741ca9]
V  [jvm.dll+0x73ad54]
V  [jvm.dll+0x5f3f76]
C  [ucrtbase.dll+0x2268a]
C  [KERNEL32.DLL+0x17974]
C  [ntdll.dll+0x5a0b1]


---------------  P R O C E S S  ---------------

Threads class SMR info:
_java_thread_list=0x000002b636be1d20, length=52, elements={
0x000002b61488b000, 0x000002b63000b800, 0x000002b63000c800, 0x000002b63001e800,
0x000002b63096b800, 0x000002b63096e800, 0x000002b63097d000, 0x000002b630989000,
0x000002b630adb800, 0x000002b630b0f800, 0x000002b633a51000, 0x000002b631be1800,
0x000002b632a00000, 0x000002b631a89000, 0x000002b631a8b800, 0x000002b631a88000,
0x000002b631a8a800, 0x000002b63601b800, 0x000002b636019000, 0x000002b634294800,
0x000002b63601a000, 0x000002b63601d000, 0x000002b636021000, 0x000002b63601f800,
0x000002b636022000, 0x000002b636023000, 0x000002b636024800, 0x000002b63601f000,
0x000002b634296800, 0x000002b634295800, 0x000002b634299000, 0x000002b634294000,
0x000002b634297000, 0x000002b634298000, 0x000002b634293000, 0x000002b63429f800,
0x000002b634299800, 0x000002b63429d800, 0x000002b6342a0000, 0x000002b63429d000,
0x000002b631a8c000, 0x000002b631a89800, 0x000002b631a8d000, 0x000002b631a87000,
0x000002b631a8e000, 0x000002b63429e800, 0x000002b63429a800, 0x000002b63429b800,
0x000002b6342a1000, 0x000002b6342a2000, 0x000002b639cb5000, 0x000002b63429c000
}

Java Threads: ( => current thread )
  0x000002b61488b000 JavaThread "main" [_thread_blocked, id=6340, stack(0x000000f878c00000,0x000000f878d00000)]
  0x000002b63000b800 JavaThread "Reference Handler" daemon [_thread_blocked, id=9348, stack(0x000000f879300000,0x000000f879400000)]
  0x000002b63000c800 JavaThread "Finalizer" daemon [_thread_blocked, id=5664, stack(0x000000f879400000,0x000000f879500000)]
  0x000002b63001e800 JavaThread "Signal Dispatcher" daemon [_thread_blocked, id=6220, stack(0x000000f879500000,0x000000f879600000)]
  0x000002b63096b800 JavaThread "Attach Listener" daemon [_thread_blocked, id=9792, stack(0x000000f879600000,0x000000f879700000)]
=>0x000002b63096e800 JavaThread "C2 CompilerThread0" daemon [_thread_in_native, id=4224, stack(0x000000f879700000,0x000000f879800000)]
  0x000002b63097d000 JavaThread "C1 CompilerThread0" daemon [_thread_blocked, id=11820, stack(0x000000f879800000,0x000000f879900000)]
  0x000002b630989000 JavaThread "Sweeper thread" daemon [_thread_blocked, id=4336, stack(0x000000f879900000,0x000000f879a00000)]
  0x000002b630adb800 JavaThread "Common-Cleaner" daemon [_thread_blocked, id=10312, stack(0x000000f879a00000,0x000000f879b00000)]
  0x000002b630b0f800 JavaThread "Service Thread" daemon [_thread_blocked, id=3432, stack(0x000000f879b00000,0x000000f879c00000)]
  0x000002b633a51000 JavaThread "Daemon health stats" [_thread_blocked, id=11148, stack(0x000000f87a400000,0x000000f87a500000)]
  0x000002b631be1800 JavaThread "Incoming local TCP Connector on port 11967" [_thread_in_native, id=5348, stack(0x000000f879d00000,0x000000f879e00000)]
  0x000002b632a00000 JavaThread "Daemon periodic checks" [_thread_blocked, id=12240, stack(0x000000f879e00000,0x000000f879f00000)]
  0x000002b631a89000 JavaThread "Cache worker for file hash cache (C:\Users\Lap\.gradle\caches\6.8\fileHashes)" [_thread_blocked, id=11676, stack(0x000000f87ae00000,0x000000f87af00000)]
  0x000002b631a8b800 JavaThread "File lock request listener" [_thread_in_native, id=7920, stack(0x000000f87af00000,0x000000f87b000000)]
  0x000002b631a88000 JavaThread "Cache worker for journal cache (C:\Users\Lap\.gradle\caches\journal-1)" [_thread_blocked, id=1656, stack(0x000000f87b300000,0x000000f87b400000)]
  0x000002b631a8a800 JavaThread "Cache worker for execution history cache (C:\Users\Lap\.gradle\caches\6.8\executionHistory)" [_thread_blocked, id=11280, stack(0x000000f87ba00000,0x000000f87bb00000)]
  0x000002b63601b800 JavaThread "Cache worker for file content cache (C:\Users\Lap\.gradle\caches\6.8\fileContent)" [_thread_blocked, id=6808, stack(0x000000f87bc00000,0x000000f87bd00000)]
  0x000002b636019000 JavaThread "Memory manager" [_thread_blocked, id=4556, stack(0x000000f87be00000,0x000000f87bf00000)]
  0x000002b634294800 JavaThread "Cache worker for Java compile cache (C:\Users\Lap\.gradle\caches\6.8\javaCompile)" [_thread_blocked, id=5072, stack(0x000000f87cd00000,0x000000f87ce00000)]
  0x000002b63601a000 JavaThread "Daemon Thread 2" [_thread_blocked, id=2592, stack(0x000000f878a00000,0x000000f878b00000)]
  0x000002b63601d000 JavaThread "Daemon worker Thread 2" [_thread_in_vm, id=11752, stack(0x000000f87a700000,0x000000f87a800000)]
  0x000002b636021000 JavaThread "jar transforms Thread 19" [_thread_blocked, id=2552, stack(0x000000f87ac00000,0x000000f87ad00000)]
  0x000002b63601f800 JavaThread "jar transforms Thread 20" [_thread_blocked, id=9268, stack(0x000000f87ad00000,0x000000f87ae00000)]
  0x000002b636022000 JavaThread "jar transforms Thread 21" [_thread_blocked, id=8296, stack(0x000000f87b400000,0x000000f87b500000)]
  0x000002b636023000 JavaThread "jar transforms Thread 22" [_thread_blocked, id=5168, stack(0x000000f87b500000,0x000000f87b600000)]
  0x000002b636024800 JavaThread "jar transforms Thread 23" [_thread_blocked, id=12076, stack(0x000000f87b600000,0x000000f87b700000)]
  0x000002b63601f000 JavaThread "jar transforms Thread 24" [_thread_blocked, id=1356, stack(0x000000f87b700000,0x000000f87b800000)]
  0x000002b634296800 JavaThread "jar transforms Thread 25" [_thread_blocked, id=3872, stack(0x000000f87b800000,0x000000f87b900000)]
  0x000002b634295800 JavaThread "jar transforms Thread 26" [_thread_blocked, id=6188, stack(0x000000f87b900000,0x000000f87ba00000)]
  0x000002b634299000 JavaThread "jar transforms Thread 27" [_thread_blocked, id=8272, stack(0x000000f87bb00000,0x000000f87bc00000)]
  0x000002b634294000 JavaThread "jar transforms Thread 28" [_thread_blocked, id=6392, stack(0x000000f87bd00000,0x000000f87be00000)]
  0x000002b634297000 JavaThread "jar transforms Thread 29" [_thread_blocked, id=10276, stack(0x000000f87bf00000,0x000000f87c000000)]
  0x000002b634298000 JavaThread "jar transforms Thread 30" [_thread_blocked, id=8084, stack(0x000000f87c000000,0x000000f87c100000)]
  0x000002b634293000 JavaThread "jar transforms Thread 31" [_thread_blocked, id=1444, stack(0x000000f87c100000,0x000000f87c200000)]
  0x000002b63429f800 JavaThread "jar transforms Thread 32" [_thread_blocked, id=9192, stack(0x000000f87c200000,0x000000f87c300000)]
  0x000002b634299800 JavaThread "jar transforms Thread 33" [_thread_blocked, id=4192, stack(0x000000f87c300000,0x000000f87c400000)]
  0x000002b63429d800 JavaThread "jar transforms Thread 34" [_thread_blocked, id=4812, stack(0x000000f87c400000,0x000000f87c500000)]
  0x000002b6342a0000 JavaThread "jar transforms Thread 35" [_thread_blocked, id=7512, stack(0x000000f87c500000,0x000000f87c600000)]
  0x000002b63429d000 JavaThread "jar transforms Thread 36" [_thread_blocked, id=10892, stack(0x000000f87c600000,0x000000f87c700000)]
  0x000002b631a8c000 JavaThread "File lock release action executor" [_thread_blocked, id=12260, stack(0x000000f878b00000,0x000000f878c00000)]
  0x000002b631a89800 JavaThread "Handler for socket connection from /127.0.0.1:11967 to /127.0.0.1:12165" [_thread_in_native, id=4476, stack(0x000000f87a600000,0x000000f87a700000)]
  0x000002b631a8d000 JavaThread "Cancel handler" [_thread_blocked, id=11704, stack(0x000000f87a800000,0x000000f87a900000)]
  0x000002b631a87000 JavaThread "Asynchronous log dispatcher for DefaultDaemonConnection: socket connection from /127.0.0.1:11967 to /127.0.0.1:12165" [_thread_blocked, id=5600, stack(0x000000f87a900000,0x000000f87aa00000)]
  0x000002b631a8e000 JavaThread "Stdin handler" [_thread_blocked, id=9520, stack(0x000000f87aa00000,0x000000f87ab00000)]
  0x000002b63429e800 JavaThread "Daemon client event forwarder" [_thread_blocked, id=11776, stack(0x000000f87ab00000,0x000000f87ac00000)]
  0x000002b63429a800 JavaThread "Cache worker for file hash cache (D:\car-sales-project\.gradle\6.8\fileHashes)" [_thread_blocked, id=4176, stack(0x000000f87c700000,0x000000f87c800000)]
  0x000002b63429b800 JavaThread "Cache worker for checksums cache (D:\car-sales-project\.gradle\checksums)" [_thread_blocked, id=7896, stack(0x000000f87c800000,0x000000f87c900000)]
  0x000002b6342a1000 JavaThread "Cache worker for cache directory md-supplier (C:\Users\Lap\.gradle\caches\6.8\md-supplier)" [_thread_blocked, id=6724, stack(0x000000f87c900000,0x000000f87ca00000)]
  0x000002b6342a2000 JavaThread "Cache worker for cache directory md-rule (C:\Users\Lap\.gradle\caches\6.8\md-rule)" [_thread_blocked, id=4172, stack(0x000000f87ca00000,0x000000f87cb00000)]
  0x000002b639cb5000 JavaThread "C2 CompilerThread1" daemon [_thread_blocked, id=8384, stack(0x000000f87cb00000,0x000000f87cc00000)]
  0x000002b63429c000 JavaThread "Cache worker for Build Output Cleanup Cache (D:\car-sales-project\.gradle\buildOutputCleanup)" [_thread_blocked, id=2948, stack(0x000000f87cc00000,0x000000f87cd00000)]

Other Threads:
  0x000002b62ffe7000 VMThread "VM Thread" [stack: 0x000000f879200000,0x000000f879300000] [id=424]
  0x000002b630b12800 WatcherThread [stack: 0x000000f879c00000,0x000000f879d00000] [id=7316]
  0x000002b6148a4000 GCTaskThread "GC Thread#0" [stack: 0x000000f878d00000,0x000000f878e00000] [id=2816]
  0x000002b6319bf800 GCTaskThread "GC Thread#1" [stack: 0x000000f879f00000,0x000000f87a000000] [id=11172]
  0x000002b63183e800 GCTaskThread "GC Thread#2" [stack: 0x000000f87a000000,0x000000f87a100000] [id=1536]
  0x000002b63183f000 GCTaskThread "GC Thread#3" [stack: 0x000000f87a100000,0x000000f87a200000] [id=1884]
  0x000002b631497000 GCTaskThread "GC Thread#4" [stack: 0x000000f87a200000,0x000000f87a300000] [id=4592]
  0x000002b631497800 GCTaskThread "GC Thread#5" [stack: 0x000000f87a300000,0x000000f87a400000] [id=11552]
  0x000002b630e22800 GCTaskThread "GC Thread#6" [stack: 0x000000f87b000000,0x000000f87b100000] [id=11696]
  0x000002b630e31800 GCTaskThread "GC Thread#7" [stack: 0x000000f87b100000,0x000000f87b200000] [id=4392]
  0x000002b6148b7000 ConcurrentGCThread "G1 Main Marker" [stack: 0x000000f878e00000,0x000000f878f00000] [id=9704]
  0x000002b6148b8000 ConcurrentGCThread "G1 Conc#0" [stack: 0x000000f878f00000,0x000000f879000000] [id=1156]
  0x000002b632fec800 ConcurrentGCThread "G1 Conc#1" [stack: 0x000000f87b200000,0x000000f87b300000] [id=10864]
  0x000002b61495d800 ConcurrentGCThread "G1 Refine#0" [stack: 0x000000f879000000,0x000000f879100000] [id=10532]
  0x000002b632b34800 ConcurrentGCThread "G1 Refine#1" [stack: 0x000000f878900000,0x000000f878a00000] [id=12068]
  0x000002b61495e800 ConcurrentGCThread "G1 Young RemSet Sampling" [stack: 0x000000f879100000,0x000000f879200000] [id=10992]

Threads with active compile tasks:
C2 CompilerThread0 189878 10772       4       org.apache.commons.io.FilenameUtils::doNormalize (534 bytes)

VM state:not at safepoint (normal execution)

VM Mutex/Monitor currently owned by a thread: None

Heap address: 0x00000000e0000000, size: 512 MB, Compressed Oops mode: 32-bit
Narrow klass base: 0x0000000000000000, Narrow klass shift: 3
Compressed class space size: 260046848 Address: 0x0000000100000000

Heap:
 garbage-first heap   total 262144K, used 163322K [0x00000000e0000000, 0x0000000100000000)
  region size 1024K, 76 young (77824K), 9 survivors (9216K)
 Metaspace       used 79481K, capacity 81984K, committed 82172K, reserved 325632K
  class space    used 10193K, capacity 11045K, committed 11136K, reserved 253952K
Heap Regions: E=young(eden), S=young(survivor), O=old, HS=humongous(starts), HC=humongous(continues), CS=collection set, F=free, A=archive, TAMS=top-at-mark-start (previous, next)
|   0|0x00000000e0000000, 0x00000000e0100000, 0x00000000e0100000|100%| O|  |TAMS 0x00000000e0100000, 0x00000000e0000000| Untracked 
|   1|0x00000000e0100000, 0x00000000e0200000, 0x00000000e0200000|100%| O|  |TAMS 0x00000000e0200000, 0x00000000e0100000| Untracked 
|   2|0x00000000e0200000, 0x00000000e0300000, 0x00000000e0300000|100%| O|  |TAMS 0x00000000e0300000, 0x00000000e0200000| Untracked 
|   3|0x00000000e0300000, 0x00000000e0400000, 0x00000000e0400000|100%|HS|  |TAMS 0x00000000e0400000, 0x00000000e0300000| Complete 
|   4|0x00000000e0400000, 0x00000000e0500000, 0x00000000e0500000|100%|HC|  |TAMS 0x00000000e0500000, 0x00000000e0400000| Complete 
|   5|0x00000000e0500000, 0x00000000e0600000, 0x00000000e0600000|100%|HC|  |TAMS 0x00000000e0600000, 0x00000000e0500000| Complete 
|   6|0x00000000e0600000, 0x00000000e0700000, 0x00000000e0700000|100%| O|  |TAMS 0x00000000e0700000, 0x00000000e0600000| Untracked 
|   7|0x00000000e0700000, 0x00000000e0800000, 0x00000000e0800000|100%| O|  |TAMS 0x00000000e0800000, 0x00000000e0700000| Untracked 
|   8|0x00000000e0800000, 0x00000000e0900000, 0x00000000e0900000|100%| O|  |TAMS 0x00000000e0900000, 0x00000000e0800000| Untracked 
|   9|0x00000000e0900000, 0x00000000e0a00000, 0x00000000e0a00000|100%| O|  |TAMS 0x00000000e0a00000, 0x00000000e0900000| Untracked 
|  10|0x00000000e0a00000, 0x00000000e0b00000, 0x00000000e0b00000|100%| O|  |TAMS 0x00000000e0b00000, 0x00000000e0a00000| Untracked 
|  11|0x00000000e0b00000, 0x00000000e0c00000, 0x00000000e0c00000|100%| O|  |TAMS 0x00000000e0c00000, 0x00000000e0b00000| Untracked 
|  12|0x00000000e0c00000, 0x00000000e0d00000, 0x00000000e0d00000|100%| O|  |TAMS 0x00000000e0d00000, 0x00000000e0c00000| Untracked 
|  13|0x00000000e0d00000, 0x00000000e0e00000, 0x00000000e0e00000|100%| O|  |TAMS 0x00000000e0e00000, 0x00000000e0d00000| Untracked 
|  14|0x00000000e0e00000, 0x00000000e0f00000, 0x00000000e0f00000|100%| O|  |TAMS 0x00000000e0f00000, 0x00000000e0e00000| Untracked 
|  15|0x00000000e0f00000, 0x00000000e1000000, 0x00000000e1000000|100%| O|  |TAMS 0x00000000e1000000, 0x00000000e0f00000| Untracked 
|  16|0x00000000e1000000, 0x00000000e1100000, 0x00000000e1100000|100%| O|  |TAMS 0x00000000e1100000, 0x00000000e1000000| Untracked 
|  17|0x00000000e1100000, 0x00000000e1200000, 0x00000000e1200000|100%| O|  |TAMS 0x00000000e1200000, 0x00000000e1100000| Untracked 
|  18|0x00000000e1200000, 0x00000000e1300000, 0x00000000e1300000|100%| O|  |TAMS 0x00000000e1300000, 0x00000000e1200000| Untracked 
|  19|0x00000000e1300000, 0x00000000e1400000, 0x00000000e1400000|100%| O|  |TAMS 0x00000000e1400000, 0x00000000e1300000| Untracked 
|  20|0x00000000e1400000, 0x00000000e1500000, 0x00000000e1500000|100%| O|  |TAMS 0x00000000e1500000, 0x00000000e1400000| Untracked 
|  21|0x00000000e1500000, 0x00000000e1600000, 0x00000000e1600000|100%| O|  |TAMS 0x00000000e1600000, 0x00000000e1500000| Untracked 
|  22|0x00000000e1600000, 0x00000000e1700000, 0x00000000e1700000|100%| O|  |TAMS 0x00000000e1700000, 0x00000000e1600000| Untracked 
|  23|0x00000000e1700000, 0x00000000e1800000, 0x00000000e1800000|100%| O|  |TAMS 0x00000000e1800000, 0x00000000e1700000| Untracked 
|  24|0x00000000e1800000, 0x00000000e1900000, 0x00000000e1900000|100%| O|  |TAMS 0x00000000e1900000, 0x00000000e1800000| Untracked 
|  25|0x00000000e1900000, 0x00000000e1a00000, 0x00000000e1a00000|100%| O|  |TAMS 0x00000000e1a00000, 0x00000000e1900000| Untracked 
|  26|0x00000000e1a00000, 0x00000000e1b00000, 0x00000000e1b00000|100%| O|  |TAMS 0x00000000e1a4dc00, 0x00000000e1a00000| Untracked 
|  27|0x00000000e1b00000, 0x00000000e1c00000, 0x00000000e1c00000|100%| O|  |TAMS 0x00000000e1b00000, 0x00000000e1b00000| Untracked 
|  28|0x00000000e1c00000, 0x00000000e1d00000, 0x00000000e1d00000|100%|HS|  |TAMS 0x00000000e1c00000, 0x00000000e1c00000| Complete 
|  29|0x00000000e1d00000, 0x00000000e1e00000, 0x00000000e1e00000|100%|HC|  |TAMS 0x00000000e1d00000, 0x00000000e1d00000| Complete 
|  30|0x00000000e1e00000, 0x00000000e1f00000, 0x00000000e1f00000|100%|HC|  |TAMS 0x00000000e1e00000, 0x00000000e1e00000| Complete 
|  31|0x00000000e1f00000, 0x00000000e2000000, 0x00000000e2000000|100%|HC|  |TAMS 0x00000000e1f00000, 0x00000000e1f00000| Complete 
|  32|0x00000000e2000000, 0x00000000e2100000, 0x00000000e2100000|100%|HC|  |TAMS 0x00000000e2000000, 0x00000000e2000000| Complete 
|  33|0x00000000e2100000, 0x00000000e2200000, 0x00000000e2200000|100%|HS|  |TAMS 0x00000000e2100000, 0x00000000e2100000| Complete 
|  34|0x00000000e2200000, 0x00000000e2300000, 0x00000000e2300000|100%|HC|  |TAMS 0x00000000e2200000, 0x00000000e2200000| Complete 
|  35|0x00000000e2300000, 0x00000000e2400000, 0x00000000e2400000|100%|HC|  |TAMS 0x00000000e2300000, 0x00000000e2300000| Complete 
|  36|0x00000000e2400000, 0x00000000e2500000, 0x00000000e2500000|100%|HC|  |TAMS 0x00000000e2400000, 0x00000000e2400000| Complete 
|  37|0x00000000e2500000, 0x00000000e2600000, 0x00000000e2600000|100%|HS|  |TAMS 0x00000000e2500000, 0x00000000e2500000| Complete 
|  38|0x00000000e2600000, 0x00000000e2700000, 0x00000000e2700000|100%|HC|  |TAMS 0x00000000e2600000, 0x00000000e2600000| Complete 
|  39|0x00000000e2700000, 0x00000000e2800000, 0x00000000e2800000|100%|HC|  |TAMS 0x00000000e2700000, 0x00000000e2700000| Complete 
|  40|0x00000000e2800000, 0x00000000e2900000, 0x00000000e2900000|100%|HC|  |TAMS 0x00000000e2800000, 0x00000000e2800000| Complete 
|  41|0x00000000e2900000, 0x00000000e2a00000, 0x00000000e2a00000|100%|HC|  |TAMS 0x00000000e2900000, 0x00000000e2900000| Complete 
|  42|0x00000000e2a00000, 0x00000000e2b00000, 0x00000000e2b00000|100%|HS|  |TAMS 0x00000000e2a00000, 0x00000000e2a00000| Complete 
|  43|0x00000000e2b00000, 0x00000000e2c00000, 0x00000000e2c00000|100%|HC|  |TAMS 0x00000000e2b00000, 0x00000000e2b00000| Complete 
|  44|0x00000000e2c00000, 0x00000000e2d00000, 0x00000000e2d00000|100%|HC|  |TAMS 0x00000000e2c00000, 0x00000000e2c00000| Complete 
|  45|0x00000000e2d00000, 0x00000000e2e00000, 0x00000000e2e00000|100%|HC|  |TAMS 0x00000000e2d00000, 0x00000000e2d00000| Complete 
|  46|0x00000000e2e00000, 0x00000000e2f00000, 0x00000000e2f00000|100%|HS|  |TAMS 0x00000000e2e00000, 0x00000000e2e00000| Complete 
|  47|0x00000000e2f00000, 0x00000000e3000000, 0x00000000e3000000|100%|HC|  |TAMS 0x00000000e2f00000, 0x00000000e2f00000| Complete 
|  48|0x00000000e3000000, 0x00000000e3100000, 0x00000000e3100000|100%|HC|  |TAMS 0x00000000e3000000, 0x00000000e3000000| Complete 
|  49|0x00000000e3100000, 0x00000000e3200000, 0x00000000e3200000|100%|HC|  |TAMS 0x00000000e3100000, 0x00000000e3100000| Complete 
|  50|0x00000000e3200000, 0x00000000e3300000, 0x00000000e3300000|100%|HC|  |TAMS 0x00000000e3200000, 0x00000000e3200000| Complete 
|  51|0x00000000e3300000, 0x00000000e3400000, 0x00000000e3400000|100%|HS|  |TAMS 0x00000000e3300000, 0x00000000e3300000| Complete 
|  52|0x00000000e3400000, 0x00000000e3500000, 0x00000000e3500000|100%|HC|  |TAMS 0x00000000e3400000, 0x00000000e3400000| Complete 
|  53|0x00000000e3500000, 0x00000000e3600000, 0x00000000e3600000|100%|HC|  |TAMS 0x00000000e3500000, 0x00000000e3500000| Complete 
|  54|0x00000000e3600000, 0x00000000e3700000, 0x00000000e3700000|100%|HC|  |TAMS 0x00000000e3600000, 0x00000000e3600000| Complete 
|  55|0x00000000e3700000, 0x00000000e3800000, 0x00000000e3800000|100%| O|  |TAMS 0x00000000e3700000, 0x00000000e3700000| Untracked 
|  56|0x00000000e3800000, 0x00000000e3900000, 0x00000000e3900000|100%| O|  |TAMS 0x00000000e3800000, 0x00000000e3800000| Untracked 
|  57|0x00000000e3900000, 0x00000000e3a00000, 0x00000000e3a00000|100%| O|  |TAMS 0x00000000e3900000, 0x00000000e3900000| Untracked 
|  58|0x00000000e3a00000, 0x00000000e3b00000, 0x00000000e3b00000|100%| O|  |TAMS 0x00000000e3a00000, 0x00000000e3a00000| Untracked 
|  59|0x00000000e3b00000, 0x00000000e3c00000, 0x00000000e3c00000|100%| O|  |TAMS 0x00000000e3b00000, 0x00000000e3b00000| Untracked 
|  60|0x00000000e3c00000, 0x00000000e3d00000, 0x00000000e3d00000|100%| O|  |TAMS 0x00000000e3c00000, 0x00000000e3c00000| Untracked 
|  61|0x00000000e3d00000, 0x00000000e3e00000, 0x00000000e3e00000|100%| O|  |TAMS 0x00000000e3d00000, 0x00000000e3d00000| Untracked 
|  62|0x00000000e3e00000, 0x00000000e3f00000, 0x00000000e3f00000|100%| O|  |TAMS 0x00000000e3e00000, 0x00000000e3e00000| Untracked 
|  63|0x00000000e3f00000, 0x00000000e4000000, 0x00000000e4000000|100%| O|  |TAMS 0x00000000e3f00000, 0x00000000e3f00000| Untracked 
|  64|0x00000000e4000000, 0x00000000e4100000, 0x00000000e4100000|100%| O|  |TAMS 0x00000000e4000000, 0x00000000e4000000| Untracked 
|  65|0x00000000e4100000, 0x00000000e4200000, 0x00000000e4200000|100%| O|  |TAMS 0x00000000e4100000, 0x00000000e4100000| Untracked 
|  66|0x00000000e4200000, 0x00000000e4300000, 0x00000000e4300000|100%| O|  |TAMS 0x00000000e4200000, 0x00000000e4200000| Untracked 
|  67|0x00000000e4300000, 0x00000000e4400000, 0x00000000e4400000|100%| O|  |TAMS 0x00000000e4300000, 0x00000000e4300000| Untracked 
|  68|0x00000000e4400000, 0x00000000e4500000, 0x00000000e4500000|100%| O|  |TAMS 0x00000000e4400000, 0x00000000e4400000| Untracked 
|  69|0x00000000e4500000, 0x00000000e4600000, 0x00000000e4600000|100%| O|  |TAMS 0x00000000e4500000, 0x00000000e4500000| Untracked 
|  70|0x00000000e4600000, 0x00000000e4700000, 0x00000000e4700000|100%| O|  |TAMS 0x00000000e4600000, 0x00000000e4600000| Untracked 
|  71|0x00000000e4700000, 0x00000000e4800000, 0x00000000e4800000|100%| O|  |TAMS 0x00000000e4700000, 0x00000000e4700000| Untracked 
|  72|0x00000000e4800000, 0x00000000e4900000, 0x00000000e4900000|100%| O|  |TAMS 0x00000000e4800000, 0x00000000e4800000| Untracked 
|  73|0x00000000e4900000, 0x00000000e4a00000, 0x00000000e4a00000|100%| O|  |TAMS 0x00000000e4900000, 0x00000000e4900000| Untracked 
|  74|0x00000000e4a00000, 0x00000000e4b00000, 0x00000000e4b00000|100%| O|  |TAMS 0x00000000e4a00000, 0x00000000e4a00000| Untracked 
|  75|0x00000000e4b00000, 0x00000000e4c00000, 0x00000000e4c00000|100%| O|  |TAMS 0x00000000e4b00000, 0x00000000e4b00000| Untracked 
|  76|0x00000000e4c00000, 0x00000000e4d00000, 0x00000000e4d00000|100%| O|  |TAMS 0x00000000e4c00000, 0x00000000e4c00000| Untracked 
|  77|0x00000000e4d00000, 0x00000000e4e00000, 0x00000000e4e00000|100%| O|  |TAMS 0x00000000e4d00000, 0x00000000e4d00000| Untracked 
|  78|0x00000000e4e00000, 0x00000000e4f00000, 0x00000000e4f00000|100%| O|  |TAMS 0x00000000e4e00000, 0x00000000e4e00000| Untracked 
|  79|0x00000000e4f00000, 0x00000000e5000000, 0x00000000e5000000|100%| O|  |TAMS 0x00000000e4f00000, 0x00000000e4f00000| Untracked 
|  80|0x00000000e5000000, 0x00000000e5100000, 0x00000000e5100000|100%| O|  |TAMS 0x00000000e5000000, 0x00000000e5000000| Untracked 
|  81|0x00000000e5100000, 0x00000000e5200000, 0x00000000e5200000|100%| O|  |TAMS 0x00000000e5100000, 0x00000000e5100000| Untracked 
|  82|0x00000000e5200000, 0x00000000e5300000, 0x00000000e5300000|100%| O|  |TAMS 0x00000000e5200000, 0x00000000e5200000| Untracked 
|  83|0x00000000e5300000, 0x00000000e5400000, 0x00000000e5400000|100%| O|  |TAMS 0x00000000e5300000, 0x00000000e5300000| Untracked 
|  84|0x00000000e5400000, 0x00000000e5500000, 0x00000000e5500000|100%| O|  |TAMS 0x00000000e5400000, 0x00000000e5400000| Untracked 
|  85|0x00000000e5500000, 0x00000000e55ce800, 0x00000000e5600000| 80%| O|  |TAMS 0x00000000e5500000, 0x00000000e5500000| Untracked 
|  86|0x00000000e5600000, 0x00000000e5600000, 0x00000000e5700000|  0%| F|  |TAMS 0x00000000e5600000, 0x00000000e5600000| Untracked 
|  87|0x00000000e5700000, 0x00000000e5700000, 0x00000000e5800000|  0%| F|  |TAMS 0x00000000e5700000, 0x00000000e5700000| Untracked 
|  88|0x00000000e5800000, 0x00000000e5800000, 0x00000000e5900000|  0%| F|  |TAMS 0x00000000e5800000, 0x00000000e5800000| Untracked 
|  89|0x00000000e5900000, 0x00000000e5900000, 0x00000000e5a00000|  0%| F|  |TAMS 0x00000000e5900000, 0x00000000e5900000| Untracked 
|  90|0x00000000e5a00000, 0x00000000e5a00000, 0x00000000e5b00000|  0%| F|  |TAMS 0x00000000e5a00000, 0x00000000e5a00000| Untracked 
|  91|0x00000000e5b00000, 0x00000000e5b00000, 0x00000000e5c00000|  0%| F|  |TAMS 0x00000000e5b00000, 0x00000000e5b00000| Untracked 
|  92|0x00000000e5c00000, 0x00000000e5c00000, 0x00000000e5d00000|  0%| F|  |TAMS 0x00000000e5c00000, 0x00000000e5c00000| Untracked 
|  93|0x00000000e5d00000, 0x00000000e5d00000, 0x00000000e5e00000|  0%| F|  |TAMS 0x00000000e5d00000, 0x00000000e5d00000| Untracked 
|  94|0x00000000e5e00000, 0x00000000e5e00000, 0x00000000e5f00000|  0%| F|  |TAMS 0x00000000e5e00000, 0x00000000e5e00000| Untracked 
|  95|0x00000000e5f00000, 0x00000000e5f00000, 0x00000000e6000000|  0%| F|  |TAMS 0x00000000e5f00000, 0x00000000e5f00000| Untracked 
|  96|0x00000000e6000000, 0x00000000e6000000, 0x00000000e6100000|  0%| F|  |TAMS 0x00000000e6000000, 0x00000000e6000000| Untracked 
|  97|0x00000000e6100000, 0x00000000e6100000, 0x00000000e6200000|  0%| F|  |TAMS 0x00000000e6100000, 0x00000000e6100000| Untracked 
|  98|0x00000000e6200000, 0x00000000e6200000, 0x00000000e6300000|  0%| F|  |TAMS 0x00000000e6200000, 0x00000000e6200000| Untracked 
|  99|0x00000000e6300000, 0x00000000e6300000, 0x00000000e6400000|  0%| F|  |TAMS 0x00000000e6300000, 0x00000000e6300000| Untracked 
| 100|0x00000000e6400000, 0x00000000e6400000, 0x00000000e6500000|  0%| F|  |TAMS 0x00000000e6400000, 0x00000000e6400000| Untracked 
| 101|0x00000000e6500000, 0x00000000e6500000, 0x00000000e6600000|  0%| F|  |TAMS 0x00000000e6500000, 0x00000000e6500000| Untracked 
| 102|0x00000000e6600000, 0x00000000e6600000, 0x00000000e6700000|  0%| F|  |TAMS 0x00000000e6600000, 0x00000000e6600000| Untracked 
| 103|0x00000000e6700000, 0x00000000e6700000, 0x00000000e6800000|  0%| F|  |TAMS 0x00000000e6700000, 0x00000000e6700000| Untracked 
| 104|0x00000000e6800000, 0x00000000e6800000, 0x00000000e6900000|  0%| F|  |TAMS 0x00000000e6800000, 0x00000000e6800000| Untracked 
| 105|0x00000000e6900000, 0x00000000e6900000, 0x00000000e6a00000|  0%| F|  |TAMS 0x00000000e6900000, 0x00000000e6900000| Untracked 
| 106|0x00000000e6a00000, 0x00000000e6a00000, 0x00000000e6b00000|  0%| F|  |TAMS 0x00000000e6a00000, 0x00000000e6a00000| Untracked 
| 107|0x00000000e6b00000, 0x00000000e6b00000, 0x00000000e6c00000|  0%| F|  |TAMS 0x00000000e6b00000, 0x00000000e6b00000| Untracked 
| 108|0x00000000e6c00000, 0x00000000e6c00000, 0x00000000e6d00000|  0%| F|  |TAMS 0x00000000e6c00000, 0x00000000e6c00000| Untracked 
| 109|0x00000000e6d00000, 0x00000000e6d00000, 0x00000000e6e00000|  0%| F|  |TAMS 0x00000000e6d00000, 0x00000000e6d00000| Untracked 
| 110|0x00000000e6e00000, 0x00000000e6e00000, 0x00000000e6f00000|  0%| F|  |TAMS 0x00000000e6e00000, 0x00000000e6e00000| Untracked 
| 111|0x00000000e6f00000, 0x00000000e6f00000, 0x00000000e7000000|  0%| F|  |TAMS 0x00000000e6f00000, 0x00000000e6f00000| Untracked 
| 112|0x00000000e7000000, 0x00000000e7000000, 0x00000000e7100000|  0%| F|  |TAMS 0x00000000e7000000, 0x00000000e7000000| Untracked 
| 113|0x00000000e7100000, 0x00000000e7100000, 0x00000000e7200000|  0%| F|  |TAMS 0x00000000e7100000, 0x00000000e7100000| Untracked 
| 114|0x00000000e7200000, 0x00000000e7200000, 0x00000000e7300000|  0%| F|  |TAMS 0x00000000e7200000, 0x00000000e7200000| Untracked 
| 115|0x00000000e7300000, 0x00000000e7300000, 0x00000000e7400000|  0%| F|  |TAMS 0x00000000e7300000, 0x00000000e7300000| Untracked 
| 116|0x00000000e7400000, 0x00000000e7400000, 0x00000000e7500000|  0%| F|  |TAMS 0x00000000e7400000, 0x00000000e7400000| Untracked 
| 117|0x00000000e7500000, 0x00000000e7500000, 0x00000000e7600000|  0%| F|  |TAMS 0x00000000e7500000, 0x00000000e7500000| Untracked 
| 118|0x00000000e7600000, 0x00000000e7600000, 0x00000000e7700000|  0%| F|  |TAMS 0x00000000e7600000, 0x00000000e7600000| Untracked 
| 119|0x00000000e7700000, 0x00000000e7700000, 0x00000000e7800000|  0%| F|  |TAMS 0x00000000e7700000, 0x00000000e7700000| Untracked 
| 120|0x00000000e7800000, 0x00000000e7800000, 0x00000000e7900000|  0%| F|  |TAMS 0x00000000e7800000, 0x00000000e7800000| Untracked 
| 121|0x00000000e7900000, 0x00000000e7900000, 0x00000000e7a00000|  0%| F|  |TAMS 0x00000000e7900000, 0x00000000e7900000| Untracked 
| 122|0x00000000e7a00000, 0x00000000e7a00000, 0x00000000e7b00000|  0%| F|  |TAMS 0x00000000e7a00000, 0x00000000e7a00000| Untracked 
| 123|0x00000000e7b00000, 0x00000000e7b00000, 0x00000000e7c00000|  0%| F|  |TAMS 0x00000000e7b00000, 0x00000000e7b00000| Untracked 
| 124|0x00000000e7c00000, 0x00000000e7c00000, 0x00000000e7d00000|  0%| F|  |TAMS 0x00000000e7c00000, 0x00000000e7c00000| Untracked 
| 125|0x00000000e7d00000, 0x00000000e7d00000, 0x00000000e7e00000|  0%| F|  |TAMS 0x00000000e7d00000, 0x00000000e7d00000| Untracked 
| 126|0x00000000e7e00000, 0x00000000e7e00000, 0x00000000e7f00000|  0%| F|  |TAMS 0x00000000e7e00000, 0x00000000e7e00000| Untracked 
| 127|0x00000000e7f00000, 0x00000000e7f00000, 0x00000000e8000000|  0%| F|  |TAMS 0x00000000e7f00000, 0x00000000e7f00000| Untracked 
| 128|0x00000000e8000000, 0x00000000e8000000, 0x00000000e8100000|  0%| F|  |TAMS 0x00000000e8000000, 0x00000000e8000000| Untracked 
| 129|0x00000000e8100000, 0x00000000e8100000, 0x00000000e8200000|  0%| F|  |TAMS 0x00000000e8100000, 0x00000000e8100000| Untracked 
| 130|0x00000000e8200000, 0x00000000e8200000, 0x00000000e8300000|  0%| F|  |TAMS 0x00000000e8200000, 0x00000000e8200000| Untracked 
| 131|0x00000000e8300000, 0x00000000e8300000, 0x00000000e8400000|  0%| F|  |TAMS 0x00000000e8300000, 0x00000000e8300000| Untracked 
| 132|0x00000000e8400000, 0x00000000e8400000, 0x00000000e8500000|  0%| F|  |TAMS 0x00000000e8400000, 0x00000000e8400000| Untracked 
| 133|0x00000000e8500000, 0x00000000e8500000, 0x00000000e8600000|  0%| F|  |TAMS 0x00000000e8500000, 0x00000000e8500000| Untracked 
| 134|0x00000000e8600000, 0x00000000e8600000, 0x00000000e8700000|  0%| F|  |TAMS 0x00000000e8600000, 0x00000000e8600000| Untracked 
| 135|0x00000000e8700000, 0x00000000e8700000, 0x00000000e8800000|  0%| F|  |TAMS 0x00000000e8700000, 0x00000000e8700000| Untracked 
| 136|0x00000000e8800000, 0x00000000e8800000, 0x00000000e8900000|  0%| F|  |TAMS 0x00000000e8800000, 0x00000000e8800000| Untracked 
| 137|0x00000000e8900000, 0x00000000e8900000, 0x00000000e8a00000|  0%| F|  |TAMS 0x00000000e8900000, 0x00000000e8900000| Untracked 
| 138|0x00000000e8a00000, 0x00000000e8a00000, 0x00000000e8b00000|  0%| F|  |TAMS 0x00000000e8a00000, 0x00000000e8a00000| Untracked 
| 139|0x00000000e8b00000, 0x00000000e8b00000, 0x00000000e8c00000|  0%| F|  |TAMS 0x00000000e8b00000, 0x00000000e8b00000| Untracked 
| 140|0x00000000e8c00000, 0x00000000e8c00000, 0x00000000e8d00000|  0%| F|  |TAMS 0x00000000e8c00000, 0x00000000e8c00000| Untracked 
| 141|0x00000000e8d00000, 0x00000000e8db0100, 0x00000000e8e00000| 68%| S|CS|TAMS 0x00000000e8d00000, 0x00000000e8d00000| Complete 
| 142|0x00000000e8e00000, 0x00000000e8f00000, 0x00000000e8f00000|100%| S|CS|TAMS 0x00000000e8e00000, 0x00000000e8e00000| Complete 
| 143|0x00000000e8f00000, 0x00000000e9000000, 0x00000000e9000000|100%| S|CS|TAMS 0x00000000e8f00000, 0x00000000e8f00000| Complete 
| 144|0x00000000e9000000, 0x00000000e9100000, 0x00000000e9100000|100%| S|CS|TAMS 0x00000000e9000000, 0x00000000e9000000| Complete 
| 145|0x00000000e9100000, 0x00000000e9200000, 0x00000000e9200000|100%| S|CS|TAMS 0x00000000e9100000, 0x00000000e9100000| Complete 
| 146|0x00000000e9200000, 0x00000000e9300000, 0x00000000e9300000|100%| S|CS|TAMS 0x00000000e9200000, 0x00000000e9200000| Complete 
| 147|0x00000000e9300000, 0x00000000e9400000, 0x00000000e9400000|100%| S|CS|TAMS 0x00000000e9300000, 0x00000000e9300000| Complete 
| 148|0x00000000e9400000, 0x00000000e9500000, 0x00000000e9500000|100%| S|CS|TAMS 0x00000000e9400000, 0x00000000e9400000| Complete 
| 149|0x00000000e9500000, 0x00000000e9600000, 0x00000000e9600000|100%| S|CS|TAMS 0x00000000e9500000, 0x00000000e9500000| Complete 
| 150|0x00000000e9600000, 0x00000000e9600000, 0x00000000e9700000|  0%| F|  |TAMS 0x00000000e9600000, 0x00000000e9600000| Untracked 
| 151|0x00000000e9700000, 0x00000000e9700000, 0x00000000e9800000|  0%| F|  |TAMS 0x00000000e9700000, 0x00000000e9700000| Untracked 
| 152|0x00000000e9800000, 0x00000000e9800000, 0x00000000e9900000|  0%| F|  |TAMS 0x00000000e9800000, 0x00000000e9800000| Untracked 
| 153|0x00000000e9900000, 0x00000000e9900000, 0x00000000e9a00000|  0%| F|  |TAMS 0x00000000e9900000, 0x00000000e9900000| Untracked 
| 154|0x00000000e9a00000, 0x00000000e9a00000, 0x00000000e9b00000|  0%| F|  |TAMS 0x00000000e9a00000, 0x00000000e9a00000| Untracked 
| 155|0x00000000e9b00000, 0x00000000e9b00000, 0x00000000e9c00000|  0%| F|  |TAMS 0x00000000e9b00000, 0x00000000e9b00000| Untracked 
| 156|0x00000000e9c00000, 0x00000000e9c00000, 0x00000000e9d00000|  0%| F|  |TAMS 0x00000000e9c00000, 0x00000000e9c00000| Untracked 
| 157|0x00000000e9d00000, 0x00000000e9d00000, 0x00000000e9e00000|  0%| F|  |TAMS 0x00000000e9d00000, 0x00000000e9d00000| Untracked 
| 158|0x00000000e9e00000, 0x00000000e9e00000, 0x00000000e9f00000|  0%| F|  |TAMS 0x00000000e9e00000, 0x00000000e9e00000| Untracked 
| 159|0x00000000e9f00000, 0x00000000e9f00000, 0x00000000ea000000|  0%| F|  |TAMS 0x00000000e9f00000, 0x00000000e9f00000| Untracked 
| 160|0x00000000ea000000, 0x00000000ea000000, 0x00000000ea100000|  0%| F|  |TAMS 0x00000000ea000000, 0x00000000ea000000| Untracked 
| 161|0x00000000ea100000, 0x00000000ea100000, 0x00000000ea200000|  0%| F|  |TAMS 0x00000000ea100000, 0x00000000ea100000| Untracked 
| 162|0x00000000ea200000, 0x00000000ea200000, 0x00000000ea300000|  0%| F|  |TAMS 0x00000000ea200000, 0x00000000ea200000| Untracked 
| 163|0x00000000ea300000, 0x00000000ea300000, 0x00000000ea400000|  0%| F|  |TAMS 0x00000000ea300000, 0x00000000ea300000| Untracked 
| 164|0x00000000ea400000, 0x00000000ea400000, 0x00000000ea500000|  0%| F|  |TAMS 0x00000000ea400000, 0x00000000ea400000| Untracked 
| 165|0x00000000ea500000, 0x00000000ea500000, 0x00000000ea600000|  0%| F|  |TAMS 0x00000000ea500000, 0x00000000ea500000| Untracked 
| 166|0x00000000ea600000, 0x00000000ea600000, 0x00000000ea700000|  0%| F|  |TAMS 0x00000000ea600000, 0x00000000ea600000| Untracked 
| 167|0x00000000ea700000, 0x00000000ea700000, 0x00000000ea800000|  0%| F|  |TAMS 0x00000000ea700000, 0x00000000ea700000| Untracked 
| 168|0x00000000ea800000, 0x00000000ea800000, 0x00000000ea900000|  0%| F|  |TAMS 0x00000000ea800000, 0x00000000ea800000| Untracked 
| 169|0x00000000ea900000, 0x00000000ea900000, 0x00000000eaa00000|  0%| F|  |TAMS 0x00000000ea900000, 0x00000000ea900000| Untracked 
| 170|0x00000000eaa00000, 0x00000000eaa00000, 0x00000000eab00000|  0%| F|  |TAMS 0x00000000eaa00000, 0x00000000eaa00000| Untracked 
| 171|0x00000000eab00000, 0x00000000eab00000, 0x00000000eac00000|  0%| F|  |TAMS 0x00000000eab00000, 0x00000000eab00000| Untracked 
| 172|0x00000000eac00000, 0x00000000eac00000, 0x00000000ead00000|  0%| F|  |TAMS 0x00000000eac00000, 0x00000000eac00000| Untracked 
| 173|0x00000000ead00000, 0x00000000ead00000, 0x00000000eae00000|  0%| F|  |TAMS 0x00000000ead00000, 0x00000000ead00000| Untracked 
| 174|0x00000000eae00000, 0x00000000eae00000, 0x00000000eaf00000|  0%| F|  |TAMS 0x00000000eae00000, 0x00000000eae00000| Untracked 
| 175|0x00000000eaf00000, 0x00000000eaf00000, 0x00000000eb000000|  0%| F|  |TAMS 0x00000000eaf00000, 0x00000000eaf00000| Untracked 
| 176|0x00000000eb000000, 0x00000000eb000000, 0x00000000eb100000|  0%| F|  |TAMS 0x00000000eb000000, 0x00000000eb000000| Untracked 
| 177|0x00000000eb100000, 0x00000000eb100000, 0x00000000eb200000|  0%| F|  |TAMS 0x00000000eb100000, 0x00000000eb100000| Untracked 
| 178|0x00000000eb200000, 0x00000000eb200000, 0x00000000eb300000|  0%| F|  |TAMS 0x00000000eb200000, 0x00000000eb200000| Untracked 
| 179|0x00000000eb300000, 0x00000000eb300000, 0x00000000eb400000|  0%| F|  |TAMS 0x00000000eb300000, 0x00000000eb300000| Untracked 
| 180|0x00000000eb400000, 0x00000000eb400000, 0x00000000eb500000|  0%| F|  |TAMS 0x00000000eb400000, 0x00000000eb400000| Untracked 
| 181|0x00000000eb500000, 0x00000000eb500000, 0x00000000eb600000|  0%| F|  |TAMS 0x00000000eb500000, 0x00000000eb500000| Untracked 
| 182|0x00000000eb600000, 0x00000000eb600000, 0x00000000eb700000|  0%| F|  |TAMS 0x00000000eb600000, 0x00000000eb600000| Untracked 
| 183|0x00000000eb700000, 0x00000000eb700000, 0x00000000eb800000|  0%| F|  |TAMS 0x00000000eb700000, 0x00000000eb700000| Untracked 
| 184|0x00000000eb800000, 0x00000000eb800000, 0x00000000eb900000|  0%| F|  |TAMS 0x00000000eb800000, 0x00000000eb800000| Untracked 
| 185|0x00000000eb900000, 0x00000000eb900000, 0x00000000eba00000|  0%| F|  |TAMS 0x00000000eb900000, 0x00000000eb900000| Untracked 
| 186|0x00000000eba00000, 0x00000000eba00000, 0x00000000ebb00000|  0%| F|  |TAMS 0x00000000eba00000, 0x00000000eba00000| Untracked 
| 187|0x00000000ebb00000, 0x00000000ebb00000, 0x00000000ebc00000|  0%| F|  |TAMS 0x00000000ebb00000, 0x00000000ebb00000| Untracked 
| 188|0x00000000ebc00000, 0x00000000ebc00000, 0x00000000ebd00000|  0%| F|  |TAMS 0x00000000ebc00000, 0x00000000ebc00000| Untracked 
| 189|0x00000000ebd00000, 0x00000000ebe00000, 0x00000000ebe00000|100%| E|  |TAMS 0x00000000ebd00000, 0x00000000ebd00000| Complete 
| 190|0x00000000ebe00000, 0x00000000ebf00000, 0x00000000ebf00000|100%| E|CS|TAMS 0x00000000ebe00000, 0x00000000ebe00000| Complete 
| 191|0x00000000ebf00000, 0x00000000ec000000, 0x00000000ec000000|100%| E|CS|TAMS 0x00000000ebf00000, 0x00000000ebf00000| Complete 
| 192|0x00000000ec000000, 0x00000000ec100000, 0x00000000ec100000|100%| E|CS|TAMS 0x00000000ec000000, 0x00000000ec000000| Complete 
| 193|0x00000000ec100000, 0x00000000ec200000, 0x00000000ec200000|100%| E|CS|TAMS 0x00000000ec100000, 0x00000000ec100000| Complete 
| 194|0x00000000ec200000, 0x00000000ec300000, 0x00000000ec300000|100%| E|CS|TAMS 0x00000000ec200000, 0x00000000ec200000| Complete 
| 195|0x00000000ec300000, 0x00000000ec400000, 0x00000000ec400000|100%| E|CS|TAMS 0x00000000ec300000, 0x00000000ec300000| Complete 
| 196|0x00000000ec400000, 0x00000000ec500000, 0x00000000ec500000|100%| E|CS|TAMS 0x00000000ec400000, 0x00000000ec400000| Complete 
| 197|0x00000000ec500000, 0x00000000ec600000, 0x00000000ec600000|100%| E|CS|TAMS 0x00000000ec500000, 0x00000000ec500000| Complete 
| 198|0x00000000ec600000, 0x00000000ec700000, 0x00000000ec700000|100%| E|CS|TAMS 0x00000000ec600000, 0x00000000ec600000| Complete 
| 199|0x00000000ec700000, 0x00000000ec800000, 0x00000000ec800000|100%| E|CS|TAMS 0x00000000ec700000, 0x00000000ec700000| Complete 
| 200|0x00000000ec800000, 0x00000000ec900000, 0x00000000ec900000|100%| E|CS|TAMS 0x00000000ec800000, 0x00000000ec800000| Complete 
| 201|0x00000000ec900000, 0x00000000eca00000, 0x00000000eca00000|100%| E|CS|TAMS 0x00000000ec900000, 0x00000000ec900000| Complete 
| 202|0x00000000eca00000, 0x00000000ecb00000, 0x00000000ecb00000|100%| E|CS|TAMS 0x00000000eca00000, 0x00000000eca00000| Complete 
| 203|0x00000000ecb00000, 0x00000000ecc00000, 0x00000000ecc00000|100%| E|CS|TAMS 0x00000000ecb00000, 0x00000000ecb00000| Complete 
| 204|0x00000000ecc00000, 0x00000000ecd00000, 0x00000000ecd00000|100%| E|CS|TAMS 0x00000000ecc00000, 0x00000000ecc00000| Complete 
| 205|0x00000000ecd00000, 0x00000000ece00000, 0x00000000ece00000|100%| E|CS|TAMS 0x00000000ecd00000, 0x00000000ecd00000| Complete 
| 206|0x00000000ece00000, 0x00000000ecf00000, 0x00000000ecf00000|100%| E|CS|TAMS 0x00000000ece00000, 0x00000000ece00000| Complete 
| 207|0x00000000ecf00000, 0x00000000ed000000, 0x00000000ed000000|100%| E|CS|TAMS 0x00000000ecf00000, 0x00000000ecf00000| Complete 
| 208|0x00000000ed000000, 0x00000000ed100000, 0x00000000ed100000|100%| E|CS|TAMS 0x00000000ed000000, 0x00000000ed000000| Complete 
| 209|0x00000000ed100000, 0x00000000ed200000, 0x00000000ed200000|100%| E|CS|TAMS 0x00000000ed100000, 0x00000000ed100000| Complete 
| 210|0x00000000ed200000, 0x00000000ed300000, 0x00000000ed300000|100%| E|CS|TAMS 0x00000000ed200000, 0x00000000ed200000| Complete 
| 211|0x00000000ed300000, 0x00000000ed400000, 0x00000000ed400000|100%| E|CS|TAMS 0x00000000ed300000, 0x00000000ed300000| Complete 
| 212|0x00000000ed400000, 0x00000000ed500000, 0x00000000ed500000|100%| E|CS|TAMS 0x00000000ed400000, 0x00000000ed400000| Complete 
| 213|0x00000000ed500000, 0x00000000ed600000, 0x00000000ed600000|100%| E|CS|TAMS 0x00000000ed500000, 0x00000000ed500000| Complete 
| 214|0x00000000ed600000, 0x00000000ed700000, 0x00000000ed700000|100%| E|CS|TAMS 0x00000000ed600000, 0x00000000ed600000| Complete 
| 215|0x00000000ed700000, 0x00000000ed800000, 0x00000000ed800000|100%| E|  |TAMS 0x00000000ed700000, 0x00000000ed700000| Complete 
| 216|0x00000000ed800000, 0x00000000ed900000, 0x00000000ed900000|100%| E|CS|TAMS 0x00000000ed800000, 0x00000000ed800000| Complete 
| 217|0x00000000ed900000, 0x00000000eda00000, 0x00000000eda00000|100%| E|CS|TAMS 0x00000000ed900000, 0x00000000ed900000| Complete 
| 218|0x00000000eda00000, 0x00000000edb00000, 0x00000000edb00000|100%| E|CS|TAMS 0x00000000eda00000, 0x00000000eda00000| Complete 
| 219|0x00000000edb00000, 0x00000000edc00000, 0x00000000edc00000|100%| E|CS|TAMS 0x00000000edb00000, 0x00000000edb00000| Complete 
| 220|0x00000000edc00000, 0x00000000edd00000, 0x00000000edd00000|100%| E|CS|TAMS 0x00000000edc00000, 0x00000000edc00000| Complete 
| 221|0x00000000edd00000, 0x00000000ede00000, 0x00000000ede00000|100%| E|CS|TAMS 0x00000000edd00000, 0x00000000edd00000| Complete 
| 222|0x00000000ede00000, 0x00000000edf00000, 0x00000000edf00000|100%| E|CS|TAMS 0x00000000ede00000, 0x00000000ede00000| Complete 
| 223|0x00000000edf00000, 0x00000000ee000000, 0x00000000ee000000|100%| E|CS|TAMS 0x00000000edf00000, 0x00000000edf00000| Complete 
| 224|0x00000000ee000000, 0x00000000ee100000, 0x00000000ee100000|100%| E|CS|TAMS 0x00000000ee000000, 0x00000000ee000000| Complete 
| 225|0x00000000ee100000, 0x00000000ee200000, 0x00000000ee200000|100%| E|CS|TAMS 0x00000000ee100000, 0x00000000ee100000| Complete 
| 226|0x00000000ee200000, 0x00000000ee300000, 0x00000000ee300000|100%| E|CS|TAMS 0x00000000ee200000, 0x00000000ee200000| Complete 
| 227|0x00000000ee300000, 0x00000000ee400000, 0x00000000ee400000|100%| E|CS|TAMS 0x00000000ee300000, 0x00000000ee300000| Complete 
| 228|0x00000000ee400000, 0x00000000ee500000, 0x00000000ee500000|100%| E|CS|TAMS 0x00000000ee400000, 0x00000000ee400000| Complete 
| 229|0x00000000ee500000, 0x00000000ee600000, 0x00000000ee600000|100%| E|CS|TAMS 0x00000000ee500000, 0x00000000ee500000| Complete 
| 230|0x00000000ee600000, 0x00000000ee700000, 0x00000000ee700000|100%| E|CS|TAMS 0x00000000ee600000, 0x00000000ee600000| Complete 
| 231|0x00000000ee700000, 0x00000000ee800000, 0x00000000ee800000|100%| E|CS|TAMS 0x00000000ee700000, 0x00000000ee700000| Complete 
| 232|0x00000000ee800000, 0x00000000ee900000, 0x00000000ee900000|100%| E|CS|TAMS 0x00000000ee800000, 0x00000000ee800000| Complete 
| 233|0x00000000ee900000, 0x00000000eea00000, 0x00000000eea00000|100%| E|CS|TAMS 0x00000000ee900000, 0x00000000ee900000| Complete 
| 234|0x00000000eea00000, 0x00000000eeb00000, 0x00000000eeb00000|100%| E|CS|TAMS 0x00000000eea00000, 0x00000000eea00000| Complete 
| 235|0x00000000eeb00000, 0x00000000eec00000, 0x00000000eec00000|100%| E|CS|TAMS 0x00000000eeb00000, 0x00000000eeb00000| Complete 
| 236|0x00000000eec00000, 0x00000000eed00000, 0x00000000eed00000|100%| E|CS|TAMS 0x00000000eec00000, 0x00000000eec00000| Complete 
| 237|0x00000000eed00000, 0x00000000eee00000, 0x00000000eee00000|100%| E|CS|TAMS 0x00000000eed00000, 0x00000000eed00000| Complete 
| 238|0x00000000eee00000, 0x00000000eef00000, 0x00000000eef00000|100%| E|CS|TAMS 0x00000000eee00000, 0x00000000eee00000| Complete 
| 239|0x00000000eef00000, 0x00000000ef000000, 0x00000000ef000000|100%| E|CS|TAMS 0x00000000eef00000, 0x00000000eef00000| Complete 
| 240|0x00000000ef000000, 0x00000000ef100000, 0x00000000ef100000|100%| E|CS|TAMS 0x00000000ef000000, 0x00000000ef000000| Complete 
| 241|0x00000000ef100000, 0x00000000ef200000, 0x00000000ef200000|100%| E|CS|TAMS 0x00000000ef100000, 0x00000000ef100000| Complete 
| 242|0x00000000ef200000, 0x00000000ef300000, 0x00000000ef300000|100%| E|CS|TAMS 0x00000000ef200000, 0x00000000ef200000| Complete 
| 243|0x00000000ef300000, 0x00000000ef400000, 0x00000000ef400000|100%| E|CS|TAMS 0x00000000ef300000, 0x00000000ef300000| Complete 
| 244|0x00000000ef400000, 0x00000000ef500000, 0x00000000ef500000|100%| E|CS|TAMS 0x00000000ef400000, 0x00000000ef400000| Complete 
| 245|0x00000000ef500000, 0x00000000ef600000, 0x00000000ef600000|100%| E|CS|TAMS 0x00000000ef500000, 0x00000000ef500000| Complete 
| 246|0x00000000ef600000, 0x00000000ef700000, 0x00000000ef700000|100%| E|CS|TAMS 0x00000000ef600000, 0x00000000ef600000| Complete 
| 247|0x00000000ef700000, 0x00000000ef800000, 0x00000000ef800000|100%| E|CS|TAMS 0x00000000ef700000, 0x00000000ef700000| Complete 
| 248|0x00000000ef800000, 0x00000000ef900000, 0x00000000ef900000|100%| E|CS|TAMS 0x00000000ef800000, 0x00000000ef800000| Complete 
| 249|0x00000000ef900000, 0x00000000efa00000, 0x00000000efa00000|100%| E|CS|TAMS 0x00000000ef900000, 0x00000000ef900000| Complete 
| 250|0x00000000efa00000, 0x00000000efb00000, 0x00000000efb00000|100%| E|CS|TAMS 0x00000000efa00000, 0x00000000efa00000| Complete 
| 251|0x00000000efb00000, 0x00000000efc00000, 0x00000000efc00000|100%| E|CS|TAMS 0x00000000efb00000, 0x00000000efb00000| Complete 
| 252|0x00000000efc00000, 0x00000000efd00000, 0x00000000efd00000|100%| E|CS|TAMS 0x00000000efc00000, 0x00000000efc00000| Complete 
| 253|0x00000000efd00000, 0x00000000efe00000, 0x00000000efe00000|100%| E|CS|TAMS 0x00000000efd00000, 0x00000000efd00000| Complete 
| 254|0x00000000efe00000, 0x00000000eff00000, 0x00000000eff00000|100%| E|CS|TAMS 0x00000000efe00000, 0x00000000efe00000| Complete 
| 255|0x00000000eff00000, 0x00000000f0000000, 0x00000000f0000000|100%| E|CS|TAMS 0x00000000eff00000, 0x00000000eff00000| Complete 

Card table byte_map: [0x000002b62c3a0000,0x000002b62c4a0000] _byte_map_base: 0x000002b62bca0000

Marking Bits (Prev, Next): (CMBitMap*) 0x000002b6148b4090, (CMBitMap*) 0x000002b6148b4058
 Prev Bits: [0x000002b62cda0000, 0x000002b62d5a0000)
 Next Bits: [0x000002b62c5a0000, 0x000002b62cda0000)

Polling page: 0x000002b612750000

Metaspace:

Usage:
  Non-class:     69.40 MB capacity,    67.79 MB ( 98%) used,     1.37 MB (  2%) free+waste,   247.88 KB ( <1%) overhead. 
      Class:     10.79 MB capacity,     9.96 MB ( 92%) used,   727.46 KB (  7%) free+waste,   116.25 KB (  1%) overhead. 
       Both:     80.19 MB capacity,    77.75 MB ( 97%) used,     2.08 MB (  3%) free+waste,   364.13 KB ( <1%) overhead. 

Virtual space:
  Non-class space:       74.00 MB reserved,      69.62 MB ( 94%) committed 
      Class space:      248.00 MB reserved,      10.88 MB (  4%) committed 
             Both:      322.00 MB reserved,      80.50 MB ( 25%) committed 

Chunk freelists:
   Non-Class:  33.00 KB
       Class:  27.00 KB
        Both:  60.00 KB

MaxMetaspaceSize: 256.00 MB
CompressedClassSpaceSize: 248.00 MB

CodeHeap 'non-profiled nmethods': size=120000Kb used=5700Kb max_used=5776Kb free=114299Kb
 bounds [0x000002b624a40000, 0x000002b625000000, 0x000002b62bf70000]
CodeHeap 'profiled nmethods': size=120000Kb used=21361Kb max_used=21361Kb free=98638Kb
 bounds [0x000002b61d510000, 0x000002b61ea00000, 0x000002b624a40000]
CodeHeap 'non-nmethods': size=5760Kb used=2258Kb max_used=2337Kb free=3501Kb
 bounds [0x000002b61cf70000, 0x000002b61d1e0000, 0x000002b61d510000]
 total_blobs=10560 nmethods=9709 adapters=762
 compilation: enabled
              stopped_count=0, restarted_count=0
 full_count=0

Compilation events (20 events):
Event: 189.708 Thread 0x000002b63097d000 10790       3       org.gradle.util.GradleVersion::isCommitVersion (11 bytes)
Event: 189.708 Thread 0x000002b63097d000 nmethod 10790 0x000002b61e9f7b90 code [0x000002b61e9f7d60, 0x000002b61e9f7ed8]
Event: 189.712 Thread 0x000002b63097d000 10791       3       java.util.HashMap$EntrySet::size (8 bytes)
Event: 189.713 Thread 0x000002b63097d000 nmethod 10791 0x000002b61e9f8010 code [0x000002b61e9f81c0, 0x000002b61e9f82d8]
Event: 189.716 Thread 0x000002b63097d000 10792       3       org.gradle.internal.instantiation.generator.DefaultInstantiatorFactory::inject (8 bytes)
Event: 189.717 Thread 0x000002b63097d000 nmethod 10792 0x000002b61e9f8390 code [0x000002b61e9f8540, 0x000002b61e9f8678]
Event: 189.720 Thread 0x000002b63097d000 10793       1       org.gradle.invocation.DefaultGradle::getServices (5 bytes)
Event: 189.720 Thread 0x000002b63097d000 nmethod 10793 0x000002b624d03310 code [0x000002b624d034c0, 0x000002b624d03578]
Event: 189.726 Thread 0x000002b63097d000 10794   !   3       org.gradle.internal.FileUtils::canonicalize (15 bytes)
Event: 189.727 Thread 0x000002b63097d000 nmethod 10794 0x000002b61e9f8710 code [0x000002b61e9f8960, 0x000002b61e9f8fb8]
Event: 189.729 Thread 0x000002b63097d000 10795       3       java.lang.invoke.ClassSpecializer$SpeciesData::getterFunction (78 bytes)
Event: 189.730 Thread 0x000002b63097d000 nmethod 10795 0x000002b61e9f9310 code [0x000002b61e9f94e0, 0x000002b61e9f97a8]
Event: 189.735 Thread 0x000002b63097d000 10796       3       org.gradle.api.internal.project.DefaultProject_Decorated::getModelRegistry (32 bytes)
Event: 189.735 Thread 0x000002b63097d000 nmethod 10796 0x000002b61e9f9890 code [0x000002b61e9f9a60, 0x000002b61e9f9e88]
Event: 189.739 Thread 0x000002b63097d000 10797       3       org.gradle.api.internal.model.DefaultObjectFactory::named (10 bytes)
Event: 189.740 Thread 0x000002b63097d000 nmethod 10797 0x000002b61e9f9f90 code [0x000002b61e9fa140, 0x000002b61e9fa288]
Event: 189.740 Thread 0x000002b63097d000 10798       3       org.gradle.api.internal.initialization.ClassLoaderScopeIdentifier$Id::hashCode (23 bytes)
Event: 189.741 Thread 0x000002b63097d000 nmethod 10798 0x000002b61e9fa390 code [0x000002b61e9fa5a0, 0x000002b61e9faaa8]
Event: 189.799 Thread 0x000002b63096e800 nmethod 10751 0x000002b624d07990 code [0x000002b624d07c60, 0x000002b624d0a1c0]
Event: 189.799 Thread 0x000002b63096e800 10772       4       org.apache.commons.io.FilenameUtils::doNormalize (534 bytes)

GC Heap History (20 events):
Event: 7.656 GC heap before
{Heap before GC invocations=0 (full 0):
 garbage-first heap   total 262144K, used 29696K [0x00000000e0000000, 0x0000000100000000)
  region size 1024K, 24 young (24576K), 0 survivors (0K)
 Metaspace       used 10630K, capacity 10938K, committed 11264K, reserved 264192K
  class space    used 1115K, capacity 1197K, committed 1280K, reserved 253952K
}
Event: 7.663 GC heap after
{Heap after GC invocations=1 (full 0):
 garbage-first heap   total 262144K, used 8783K [0x00000000e0000000, 0x0000000100000000)
  region size 1024K, 3 young (3072K), 3 survivors (3072K)
 Metaspace       used 10630K, capacity 10938K, committed 11264K, reserved 264192K
  class space    used 1115K, capacity 1197K, committed 1280K, reserved 253952K
}
Event: 16.661 GC heap before
{Heap before GC invocations=1 (full 0):
 garbage-first heap   total 262144K, used 93775K [0x00000000e0000000, 0x0000000100000000)
  region size 1024K, 88 young (90112K), 3 survivors (3072K)
 Metaspace       used 20534K, capacity 21166K, committed 21296K, reserved 274432K
  class space    used 2500K, capacity 2688K, committed 2688K, reserved 253952K
}
Event: 16.673 GC heap after
{Heap after GC invocations=2 (full 0):
 garbage-first heap   total 262144K, used 15732K [0x00000000e0000000, 0x0000000100000000)
  region size 1024K, 10 young (10240K), 10 survivors (10240K)
 Metaspace       used 20534K, capacity 21166K, committed 21296K, reserved 274432K
  class space    used 2500K, capacity 2688K, committed 2688K, reserved 253952K
}
Event: 17.554 GC heap before
{Heap before GC invocations=3 (full 0):
 garbage-first heap   total 262144K, used 75124K [0x00000000e0000000, 0x0000000100000000)
  region size 1024K, 68 young (69632K), 10 survivors (10240K)
 Metaspace       used 26578K, capacity 27207K, committed 27440K, reserved 278528K
  class space    used 3500K, capacity 3709K, committed 3712K, reserved 253952K
}
Event: 17.564 GC heap after
{Heap after GC invocations=4 (full 0):
 garbage-first heap   total 262144K, used 17941K [0x00000000e0000000, 0x0000000100000000)
  region size 1024K, 3 young (3072K), 3 survivors (3072K)
 Metaspace       used 26578K, capacity 27207K, committed 27440K, reserved 278528K
  class space    used 3500K, capacity 3709K, committed 3712K, reserved 253952K
}
Event: 18.593 GC heap before
{Heap before GC invocations=4 (full 0):
 garbage-first heap   total 262144K, used 61973K [0x00000000e0000000, 0x0000000100000000)
  region size 1024K, 48 young (49152K), 3 survivors (3072K)
 Metaspace       used 34890K, capacity 35646K, committed 35708K, reserved 286720K
  class space    used 4565K, capacity 4862K, committed 4864K, reserved 253952K
}
Event: 18.604 GC heap after
{Heap after GC invocations=5 (full 0):
 garbage-first heap   total 262144K, used 20927K [0x00000000e0000000, 0x0000000100000000)
  region size 1024K, 6 young (6144K), 6 survivors (6144K)
 Metaspace       used 34890K, capacity 35646K, committed 35708K, reserved 286720K
  class space    used 4565K, capacity 4862K, committed 4864K, reserved 253952K
}
Event: 20.639 GC heap before
{Heap before GC invocations=6 (full 0):
 garbage-first heap   total 262144K, used 128447K [0x00000000e0000000, 0x0000000100000000)
  region size 1024K, 108 young (110592K), 6 survivors (6144K)
 Metaspace       used 44928K, capacity 46037K, committed 46076K, reserved 294912K
  class space    used 5838K, capacity 6257K, committed 6272K, reserved 253952K
}
Event: 20.655 GC heap after
{Heap after GC invocations=7 (full 0):
 garbage-first heap   total 262144K, used 27187K [0x00000000e0000000, 0x0000000100000000)
  region size 1024K, 12 young (12288K), 12 survivors (12288K)
 Metaspace       used 44928K, capacity 46037K, committed 46076K, reserved 294912K
  class space    used 5838K, capacity 6257K, committed 6272K, reserved 253952K
}
Event: 27.980 GC heap before
{Heap before GC invocations=7 (full 0):
 garbage-first heap   total 262144K, used 171571K [0x00000000e0000000, 0x0000000100000000)
  region size 1024K, 153 young (156672K), 12 survivors (12288K)
 Metaspace       used 53066K, capacity 54512K, committed 54652K, reserved 301056K
  class space    used 7048K, capacity 7602K, committed 7680K, reserved 253952K
}
Event: 27.997 GC heap after
{Heap after GC invocations=8 (full 0):
 garbage-first heap   total 262144K, used 33308K [0x00000000e0000000, 0x0000000100000000)
  region size 1024K, 16 young (16384K), 16 survivors (16384K)
 Metaspace       used 53066K, capacity 54512K, committed 54652K, reserved 301056K
  class space    used 7048K, capacity 7602K, committed 7680K, reserved 253952K
}
Event: 28.528 GC heap before
{Heap before GC invocations=8 (full 0):
 garbage-first heap   total 262144K, used 46620K [0x00000000e0000000, 0x0000000100000000)
  region size 1024K, 30 young (30720K), 16 survivors (16384K)
 Metaspace       used 58278K, capacity 59798K, committed 59900K, reserved 307200K
  class space    used 7690K, capacity 8278K, committed 8320K, reserved 253952K
}
Event: 28.561 GC heap after
{Heap after GC invocations=9 (full 0):
 garbage-first heap   total 262144K, used 36491K [0x00000000e0000000, 0x0000000100000000)
  region size 1024K, 10 young (10240K), 10 survivors (10240K)
 Metaspace       used 58278K, capacity 59798K, committed 59900K, reserved 307200K
  class space    used 7690K, capacity 8278K, committed 8320K, reserved 253952K
}
Event: 36.321 GC heap before
{Heap before GC invocations=10 (full 0):
 garbage-first heap   total 262144K, used 194187K [0x00000000e0000000, 0x0000000100000000)
  region size 1024K, 150 young (153600K), 10 survivors (10240K)
 Metaspace       used 62523K, capacity 64525K, committed 64636K, reserved 311296K
  class space    used 8169K, capacity 8942K, committed 8960K, reserved 253952K
}
Event: 36.333 GC heap after
{Heap after GC invocations=11 (full 0):
 garbage-first heap   total 262144K, used 61440K [0x00000000e0000000, 0x0000000100000000)
  region size 1024K, 19 young (19456K), 19 survivors (19456K)
 Metaspace       used 62523K, capacity 64525K, committed 64636K, reserved 311296K
  class space    used 8169K, capacity 8942K, committed 8960K, reserved 253952K
}
Event: 38.401 GC heap before
{Heap before GC invocations=11 (full 0):
 garbage-first heap   total 262144K, used 203776K [0x00000000e0000000, 0x0000000100000000)
  region size 1024K, 146 young (149504K), 19 survivors (19456K)
 Metaspace       used 69329K, capacity 71467K, committed 71548K, reserved 317440K
  class space    used 8996K, capacity 9724K, committed 9728K, reserved 253952K
}
Event: 38.429 GC heap after
{Heap after GC invocations=12 (full 0):
 garbage-first heap   total 262144K, used 88148K [0x00000000e0000000, 0x0000000100000000)
  region size 1024K, 18 young (18432K), 18 survivors (18432K)
 Metaspace       used 69329K, capacity 71467K, committed 71548K, reserved 317440K
  class space    used 8996K, capacity 9724K, committed 9728K, reserved 253952K
}
Event: 168.778 GC heap before
{Heap before GC invocations=12 (full 0):
 garbage-first heap   total 262144K, used 195668K [0x00000000e0000000, 0x0000000100000000)
  region size 1024K, 124 young (126976K), 18 survivors (18432K)
 Metaspace       used 75543K, capacity 78050K, committed 78332K, reserved 323584K
  class space    used 9730K, capacity 10577K, committed 10624K, reserved 253952K
}
Event: 168.811 GC heap after
{Heap after GC invocations=13 (full 0):
 garbage-first heap   total 262144K, used 96762K [0x00000000e0000000, 0x0000000100000000)
  region size 1024K, 9 young (9216K), 9 survivors (9216K)
 Metaspace       used 75543K, capacity 78050K, committed 78332K, reserved 323584K
  class space    used 9730K, capacity 10577K, committed 10624K, reserved 253952K
}

Deoptimization events (20 events):
Event: 169.811 Thread 0x000002b63601d000 Uncommon trap: trap_request=0xffffff4d fr.pc=0x000002b624caaaf4 relative=0x0000000000000054
Event: 169.811 Thread 0x000002b63601d000 Uncommon trap: reason=unstable_if action=reinterpret pc=0x000002b624caaaf4 method=com.amazon.ion.impl.bin.IonRawBinaryWriter$RecyclingStack.isEmpty()Z @ 4 c2
Event: 169.811 Thread 0x000002b63601d000 DEOPT PACKING pc=0x000002b624caaaf4 sp=0x000000f87a7fb2f0
Event: 169.811 Thread 0x000002b63601d000 DEOPT UNPACKING pc=0x000002b61cf974af sp=0x000000f87a7fb280 mode 2
Event: 169.815 Thread 0x000002b63601d000 Uncommon trap: trap_request=0xffffffd6 fr.pc=0x000002b624b51274 relative=0x0000000000000934
Event: 169.815 Thread 0x000002b63601d000 Uncommon trap: reason=array_check action=maybe_recompile pc=0x000002b624b51274 method=java.util.ComparableTimSort.binarySort([Ljava/lang/Object;III)V @ 183 c2
Event: 169.815 Thread 0x000002b63601d000 DEOPT PACKING pc=0x000002b624b51274 sp=0x000000f87a7f84b0
Event: 169.815 Thread 0x000002b63601d000 DEOPT UNPACKING pc=0x000002b61cf974af sp=0x000000f87a7f8460 mode 2
Event: 189.447 Thread 0x000002b63601d000 Uncommon trap: trap_request=0xffffff4d fr.pc=0x000002b624fd8eac relative=0x000000000000180c
Event: 189.447 Thread 0x000002b63601d000 Uncommon trap: reason=unstable_if action=reinterpret pc=0x000002b624fd8eac method=java.net.URLStreamHandler.sameFile(Ljava/net/URL;Ljava/net/URL;)Z @ 63 c2
Event: 189.447 Thread 0x000002b63601d000 DEOPT PACKING pc=0x000002b624fd8eac sp=0x000000f87a7fbef0
Event: 189.447 Thread 0x000002b63601d000 DEOPT UNPACKING pc=0x000002b61cf974af sp=0x000000f87a7fbdc8 mode 2
Event: 189.447 Thread 0x000002b63601d000 Uncommon trap: trap_request=0xffffff4d fr.pc=0x000002b624fdd0c4 relative=0x00000000000017a4
Event: 189.447 Thread 0x000002b63601d000 Uncommon trap: reason=unstable_if action=reinterpret pc=0x000002b624fdd0c4 method=java.net.URLStreamHandler.sameFile(Ljava/net/URL;Ljava/net/URL;)Z @ 63 c2
Event: 189.447 Thread 0x000002b63601d000 DEOPT PACKING pc=0x000002b624fdd0c4 sp=0x000000f87a7fbe50
Event: 189.447 Thread 0x000002b63601d000 DEOPT UNPACKING pc=0x000002b61cf974af sp=0x000000f87a7fbdb0 mode 2
Event: 189.661 Thread 0x000002b63601d000 DEOPT PACKING pc=0x000002b61e23d1e7 sp=0x000000f87a7f9940
Event: 189.661 Thread 0x000002b63601d000 DEOPT UNPACKING pc=0x000002b61cf972ce sp=0x000000f87a7f8e88 mode 0
Event: 189.739 Thread 0x000002b63601d000 DEOPT PACKING pc=0x000002b61e23d1e7 sp=0x000000f87a7fa810
Event: 189.739 Thread 0x000002b63601d000 DEOPT UNPACKING pc=0x000002b61cf972ce sp=0x000000f87a7f9d58 mode 0

Classes redefined (0 events):
No events

Internal exceptions (20 events):
Event: 169.250 Thread 0x000002b63601d000 Exception <a 'java/lang/ClassNotFoundException'{0x00000000eef3e648}: org/jetbrains/plugins/gradle/tooling/util/JavaPluginUtilBeanInfo> (0x00000000eef3e648) thrown at [./src/hotspot/share/classfile/systemDictionary.cpp, line 231]
Event: 169.250 Thread 0x000002b63601d000 Exception <a 'java/lang/ClassNotFoundException'{0x00000000eef4e470}: org/jetbrains/plugins/gradle/tooling/util/JavaPluginUtilCustomizer> (0x00000000eef4e470) thrown at [./src/hotspot/share/classfile/systemDictionary.cpp, line 231]
Event: 169.263 Thread 0x000002b63601d000 Exception <a 'java/lang/ClassNotFoundException'{0x00000000eefbf850}: org/jetbrains/plugins/gradle/model/DefaultExternalSourceSetBeanInfo> (0x00000000eefbf850) thrown at [./src/hotspot/share/classfile/systemDictionary.cpp, line 231]
Event: 169.263 Thread 0x000002b63601d000 Exception <a 'java/lang/ClassNotFoundException'{0x00000000eefcfa60}: org/jetbrains/plugins/gradle/model/DefaultExternalSourceSetCustomizer> (0x00000000eefcfa60) thrown at [./src/hotspot/share/classfile/systemDictionary.cpp, line 231]
Event: 169.268 Thread 0x000002b63601d000 Exception <a 'java/lang/ClassNotFoundException'{0x00000000eee27498}: org/jetbrains/plugins/gradle/model/DefaultExternalSourceDirectorySetBeanInfo> (0x00000000eee27498) thrown at [./src/hotspot/share/classfile/systemDictionary.cpp, line 231]
Event: 169.269 Thread 0x000002b63601d000 Exception <a 'java/lang/ClassNotFoundException'{0x00000000eee380a0}: org/jetbrains/plugins/gradle/model/DefaultExternalSourceDirectorySetCustomizer> (0x00000000eee380a0) thrown at [./src/hotspot/share/classfile/systemDictionary.cpp, line 231]
Event: 169.281 Thread 0x000002b63601d000 Exception <a 'java/lang/ClassNotFoundException'{0x00000000eee92120}: com/intellij/openapi/externalSystem/model/project/ExternalSystemSourceTypeBeanInfo> (0x00000000eee92120) thrown at [./src/hotspot/share/classfile/systemDictionary.cpp, line 231]
Event: 169.281 Thread 0x000002b63601d000 Exception <a 'java/lang/ClassNotFoundException'{0x00000000eeea35e0}: com/intellij/openapi/externalSystem/model/project/ExternalSystemSourceTypeCustomizer> (0x00000000eeea35e0) thrown at [./src/hotspot/share/classfile/systemDictionary.cpp, line 231]
Event: 169.284 Thread 0x000002b63601d000 Exception <a 'java/lang/ClassNotFoundException'{0x00000000eeed6da8}: org/jetbrains/plugins/gradle/tooling/util/resolve/DependencyResolverImplBeanInfo> (0x00000000eeed6da8) thrown at [./src/hotspot/share/classfile/systemDictionary.cpp, line 231]
Event: 169.285 Thread 0x000002b63601d000 Exception <a 'java/lang/ClassNotFoundException'{0x00000000eeee7e90}: org/jetbrains/plugins/gradle/tooling/util/resolve/DependencyResolverImplCustomizer> (0x00000000eeee7e90) thrown at [./src/hotspot/share/classfile/systemDictionary.cpp, line 231]
Event: 189.487 Thread 0x000002b63601f800 Exception <a 'sun/nio/fs/WindowsException'{0x00000000ec555c80}> (0x00000000ec555c80) thrown at [./src/hotspot/share/prims/jni.cpp, line 615]
Event: 189.488 Thread 0x000002b63601f800 Exception <a 'sun/nio/fs/WindowsException'{0x00000000ec555e60}> (0x00000000ec555e60) thrown at [./src/hotspot/share/prims/jni.cpp, line 615]
Event: 189.561 Thread 0x000002b63601d000 Exception <a 'java/lang/ClassNotFoundException'{0x00000000ec5d9250}: sync_studio_tooling1071_91gwgrqg8inxk71j5yqw6dyvzBeanInfo> (0x00000000ec5d9250) thrown at [./src/hotspot/share/classfile/systemDictionary.cpp, line 231]
Event: 189.562 Thread 0x000002b63601d000 Exception <a 'java/lang/ClassNotFoundException'{0x00000000ec5e45d0}: sync_studio_tooling1071_91gwgrqg8inxk71j5yqw6dyvzCustomizer> (0x00000000ec5e45d0) thrown at [./src/hotspot/share/classfile/systemDictionary.cpp, line 231]
Event: 189.569 Thread 0x000002b63601d000 Exception <a 'java/lang/ClassNotFoundException'{0x00000000ec4316b0}: sync_studio_tooling1071_91gwgrqg8inxk71j5yqw6dyvz$_run_closure1BeanInfo> (0x00000000ec4316b0) thrown at [./src/hotspot/share/classfile/systemDictionary.cpp, line 231]
Event: 189.570 Thread 0x000002b63601d000 Exception <a 'java/lang/ClassNotFoundException'{0x00000000ec437ad0}: sync_studio_tooling1071_91gwgrqg8inxk71j5yqw6dyvz$_run_closure1Customizer> (0x00000000ec437ad0) thrown at [./src/hotspot/share/classfile/systemDictionary.cpp, line 231]
Event: 189.594 Thread 0x000002b63601f000 Exception <a 'sun/nio/fs/WindowsException'{0x00000000ec4d79e8}> (0x00000000ec4d79e8) thrown at [./src/hotspot/share/prims/jni.cpp, line 615]
Event: 189.598 Thread 0x000002b63601f000 Exception <a 'sun/nio/fs/WindowsException'{0x00000000ec4d7bb8}> (0x00000000ec4d7bb8) thrown at [./src/hotspot/share/prims/jni.cpp, line 615]
Event: 189.642 Thread 0x000002b63601d000 Exception <a 'java/lang/ClassNotFoundException'{0x00000000ec348e78}: sync_studio_tooling1071_91gwgrqg8inxk71j5yqw6dyvzBeanInfo> (0x00000000ec348e78) thrown at [./src/hotspot/share/classfile/systemDictionary.cpp, line 231]
Event: 189.642 Thread 0x000002b63601d000 Exception <a 'java/lang/ClassNotFoundException'{0x00000000ec354198}: sync_studio_tooling1071_91gwgrqg8inxk71j5yqw6dyvzCustomizer> (0x00000000ec354198) thrown at [./src/hotspot/share/classfile/systemDictionary.cpp, line 231]

Events (20 events):
Event: 189.827 loading class org/codehaus/groovy/control/ClassNodeResolver$1
Event: 189.827 loading class org/codehaus/groovy/control/ClassNodeResolver$1 done
Event: 189.828 loading class org/codehaus/groovy/control/StaticImportVisitor
Event: 189.828 loading class org/codehaus/groovy/control/StaticImportVisitor done
Event: 189.830 loading class org/codehaus/groovy/ast/expr/StaticMethodCallExpression
Event: 189.830 loading class org/codehaus/groovy/ast/expr/StaticMethodCallExpression done
Event: 189.831 loading class org/codehaus/groovy/ast/expr/MapEntryExpression
Event: 189.831 loading class org/codehaus/groovy/ast/expr/MapEntryExpression done
Event: 189.832 loading class org/codehaus/groovy/ast/expr/EmptyExpression
Event: 189.832 loading class org/codehaus/groovy/ast/expr/EmptyExpression done
Event: 189.832 loading class org/codehaus/groovy/control/OptimizerVisitor
Event: 189.832 loading class org/codehaus/groovy/control/OptimizerVisitor done
Event: 189.834 loading class org/codehaus/groovy/transform/ASTTransformationVisitor
Event: 189.834 loading class org/codehaus/groovy/transform/ASTTransformationVisitor done
Event: 189.836 loading class org/codehaus/groovy/transform/ASTTransformationVisitor$1
Event: 189.836 loading class org/codehaus/groovy/transform/ASTTransformationVisitor$1 done
Event: 189.836 loading class org/codehaus/groovy/transform/ASTTransformationVisitor$2
Event: 189.836 loading class org/codehaus/groovy/transform/ASTTransformationVisitor$2 done
Event: 189.837 loading class org/codehaus/groovy/transform/ASTTransformationVisitor$3
Event: 189.837 loading class org/codehaus/groovy/transform/ASTTransformationVisitor$3 done


Dynamic libraries:
0x00007ff663460000 - 0x00007ff66346d000 	C:\Users\Lap\.jdks\corretto-11.0.9.1\bin\java.exe
0x00007fff5f190000 - 0x00007fff5f37d000 	C:\Windows\SYSTEM32\ntdll.dll
0x00007fff5d750000 - 0x00007fff5d803000 	C:\Windows\System32\KERNEL32.DLL
0x00007fff5bf90000 - 0x00007fff5c225000 	C:\Windows\System32\KERNELBASE.dll
0x00007fff5be70000 - 0x00007fff5bf6a000 	C:\Windows\System32\ucrtbase.dll
0x00007fff54880000 - 0x00007fff54897000 	C:\Users\Lap\.jdks\corretto-11.0.9.1\bin\jli.dll
0x00007fff54860000 - 0x00007fff54875000 	C:\Users\Lap\.jdks\corretto-11.0.9.1\bin\VCRUNTIME140.dll
0x00007fff5d3a0000 - 0x00007fff5d537000 	C:\Windows\System32\USER32.dll
0x00007fff493e0000 - 0x00007fff49659000 	C:\Windows\WinSxS\amd64_microsoft.windows.common-controls_6595b64144ccf1df_6.0.17763.1637_none_de704308534c3ec5\COMCTL32.dll
0x00007fff5c390000 - 0x00007fff5c3b0000 	C:\Windows\System32\win32u.dll
0x00007fff5d6b0000 - 0x00007fff5d6d9000 	C:\Windows\System32\GDI32.dll
0x00007fff5dbc0000 - 0x00007fff5dc5e000 	C:\Windows\System32\msvcrt.dll
0x00007fff5bcd0000 - 0x00007fff5be6c000 	C:\Windows\System32\gdi32full.dll
0x00007fff5c9c0000 - 0x00007fff5ccee000 	C:\Windows\System32\combase.dll
0x00007fff5b4d0000 - 0x00007fff5b570000 	C:\Windows\System32\msvcp_win.dll
0x00007fff5d810000 - 0x00007fff5d932000 	C:\Windows\System32\RPCRT4.dll
0x00007fff5c230000 - 0x00007fff5c2af000 	C:\Windows\System32\bcryptPrimitives.dll
0x00007fff5c680000 - 0x00007fff5c6ae000 	C:\Windows\System32\IMM32.DLL
0x00007fff45ed0000 - 0x00007fff45f6b000 	C:\Users\Lap\.jdks\corretto-11.0.9.1\bin\msvcp140.dll
0x00007fff20820000 - 0x00007fff21364000 	C:\Users\Lap\.jdks\corretto-11.0.9.1\bin\server\jvm.dll
0x00007fff5c890000 - 0x00007fff5c933000 	C:\Windows\System32\ADVAPI32.dll
0x00007fff5c770000 - 0x00007fff5c80f000 	C:\Windows\System32\sechost.dll
0x00007fff5d330000 - 0x00007fff5d338000 	C:\Windows\System32\PSAPI.DLL
0x00007fff458f0000 - 0x00007fff458f9000 	C:\Windows\SYSTEM32\WSOCK32.dll
0x00007fff58e50000 - 0x00007fff58e74000 	C:\Windows\SYSTEM32\WINMM.dll
0x00007fff56750000 - 0x00007fff5675a000 	C:\Windows\SYSTEM32\VERSION.dll
0x00007fff5d6e0000 - 0x00007fff5d74d000 	C:\Windows\System32\WS2_32.dll
0x00007fff58d00000 - 0x00007fff58d2d000 	C:\Windows\SYSTEM32\winmmbase.dll
0x00007fff5b480000 - 0x00007fff5b4ca000 	C:\Windows\System32\cfgmgr32.dll
0x00007fff5b190000 - 0x00007fff5b1a1000 	C:\Windows\System32\kernel.appcore.dll
0x00007fff54850000 - 0x00007fff54860000 	C:\Users\Lap\.jdks\corretto-11.0.9.1\bin\verify.dll
0x00007fff59b00000 - 0x00007fff59ced000 	C:\Windows\SYSTEM32\DBGHELP.DLL
0x00007fff41a30000 - 0x00007fff41a5a000 	C:\Windows\SYSTEM32\dbgcore.DLL
0x00007fff54820000 - 0x00007fff54848000 	C:\Users\Lap\.jdks\corretto-11.0.9.1\bin\java.dll
0x00007fff502c0000 - 0x00007fff502ca000 	C:\Users\Lap\.jdks\corretto-11.0.9.1\bin\jimage.dll
0x00007fff4ffe0000 - 0x00007fff4fff7000 	C:\Users\Lap\.jdks\corretto-11.0.9.1\bin\zip.dll
0x00007fff5dc60000 - 0x00007fff5f159000 	C:\Windows\System32\SHELL32.dll
0x00007fff5c5d0000 - 0x00007fff5c678000 	C:\Windows\System32\shcore.dll
0x00007fff5b570000 - 0x00007fff5bcc3000 	C:\Windows\System32\windows.storage.dll
0x00007fff5b1b0000 - 0x00007fff5b1d4000 	C:\Windows\System32\profapi.dll
0x00007fff5b1e0000 - 0x00007fff5b23d000 	C:\Windows\System32\powrprof.dll
0x00007fff5d180000 - 0x00007fff5d1d2000 	C:\Windows\System32\shlwapi.dll
0x00007fff5bf70000 - 0x00007fff5bf87000 	C:\Windows\System32\cryptsp.dll
0x00007fff4f820000 - 0x00007fff4f839000 	C:\Users\Lap\.jdks\corretto-11.0.9.1\bin\net.dll
0x00007fff4c2c0000 - 0x00007fff4c3b4000 	C:\Windows\SYSTEM32\WINHTTP.dll
0x00007fff5a9e0000 - 0x00007fff5aa47000 	C:\Windows\system32\mswsock.dll
0x00007fff48750000 - 0x00007fff48762000 	C:\Users\Lap\.jdks\corretto-11.0.9.1\bin\nio.dll
0x00007fff46920000 - 0x00007fff46947000 	C:\Users\Lap\.gradle\native\fdc75f09e3144964f2cf3f50f0aa648679c211496f362492102eb8c894070792\windows-amd64\native-platform.dll
0x00007fff27d50000 - 0x00007fff27ee6000 	C:\Users\Lap\.gradle\native\12488b8bf47d2d4c9fbf2f6322a914ad602e24e48041cd04a747c6da556b65c4\windows-amd64\native-platform-file-events.dll
0x00007fff50160000 - 0x00007fff50169000 	C:\Users\Lap\.jdks\corretto-11.0.9.1\bin\management.dll
0x00007fff4f7f0000 - 0x00007fff4f7fb000 	C:\Users\Lap\.jdks\corretto-11.0.9.1\bin\management_ext.dll
0x00007fff5a560000 - 0x00007fff5a593000 	C:\Windows\system32\rsaenh.dll
0x00007fff5c360000 - 0x00007fff5c386000 	C:\Windows\System32\bcrypt.dll
0x00007fff5b0a0000 - 0x00007fff5b0c9000 	C:\Windows\SYSTEM32\USERENV.dll
0x00007fff5abb0000 - 0x00007fff5abbc000 	C:\Windows\SYSTEM32\CRYPTBASE.dll
0x00007fff5a700000 - 0x00007fff5a73d000 	C:\Windows\SYSTEM32\IPHLPAPI.DLL
0x00007fff5ccf0000 - 0x00007fff5ccf8000 	C:\Windows\System32\NSI.dll
0x00007fff4e890000 - 0x00007fff4e8a6000 	C:\Windows\SYSTEM32\dhcpcsvc6.DLL
0x00007fff4e960000 - 0x00007fff4e97c000 	C:\Windows\SYSTEM32\dhcpcsvc.DLL
0x00007fff5a740000 - 0x00007fff5a806000 	C:\Windows\SYSTEM32\DNSAPI.dll
0x00007fff4f730000 - 0x00007fff4f73b000 	C:\Windows\SYSTEM32\WINNSI.DLL

dbghelp: loaded successfully - version: 4.0.5 - missing functions: none
symbol engine: initialized successfully - sym options: 0x614 - pdb path: .;C:\Users\Lap\.jdks\corretto-11.0.9.1\bin;C:\Windows\SYSTEM32;C:\Windows\WinSxS\amd64_microsoft.windows.common-controls_6595b64144ccf1df_6.0.17763.1637_none_de704308534c3ec5;C:\Users\Lap\.jdks\corretto-11.0.9.1\bin\server;C:\Users\Lap\.gradle\native\fdc75f09e3144964f2cf3f50f0aa648679c211496f362492102eb8c894070792\windows-amd64;C:\Users\Lap\.gradle\native\12488b8bf47d2d4c9fbf2f6322a914ad602e24e48041cd04a747c6da556b65c4\windows-amd64

VM Arguments:
jvm_args: --add-opens=java.base/java.util=ALL-UNNAMED --add-opens=java.base/java.lang=ALL-UNNAMED --add-opens=java.base/java.lang.invoke=ALL-UNNAMED --add-opens=java.prefs/java.util.prefs=ALL-UNNAMED -XX:MaxMetaspaceSize=256m -XX:+HeapDumpOnOutOfMemoryError -Xms256m -Xmx512m -Dfile.encoding=windows-1251 -Duser.country=RU -Duser.language=ru -Duser.variant 
java_command: org.gradle.launcher.daemon.bootstrap.GradleDaemon 6.8
java_class_path (initial): C:\Users\Lap\.gradle\wrapper\dists\gradle-6.8-bin\1jblhjyydfkclfzx1agp92nyl\gradle-6.8\lib\gradle-launcher-6.8.jar
Launcher Type: SUN_STANDARD

[Global flags]
     intx CICompilerCount                          = 4                                         {product} {ergonomic}
   size_t CompressedClassSpaceSize                 = 260046848                                 {product} {ergonomic}
     uint ConcGCThreads                            = 2                                         {product} {ergonomic}
     uint G1ConcRefinementThreads                  = 8                                         {product} {ergonomic}
   size_t G1HeapRegionSize                         = 1048576                                   {product} {ergonomic}
    uintx GCDrainStackTargetSize                   = 64                                        {product} {ergonomic}
     bool HeapDumpOnOutOfMemoryError               = true                                   {manageable} {command line}
   size_t InitialHeapSize                          = 268435456                                 {product} {command line}
   size_t MarkStackSize                            = 4194304                                   {product} {ergonomic}
   size_t MaxHeapSize                              = 536870912                                 {product} {command line}
   size_t MaxMetaspaceSize                         = 268435456                                 {product} {command line}
   size_t MaxNewSize                               = 321912832                                 {product} {ergonomic}
   size_t MinHeapDeltaBytes                        = 1048576                                   {product} {ergonomic}
    uintx NonNMethodCodeHeapSize                   = 5836300                                {pd product} {ergonomic}
    uintx NonProfiledCodeHeapSize                  = 122910970                              {pd product} {ergonomic}
    uintx ProfiledCodeHeapSize                     = 122910970                              {pd product} {ergonomic}
    uintx ReservedCodeCacheSize                    = 251658240                              {pd product} {ergonomic}
     bool SegmentedCodeCache                       = true                                      {product} {ergonomic}
     bool UseCompressedClassPointers               = true                                 {lp64_product} {ergonomic}
     bool UseCompressedOops                        = true                                 {lp64_product} {ergonomic}
     bool UseG1GC                                  = true                                      {product} {ergonomic}
     bool UseLargePagesIndividualAllocation        = false                                  {pd product} {ergonomic}

Logging:
Log output configuration:
 #0: stdout all=warning uptime,level,tags
 #1: stderr all=off uptime,level,tags

Environment Variables:
PATH=C:\Program Files (x86)\Common Files\Oracle\Java\javapath;C:\Windows\system32;C:\Windows;C:\Windows\System32\Wbem;C:\Windows\System32\WindowsPowerShell\v1.0\;C:\Windows\System32\OpenSSH\;C:\Program Files\Git\cmd;C:\Program Files\Microsoft VS Code\bin;C:\Users\Lap\AppData\Local\Microsoft\WindowsApps;
USERNAME=Lap
OS=Windows_NT
PROCESSOR_IDENTIFIER=Intel64 Family 6 Model 142 Stepping 10, GenuineIntel



---------------  S Y S T E M  ---------------

OS: Windows 10 , 64 bit Build 17763 (10.0.17763.475)
OS uptime: 3 days 23:26 hours

CPU:total 8 (initial active 8) (4 cores per cpu, 2 threads per core) family 6 model 142 stepping 10, cmov, cx8, fxsr, mmx, sse, sse2, sse3, ssse3, sse4.1, sse4.2, popcnt, avx, avx2, aes, clmul, erms, 3dnowpref, lzcnt, ht, tsc, tscinvbit, bmi1, bmi2, adx, fma

Memory: 4k page, system-wide physical 8074M (1700M free)
TotalPageFile size 10122M (AvailPageFile size 3M)
current process WorkingSet (physical memory assigned to process): 473M, peak: 517M
current process commit charge ("private bytes"): 520M, peak: 562M

vm_info: OpenJDK 64-Bit Server VM (11.0.9.1+12-LTS) for windows-amd64 JRE (11.0.9.1+12-LTS), built on Nov  4 2020 10:17:53 by "Administrator" with MS VC++ 15.9 (VS2017)

END.
