#
# There is insufficient memory for the Java Runtime Environment to continue.
# Native memory allocation (malloc) failed to allocate 1377136 bytes for Chunk::new
# Possible reasons:
#   The system is out of physical RAM or swap space
#   The process is running with CompressedOops enabled, and the Java Heap may be blocking the growth of the native heap
# Possible solutions:
#   Reduce memory load on the system
#   Increase physical memory or swap space
#   Check if swap backing store is full
#   Decrease Java heap size (-Xmx/-Xms)
#   Decrease number of Java threads
#   Decrease Java thread stack sizes (-Xss)
#   Set larger code cache with -XX:ReservedCodeCacheSize=
#   JVM is running with Unscaled Compressed Oops mode in which the Java heap is
#     placed in the first 4GB address space. The Java Heap base address is the
#     maximum limit for the native heap growth. Please use -XX:HeapBaseMinAddress
#     to set the Java Heap base and to place the Java Heap above 4GB virtual address.
# This output file may be truncated or incomplete.
#
#  Out of Memory Error (./src/hotspot/share/memory/arena.cpp:197), pid=7296, tid=7324
#
# JRE version: OpenJDK Runtime Environment Corretto-11.0.9.12.1 (11.0.9.1+12) (build 11.0.9.1+12-LTS)
# Java VM: OpenJDK 64-Bit Server VM Corretto-11.0.9.12.1 (11.0.9.1+12-LTS, mixed mode, tiered, compressed oops, g1 gc, windows-amd64)
# No core dump will be written. Minidumps are not enabled by default on client versions of Windows
#

---------------  S U M M A R Y ------------

Command Line: -XX:MaxMetaspaceSize=256m -XX:+HeapDumpOnOutOfMemoryError --add-opens=java.base/java.util=ALL-UNNAMED --add-opens=java.base/java.lang=ALL-UNNAMED --add-opens=java.base/java.lang.invoke=ALL-UNNAMED --add-opens=java.prefs/java.util.prefs=ALL-UNNAMED -Xms256m -Xmx512m -Dfile.encoding=windows-1251 -Duser.country=RU -Duser.language=ru -Duser.variant org.gradle.launcher.daemon.bootstrap.GradleDaemon 6.8

Host: Intel(R) Core(TM) i7-8550U CPU @ 1.80GHz, 8 cores, 7G,  Windows 10 , 64 bit Build 17763 (10.0.17763.475)
Time: Sat Jun  5 21:22:50 2021 RTZ 2 (ceia) elapsed time: 21.463795 seconds (0d 0h 0m 21s)

---------------  T H R E A D  ---------------

Current thread (0x000002a0daa3d000):  JavaThread "C2 CompilerThread0" daemon [_thread_in_native, id=7324, stack(0x000000f6bc800000,0x000000f6bc900000)]


Current CompileTask:
C2:  21463 5100       4       org.objectweb.asm.SymbolTable::addConstantMemberReference (147 bytes)

Stack: [0x000000f6bc800000,0x000000f6bc900000]
Native frames: (J=compiled Java code, j=interpreted, Vv=VM code, C=native code)
V  [jvm.dll+0x5f504a]
V  [jvm.dll+0x77d3ee]
V  [jvm.dll+0x77eabf]
V  [jvm.dll+0x77f183]
V  [jvm.dll+0x247668]
V  [jvm.dll+0xbe2bc]
V  [jvm.dll+0xbe9bc]
V  [jvm.dll+0x34cf42]
V  [jvm.dll+0x31ac93]
V  [jvm.dll+0x319fca]
V  [jvm.dll+0x201105]
V  [jvm.dll+0x2002bf]
V  [jvm.dll+0x184fbc]
V  [jvm.dll+0x20f697]
V  [jvm.dll+0x20d87b]
V  [jvm.dll+0x741ca9]
V  [jvm.dll+0x73ad54]
V  [jvm.dll+0x5f3f76]
C  [ucrtbase.dll+0x2268a]
C  [KERNEL32.DLL+0x17974]
C  [ntdll.dll+0x5a0b1]


---------------  P R O C E S S  ---------------

Threads class SMR info:
_java_thread_list=0x000002a0de8e53c0, length=52, elements={
0x000002a0be93b000, 0x000002a0da0d9800, 0x000002a0da0e2800, 0x000002a0daa37000,
0x000002a0daa3a000, 0x000002a0daa3d000, 0x000002a0daa4c800, 0x000002a0daa70800,
0x000002a0dabb9000, 0x000002a0dabdc000, 0x000002a0dd252000, 0x000002a0dcff7800,
0x000002a0dc016800, 0x000002a0dbe90000, 0x000002a0dbe90800, 0x000002a0dce90000,
0x000002a0dce91000, 0x000002a0db60a800, 0x000002a0db60b000, 0x000002a0dce96000,
0x000002a0dce92000, 0x000002a0dce93000, 0x000002a0dce97000, 0x000002a0dce98000,
0x000002a0dce93800, 0x000002a0dce94800, 0x000002a0dce98800, 0x000002a0dbe44000,
0x000002a0dbe43000, 0x000002a0dbe48000, 0x000002a0dbe44800, 0x000002a0dbe42800,
0x000002a0dbe49800, 0x000002a0dbe49000, 0x000002a0dbe45800, 0x000002a0dbe4a800,
0x000002a0dbe4b000, 0x000002a0dbe4c000, 0x000002a0dbe46800, 0x000002a0dbe4d000,
0x000002a0dbe47000, 0x000002a0dbe4e800, 0x000002a0dbe4d800, 0x000002a0dbe4f800,
0x000002a0dbe50000, 0x000002a0dce95800, 0x000002a0dd41a800, 0x000002a0dd416800,
0x000002a0dd41e000, 0x000002a0dd418000, 0x000002a0dd41a000, 0x000002a0dd419000
}

Java Threads: ( => current thread )
  0x000002a0be93b000 JavaThread "main" [_thread_blocked, id=7152, stack(0x000000f6bbd00000,0x000000f6bbe00000)]
  0x000002a0da0d9800 JavaThread "Reference Handler" daemon [_thread_blocked, id=4288, stack(0x000000f6bc400000,0x000000f6bc500000)]
  0x000002a0da0e2800 JavaThread "Finalizer" daemon [_thread_blocked, id=7116, stack(0x000000f6bc500000,0x000000f6bc600000)]
  0x000002a0daa37000 JavaThread "Signal Dispatcher" daemon [_thread_blocked, id=2944, stack(0x000000f6bc600000,0x000000f6bc700000)]
  0x000002a0daa3a000 JavaThread "Attach Listener" daemon [_thread_blocked, id=12216, stack(0x000000f6bc700000,0x000000f6bc800000)]
=>0x000002a0daa3d000 JavaThread "C2 CompilerThread0" daemon [_thread_in_native, id=7324, stack(0x000000f6bc800000,0x000000f6bc900000)]
  0x000002a0daa4c800 JavaThread "C1 CompilerThread0" daemon [_thread_blocked, id=6000, stack(0x000000f6bc900000,0x000000f6bca00000)]
  0x000002a0daa70800 JavaThread "Sweeper thread" daemon [_thread_blocked, id=10936, stack(0x000000f6bca00000,0x000000f6bcb00000)]
  0x000002a0dabb9000 JavaThread "Common-Cleaner" daemon [_thread_blocked, id=3160, stack(0x000000f6bcb00000,0x000000f6bcc00000)]
  0x000002a0dabdc000 JavaThread "Service Thread" daemon [_thread_blocked, id=7988, stack(0x000000f6bcc00000,0x000000f6bcd00000)]
  0x000002a0dd252000 JavaThread "Daemon health stats" [_thread_blocked, id=972, stack(0x000000f6bd500000,0x000000f6bd600000)]
  0x000002a0dcff7800 JavaThread "Incoming local TCP Connector on port 12172" [_thread_in_native, id=10996, stack(0x000000f6bd600000,0x000000f6bd700000)]
  0x000002a0dc016800 JavaThread "Daemon periodic checks" [_thread_blocked, id=6580, stack(0x000000f6bd700000,0x000000f6bd800000)]
  0x000002a0dbe90000 JavaThread "Daemon" [_thread_blocked, id=6564, stack(0x000000f6bd800000,0x000000f6bd900000)]
  0x000002a0dbe90800 JavaThread "Handler for socket connection from /127.0.0.1:12172 to /127.0.0.1:12173" [_thread_in_native, id=8236, stack(0x000000f6bd900000,0x000000f6bda00000)]
  0x000002a0dce90000 JavaThread "Cancel handler" [_thread_blocked, id=12212, stack(0x000000f6bda00000,0x000000f6bdb00000)]
  0x000002a0dce91000 JavaThread "Daemon worker" [_thread_in_vm, id=3340, stack(0x000000f6bdb00000,0x000000f6bdc00000)]
  0x000002a0db60a800 JavaThread "Asynchronous log dispatcher for DefaultDaemonConnection: socket connection from /127.0.0.1:12172 to /127.0.0.1:12173" [_thread_blocked, id=9624, stack(0x000000f6bdd00000,0x000000f6bde00000)]
  0x000002a0db60b000 JavaThread "Stdin handler" [_thread_blocked, id=11720, stack(0x000000f6bde00000,0x000000f6bdf00000)]
  0x000002a0dce96000 JavaThread "Daemon client event forwarder" [_thread_blocked, id=2284, stack(0x000000f6bdf00000,0x000000f6be000000)]
  0x000002a0dce92000 JavaThread "Cache worker for file hash cache (C:\Users\Lap\.gradle\caches\6.8\fileHashes)" [_thread_blocked, id=7272, stack(0x000000f6be000000,0x000000f6be100000)]
  0x000002a0dce93000 JavaThread "File lock request listener" [_thread_in_native, id=11588, stack(0x000000f6be100000,0x000000f6be200000)]
  0x000002a0dce97000 JavaThread "Cache worker for journal cache (C:\Users\Lap\.gradle\caches\journal-1)" [_thread_blocked, id=4504, stack(0x000000f6be400000,0x000000f6be500000)]
  0x000002a0dce98000 JavaThread "File lock release action executor" [_thread_blocked, id=10208, stack(0x000000f6be500000,0x000000f6be600000)]
  0x000002a0dce93800 JavaThread "Cache worker for file hash cache (D:\car-sales-project\.gradle\6.8\fileHashes)" [_thread_blocked, id=1436, stack(0x000000f6be700000,0x000000f6be800000)]
  0x000002a0dce94800 JavaThread "jar transforms" [_thread_blocked, id=9756, stack(0x000000f6be800000,0x000000f6be900000)]
  0x000002a0dce98800 JavaThread "jar transforms Thread 2" [_thread_blocked, id=5668, stack(0x000000f6be900000,0x000000f6bea00000)]
  0x000002a0dbe44000 JavaThread "jar transforms Thread 3" [_thread_blocked, id=8720, stack(0x000000f6bea00000,0x000000f6beb00000)]
  0x000002a0dbe43000 JavaThread "jar transforms Thread 4" [_thread_blocked, id=8144, stack(0x000000f6beb00000,0x000000f6bec00000)]
  0x000002a0dbe48000 JavaThread "jar transforms Thread 5" [_thread_blocked, id=7976, stack(0x000000f6bec00000,0x000000f6bed00000)]
  0x000002a0dbe44800 JavaThread "jar transforms Thread 6" [_thread_blocked, id=11956, stack(0x000000f6bed00000,0x000000f6bee00000)]
  0x000002a0dbe42800 JavaThread "jar transforms Thread 7" [_thread_blocked, id=560, stack(0x000000f6bee00000,0x000000f6bef00000)]
  0x000002a0dbe49800 JavaThread "jar transforms Thread 8" [_thread_blocked, id=6560, stack(0x000000f6bef00000,0x000000f6bf000000)]
  0x000002a0dbe49000 JavaThread "jar transforms Thread 9" [_thread_blocked, id=4940, stack(0x000000f6bf000000,0x000000f6bf100000)]
  0x000002a0dbe45800 JavaThread "jar transforms Thread 10" [_thread_blocked, id=2680, stack(0x000000f6bf100000,0x000000f6bf200000)]
  0x000002a0dbe4a800 JavaThread "jar transforms Thread 11" [_thread_blocked, id=11600, stack(0x000000f6bf200000,0x000000f6bf300000)]
  0x000002a0dbe4b000 JavaThread "jar transforms Thread 12" [_thread_blocked, id=5704, stack(0x000000f6bf300000,0x000000f6bf400000)]
  0x000002a0dbe4c000 JavaThread "jar transforms Thread 13" [_thread_blocked, id=11124, stack(0x000000f6bf400000,0x000000f6bf500000)]
  0x000002a0dbe46800 JavaThread "jar transforms Thread 14" [_thread_blocked, id=9912, stack(0x000000f6bf500000,0x000000f6bf600000)]
  0x000002a0dbe4d000 JavaThread "jar transforms Thread 15" [_thread_blocked, id=7492, stack(0x000000f6bf600000,0x000000f6bf700000)]
  0x000002a0dbe47000 JavaThread "jar transforms Thread 16" [_thread_blocked, id=9476, stack(0x000000f6bf700000,0x000000f6bf800000)]
  0x000002a0dbe4e800 JavaThread "jar transforms Thread 17" [_thread_blocked, id=10228, stack(0x000000f6bf800000,0x000000f6bf900000)]
  0x000002a0dbe4d800 JavaThread "jar transforms Thread 18" [_thread_blocked, id=8732, stack(0x000000f6bf900000,0x000000f6bfa00000)]
  0x000002a0dbe4f800 JavaThread "Cache worker for checksums cache (D:\car-sales-project\.gradle\checksums)" [_thread_blocked, id=7112, stack(0x000000f6be600000,0x000000f6be700000)]
  0x000002a0dbe50000 JavaThread "Cache worker for cache directory md-supplier (C:\Users\Lap\.gradle\caches\6.8\md-supplier)" [_thread_blocked, id=1644, stack(0x000000f6bfa00000,0x000000f6bfb00000)]
  0x000002a0dce95800 JavaThread "Cache worker for cache directory md-rule (C:\Users\Lap\.gradle\caches\6.8\md-rule)" [_thread_blocked, id=12024, stack(0x000000f6bfc00000,0x000000f6bfd00000)]
  0x000002a0dd41a800 JavaThread "Cache worker for execution history cache (C:\Users\Lap\.gradle\caches\6.8\executionHistory)" [_thread_blocked, id=11548, stack(0x000000f6bfd00000,0x000000f6bfe00000)]
  0x000002a0dd416800 JavaThread "Cache worker for file content cache (C:\Users\Lap\.gradle\caches\6.8\fileContent)" [_thread_blocked, id=11532, stack(0x000000f6bff00000,0x000000f6c0000000)]
  0x000002a0dd41e000 JavaThread "Cache worker for Build Output Cleanup Cache (D:\car-sales-project\.gradle\buildOutputCleanup)" [_thread_blocked, id=6004, stack(0x000000f6c0000000,0x000000f6c0100000)]
  0x000002a0dd418000 JavaThread "Build operations" [_thread_blocked, id=7540, stack(0x000000f6bfb00000,0x000000f6bfc00000)]
  0x000002a0dd41a000 JavaThread "C2 CompilerThread1" daemon [_thread_blocked, id=7256, stack(0x000000f6bfe00000,0x000000f6bff00000)]
  0x000002a0dd419000 JavaThread "Memory manager" [_thread_blocked, id=7316, stack(0x000000f6c0300000,0x000000f6c0400000)]

Other Threads:
  0x000002a0da0b3800 VMThread "VM Thread" [stack: 0x000000f6bc300000,0x000000f6bc400000] [id=5484]
  0x000002a0dabdd000 WatcherThread [stack: 0x000000f6bcd00000,0x000000f6bce00000] [id=9468]
  0x000002a0be955800 GCTaskThread "GC Thread#0" [stack: 0x000000f6bbe00000,0x000000f6bbf00000] [id=11496]
  0x000002a0db618800 GCTaskThread "GC Thread#1" [stack: 0x000000f6bcf00000,0x000000f6bd000000] [id=8624]
  0x000002a0db445000 GCTaskThread "GC Thread#2" [stack: 0x000000f6bd000000,0x000000f6bd100000] [id=7020]
  0x000002a0db5d7000 GCTaskThread "GC Thread#3" [stack: 0x000000f6bd100000,0x000000f6bd200000] [id=10172]
  0x000002a0db5d8000 GCTaskThread "GC Thread#4" [stack: 0x000000f6bd200000,0x000000f6bd300000] [id=568]
  0x000002a0db629800 GCTaskThread "GC Thread#5" [stack: 0x000000f6bd300000,0x000000f6bd400000] [id=10132]
  0x000002a0dcdbc800 GCTaskThread "GC Thread#6" [stack: 0x000000f6bdc00000,0x000000f6bdd00000] [id=11028]
  0x000002a0dcdb9800 GCTaskThread "GC Thread#7" [stack: 0x000000f6be200000,0x000000f6be300000] [id=6964]
  0x000002a0be968000 ConcurrentGCThread "G1 Main Marker" [stack: 0x000000f6bbf00000,0x000000f6bc000000] [id=868]
  0x000002a0be969000 ConcurrentGCThread "G1 Conc#0" [stack: 0x000000f6bc000000,0x000000f6bc100000] [id=7008]
  0x000002a0db6b0000 ConcurrentGCThread "G1 Conc#1" [stack: 0x000000f6be300000,0x000000f6be400000] [id=3892]
  0x000002a0d9f52800 ConcurrentGCThread "G1 Refine#0" [stack: 0x000000f6bc100000,0x000000f6bc200000] [id=12176]
  0x000002a0e005f000 ConcurrentGCThread "G1 Refine#1" [stack: 0x000000f6c0100000,0x000000f6c0200000] [id=1804]
  0x000002a0bea0e800 ConcurrentGCThread "G1 Young RemSet Sampling" [stack: 0x000000f6bc200000,0x000000f6bc300000] [id=11784]

Threads with active compile tasks:
C2 CompilerThread0  21508 5100       4       org.objectweb.asm.SymbolTable::addConstantMemberReference (147 bytes)

VM state:not at safepoint (normal execution)

VM Mutex/Monitor currently owned by a thread: None

Heap address: 0x00000000e0000000, size: 512 MB, Compressed Oops mode: 32-bit
Narrow klass base: 0x0000000000000000, Narrow klass shift: 3
Compressed class space size: 260046848 Address: 0x0000000100000000

Heap:
 garbage-first heap   total 262144K, used 82696K [0x00000000e0000000, 0x0000000100000000)
  region size 1024K, 40 young (40960K), 14 survivors (14336K)
 Metaspace       used 61065K, capacity 62587K, committed 62672K, reserved 309248K
  class space    used 7756K, capacity 8251K, committed 8276K, reserved 253952K
Heap Regions: E=young(eden), S=young(survivor), O=old, HS=humongous(starts), HC=humongous(continues), CS=collection set, F=free, A=archive, TAMS=top-at-mark-start (previous, next)
|   0|0x00000000e0000000, 0x00000000e0100000, 0x00000000e0100000|100%| O|  |TAMS 0x00000000e0100000, 0x00000000e0000000| Untracked 
|   1|0x00000000e0100000, 0x00000000e0200000, 0x00000000e0200000|100%| O|  |TAMS 0x00000000e0200000, 0x00000000e0100000| Untracked 
|   2|0x00000000e0200000, 0x00000000e0300000, 0x00000000e0300000|100%| O|  |TAMS 0x00000000e0300000, 0x00000000e0200000| Untracked 
|   3|0x00000000e0300000, 0x00000000e0400000, 0x00000000e0400000|100%|HS|  |TAMS 0x00000000e0400000, 0x00000000e0300000| Complete 
|   4|0x00000000e0400000, 0x00000000e0500000, 0x00000000e0500000|100%|HC|  |TAMS 0x00000000e0500000, 0x00000000e0400000| Complete 
|   5|0x00000000e0500000, 0x00000000e0600000, 0x00000000e0600000|100%|HC|  |TAMS 0x00000000e0600000, 0x00000000e0500000| Complete 
|   6|0x00000000e0600000, 0x00000000e0700000, 0x00000000e0700000|100%| O|  |TAMS 0x00000000e0700000, 0x00000000e0600000| Untracked 
|   7|0x00000000e0700000, 0x00000000e0800000, 0x00000000e0800000|100%| O|  |TAMS 0x00000000e0800000, 0x00000000e0700000| Untracked 
|   8|0x00000000e0800000, 0x00000000e0900000, 0x00000000e0900000|100%| O|  |TAMS 0x00000000e0900000, 0x00000000e0800000| Untracked 
|   9|0x00000000e0900000, 0x00000000e0a00000, 0x00000000e0a00000|100%|HS|  |TAMS 0x00000000e0a00000, 0x00000000e0900000| Complete 
|  10|0x00000000e0a00000, 0x00000000e0b00000, 0x00000000e0b00000|100%|HC|  |TAMS 0x00000000e0b00000, 0x00000000e0a00000| Complete 
|  11|0x00000000e0b00000, 0x00000000e0c00000, 0x00000000e0c00000|100%|HC|  |TAMS 0x00000000e0c00000, 0x00000000e0b00000| Complete 
|  12|0x00000000e0c00000, 0x00000000e0d00000, 0x00000000e0d00000|100%|HC|  |TAMS 0x00000000e0d00000, 0x00000000e0c00000| Complete 
|  13|0x00000000e0d00000, 0x00000000e0e00000, 0x00000000e0e00000|100%|HC|  |TAMS 0x00000000e0e00000, 0x00000000e0d00000| Complete 
|  14|0x00000000e0e00000, 0x00000000e0f00000, 0x00000000e0f00000|100%|HS|  |TAMS 0x00000000e0f00000, 0x00000000e0e00000| Complete 
|  15|0x00000000e0f00000, 0x00000000e1000000, 0x00000000e1000000|100%|HC|  |TAMS 0x00000000e1000000, 0x00000000e0f00000| Complete 
|  16|0x00000000e1000000, 0x00000000e1100000, 0x00000000e1100000|100%|HC|  |TAMS 0x00000000e1100000, 0x00000000e1000000| Complete 
|  17|0x00000000e1100000, 0x00000000e1200000, 0x00000000e1200000|100%|HC|  |TAMS 0x00000000e1200000, 0x00000000e1100000| Complete 
|  18|0x00000000e1200000, 0x00000000e1300000, 0x00000000e1300000|100%| O|  |TAMS 0x00000000e1300000, 0x00000000e1200000| Untracked 
|  19|0x00000000e1300000, 0x00000000e1400000, 0x00000000e1400000|100%| O|  |TAMS 0x00000000e1400000, 0x00000000e1300000| Untracked 
|  20|0x00000000e1400000, 0x00000000e1500000, 0x00000000e1500000|100%| O|  |TAMS 0x00000000e1500000, 0x00000000e1400000| Untracked 
|  21|0x00000000e1500000, 0x00000000e1600000, 0x00000000e1600000|100%| O|  |TAMS 0x00000000e1600000, 0x00000000e1500000| Untracked 
|  22|0x00000000e1600000, 0x00000000e1700000, 0x00000000e1700000|100%| O|  |TAMS 0x00000000e1700000, 0x00000000e1600000| Untracked 
|  23|0x00000000e1700000, 0x00000000e1800000, 0x00000000e1800000|100%| O|  |TAMS 0x00000000e1800000, 0x00000000e1700000| Untracked 
|  24|0x00000000e1800000, 0x00000000e1900000, 0x00000000e1900000|100%| O|  |TAMS 0x00000000e1900000, 0x00000000e1800000| Untracked 
|  25|0x00000000e1900000, 0x00000000e1a00000, 0x00000000e1a00000|100%| O|  |TAMS 0x00000000e1a00000, 0x00000000e1900000| Untracked 
|  26|0x00000000e1a00000, 0x00000000e1b00000, 0x00000000e1b00000|100%| O|  |TAMS 0x00000000e1b00000, 0x00000000e1a00000| Untracked 
|  27|0x00000000e1b00000, 0x00000000e1c00000, 0x00000000e1c00000|100%| O|  |TAMS 0x00000000e1c00000, 0x00000000e1b00000| Untracked 
|  28|0x00000000e1c00000, 0x00000000e1d00000, 0x00000000e1d00000|100%|HS|  |TAMS 0x00000000e1d00000, 0x00000000e1c00000| Complete 
|  29|0x00000000e1d00000, 0x00000000e1e00000, 0x00000000e1e00000|100%|HC|  |TAMS 0x00000000e1e00000, 0x00000000e1d00000| Complete 
|  30|0x00000000e1e00000, 0x00000000e1f00000, 0x00000000e1f00000|100%|HC|  |TAMS 0x00000000e1f00000, 0x00000000e1e00000| Complete 
|  31|0x00000000e1f00000, 0x00000000e2000000, 0x00000000e2000000|100%|HC|  |TAMS 0x00000000e2000000, 0x00000000e1f00000| Complete 
|  32|0x00000000e2000000, 0x00000000e2100000, 0x00000000e2100000|100%|HC|  |TAMS 0x00000000e2100000, 0x00000000e2000000| Complete 
|  33|0x00000000e2100000, 0x00000000e2200000, 0x00000000e2200000|100%| O|  |TAMS 0x00000000e2200000, 0x00000000e2100000| Untracked 
|  34|0x00000000e2200000, 0x00000000e2300000, 0x00000000e2300000|100%|HS|  |TAMS 0x00000000e2300000, 0x00000000e2200000| Complete 
|  35|0x00000000e2300000, 0x00000000e2400000, 0x00000000e2400000|100%|HC|  |TAMS 0x00000000e2400000, 0x00000000e2300000| Complete 
|  36|0x00000000e2400000, 0x00000000e2500000, 0x00000000e2500000|100%|HC|  |TAMS 0x00000000e2500000, 0x00000000e2400000| Complete 
|  37|0x00000000e2500000, 0x00000000e2600000, 0x00000000e2600000|100%|HC|  |TAMS 0x00000000e2600000, 0x00000000e2500000| Complete 
|  38|0x00000000e2600000, 0x00000000e2700000, 0x00000000e2700000|100%| O|  |TAMS 0x00000000e2700000, 0x00000000e2600000| Untracked 
|  39|0x00000000e2700000, 0x00000000e2800000, 0x00000000e2800000|100%| O|  |TAMS 0x00000000e2800000, 0x00000000e2700000| Untracked 
|  40|0x00000000e2800000, 0x00000000e2900000, 0x00000000e2900000|100%| O|  |TAMS 0x00000000e2900000, 0x00000000e2800000| Untracked 
|  41|0x00000000e2900000, 0x00000000e29c2000, 0x00000000e2a00000| 75%| O|  |TAMS 0x00000000e29c2000, 0x00000000e2900000| Untracked 
|  42|0x00000000e2a00000, 0x00000000e2a00000, 0x00000000e2b00000|  0%| F|  |TAMS 0x00000000e2a00000, 0x00000000e2a00000| Untracked 
|  43|0x00000000e2b00000, 0x00000000e2b00000, 0x00000000e2c00000|  0%| F|  |TAMS 0x00000000e2b00000, 0x00000000e2b00000| Untracked 
|  44|0x00000000e2c00000, 0x00000000e2c00000, 0x00000000e2d00000|  0%| F|  |TAMS 0x00000000e2c00000, 0x00000000e2c00000| Untracked 
|  45|0x00000000e2d00000, 0x00000000e2d00000, 0x00000000e2e00000|  0%| F|  |TAMS 0x00000000e2d00000, 0x00000000e2d00000| Untracked 
|  46|0x00000000e2e00000, 0x00000000e2e00000, 0x00000000e2f00000|  0%| F|  |TAMS 0x00000000e2e00000, 0x00000000e2e00000| Untracked 
|  47|0x00000000e2f00000, 0x00000000e2f00000, 0x00000000e3000000|  0%| F|  |TAMS 0x00000000e2f00000, 0x00000000e2f00000| Untracked 
|  48|0x00000000e3000000, 0x00000000e3000000, 0x00000000e3100000|  0%| F|  |TAMS 0x00000000e3000000, 0x00000000e3000000| Untracked 
|  49|0x00000000e3100000, 0x00000000e3100000, 0x00000000e3200000|  0%| F|  |TAMS 0x00000000e3100000, 0x00000000e3100000| Untracked 
|  50|0x00000000e3200000, 0x00000000e3200000, 0x00000000e3300000|  0%| F|  |TAMS 0x00000000e3200000, 0x00000000e3200000| Untracked 
|  51|0x00000000e3300000, 0x00000000e3300000, 0x00000000e3400000|  0%| F|  |TAMS 0x00000000e3300000, 0x00000000e3300000| Untracked 
|  52|0x00000000e3400000, 0x00000000e3400000, 0x00000000e3500000|  0%| F|  |TAMS 0x00000000e3400000, 0x00000000e3400000| Untracked 
|  53|0x00000000e3500000, 0x00000000e3500000, 0x00000000e3600000|  0%| F|  |TAMS 0x00000000e3500000, 0x00000000e3500000| Untracked 
|  54|0x00000000e3600000, 0x00000000e3600000, 0x00000000e3700000|  0%| F|  |TAMS 0x00000000e3600000, 0x00000000e3600000| Untracked 
|  55|0x00000000e3700000, 0x00000000e3700000, 0x00000000e3800000|  0%| F|  |TAMS 0x00000000e3700000, 0x00000000e3700000| Untracked 
|  56|0x00000000e3800000, 0x00000000e3800000, 0x00000000e3900000|  0%| F|  |TAMS 0x00000000e3800000, 0x00000000e3800000| Untracked 
|  57|0x00000000e3900000, 0x00000000e3900000, 0x00000000e3a00000|  0%| F|  |TAMS 0x00000000e3900000, 0x00000000e3900000| Untracked 
|  58|0x00000000e3a00000, 0x00000000e3a00000, 0x00000000e3b00000|  0%| F|  |TAMS 0x00000000e3a00000, 0x00000000e3a00000| Untracked 
|  59|0x00000000e3b00000, 0x00000000e3b00000, 0x00000000e3c00000|  0%| F|  |TAMS 0x00000000e3b00000, 0x00000000e3b00000| Untracked 
|  60|0x00000000e3c00000, 0x00000000e3c00000, 0x00000000e3d00000|  0%| F|  |TAMS 0x00000000e3c00000, 0x00000000e3c00000| Untracked 
|  61|0x00000000e3d00000, 0x00000000e3d00000, 0x00000000e3e00000|  0%| F|  |TAMS 0x00000000e3d00000, 0x00000000e3d00000| Untracked 
|  62|0x00000000e3e00000, 0x00000000e3e00000, 0x00000000e3f00000|  0%| F|  |TAMS 0x00000000e3e00000, 0x00000000e3e00000| Untracked 
|  63|0x00000000e3f00000, 0x00000000e3f00000, 0x00000000e4000000|  0%| F|  |TAMS 0x00000000e3f00000, 0x00000000e3f00000| Untracked 
|  64|0x00000000e4000000, 0x00000000e4000000, 0x00000000e4100000|  0%| F|  |TAMS 0x00000000e4000000, 0x00000000e4000000| Untracked 
|  65|0x00000000e4100000, 0x00000000e4100000, 0x00000000e4200000|  0%| F|  |TAMS 0x00000000e4100000, 0x00000000e4100000| Untracked 
|  66|0x00000000e4200000, 0x00000000e4200000, 0x00000000e4300000|  0%| F|  |TAMS 0x00000000e4200000, 0x00000000e4200000| Untracked 
|  67|0x00000000e4300000, 0x00000000e4300000, 0x00000000e4400000|  0%| F|  |TAMS 0x00000000e4300000, 0x00000000e4300000| Untracked 
|  68|0x00000000e4400000, 0x00000000e4400000, 0x00000000e4500000|  0%| F|  |TAMS 0x00000000e4400000, 0x00000000e4400000| Untracked 
|  69|0x00000000e4500000, 0x00000000e4500000, 0x00000000e4600000|  0%| F|  |TAMS 0x00000000e4500000, 0x00000000e4500000| Untracked 
|  70|0x00000000e4600000, 0x00000000e4600000, 0x00000000e4700000|  0%| F|  |TAMS 0x00000000e4600000, 0x00000000e4600000| Untracked 
|  71|0x00000000e4700000, 0x00000000e4700000, 0x00000000e4800000|  0%| F|  |TAMS 0x00000000e4700000, 0x00000000e4700000| Untracked 
|  72|0x00000000e4800000, 0x00000000e4800000, 0x00000000e4900000|  0%| F|  |TAMS 0x00000000e4800000, 0x00000000e4800000| Untracked 
|  73|0x00000000e4900000, 0x00000000e4900000, 0x00000000e4a00000|  0%| F|  |TAMS 0x00000000e4900000, 0x00000000e4900000| Untracked 
|  74|0x00000000e4a00000, 0x00000000e4a00000, 0x00000000e4b00000|  0%| F|  |TAMS 0x00000000e4a00000, 0x00000000e4a00000| Untracked 
|  75|0x00000000e4b00000, 0x00000000e4b00000, 0x00000000e4c00000|  0%| F|  |TAMS 0x00000000e4b00000, 0x00000000e4b00000| Untracked 
|  76|0x00000000e4c00000, 0x00000000e4c00000, 0x00000000e4d00000|  0%| F|  |TAMS 0x00000000e4c00000, 0x00000000e4c00000| Untracked 
|  77|0x00000000e4d00000, 0x00000000e4d00000, 0x00000000e4e00000|  0%| F|  |TAMS 0x00000000e4d00000, 0x00000000e4d00000| Untracked 
|  78|0x00000000e4e00000, 0x00000000e4e00000, 0x00000000e4f00000|  0%| F|  |TAMS 0x00000000e4e00000, 0x00000000e4e00000| Untracked 
|  79|0x00000000e4f00000, 0x00000000e4f00000, 0x00000000e5000000|  0%| F|  |TAMS 0x00000000e4f00000, 0x00000000e4f00000| Untracked 
|  80|0x00000000e5000000, 0x00000000e5000000, 0x00000000e5100000|  0%| F|  |TAMS 0x00000000e5000000, 0x00000000e5000000| Untracked 
|  81|0x00000000e5100000, 0x00000000e5100000, 0x00000000e5200000|  0%| F|  |TAMS 0x00000000e5100000, 0x00000000e5100000| Untracked 
|  82|0x00000000e5200000, 0x00000000e5200000, 0x00000000e5300000|  0%| F|  |TAMS 0x00000000e5200000, 0x00000000e5200000| Untracked 
|  83|0x00000000e5300000, 0x00000000e5300000, 0x00000000e5400000|  0%| F|  |TAMS 0x00000000e5300000, 0x00000000e5300000| Untracked 
|  84|0x00000000e5400000, 0x00000000e5400000, 0x00000000e5500000|  0%| F|  |TAMS 0x00000000e5400000, 0x00000000e5400000| Untracked 
|  85|0x00000000e5500000, 0x00000000e5500000, 0x00000000e5600000|  0%| F|  |TAMS 0x00000000e5500000, 0x00000000e5500000| Untracked 
|  86|0x00000000e5600000, 0x00000000e5600000, 0x00000000e5700000|  0%| F|  |TAMS 0x00000000e5600000, 0x00000000e5600000| Untracked 
|  87|0x00000000e5700000, 0x00000000e5700000, 0x00000000e5800000|  0%| F|  |TAMS 0x00000000e5700000, 0x00000000e5700000| Untracked 
|  88|0x00000000e5800000, 0x00000000e5800000, 0x00000000e5900000|  0%| F|  |TAMS 0x00000000e5800000, 0x00000000e5800000| Untracked 
|  89|0x00000000e5900000, 0x00000000e5900000, 0x00000000e5a00000|  0%| F|  |TAMS 0x00000000e5900000, 0x00000000e5900000| Untracked 
|  90|0x00000000e5a00000, 0x00000000e5a00000, 0x00000000e5b00000|  0%| F|  |TAMS 0x00000000e5a00000, 0x00000000e5a00000| Untracked 
|  91|0x00000000e5b00000, 0x00000000e5b00000, 0x00000000e5c00000|  0%| F|  |TAMS 0x00000000e5b00000, 0x00000000e5b00000| Untracked 
|  92|0x00000000e5c00000, 0x00000000e5c00000, 0x00000000e5d00000|  0%| F|  |TAMS 0x00000000e5c00000, 0x00000000e5c00000| Untracked 
|  93|0x00000000e5d00000, 0x00000000e5d00000, 0x00000000e5e00000|  0%| F|  |TAMS 0x00000000e5d00000, 0x00000000e5d00000| Untracked 
|  94|0x00000000e5e00000, 0x00000000e5e00000, 0x00000000e5f00000|  0%| F|  |TAMS 0x00000000e5e00000, 0x00000000e5e00000| Untracked 
|  95|0x00000000e5f00000, 0x00000000e5f00000, 0x00000000e6000000|  0%| F|  |TAMS 0x00000000e5f00000, 0x00000000e5f00000| Untracked 
|  96|0x00000000e6000000, 0x00000000e6000000, 0x00000000e6100000|  0%| F|  |TAMS 0x00000000e6000000, 0x00000000e6000000| Untracked 
|  97|0x00000000e6100000, 0x00000000e6100000, 0x00000000e6200000|  0%| F|  |TAMS 0x00000000e6100000, 0x00000000e6100000| Untracked 
|  98|0x00000000e6200000, 0x00000000e6200000, 0x00000000e6300000|  0%| F|  |TAMS 0x00000000e6200000, 0x00000000e6200000| Untracked 
|  99|0x00000000e6300000, 0x00000000e6300000, 0x00000000e6400000|  0%| F|  |TAMS 0x00000000e6300000, 0x00000000e6300000| Untracked 
| 100|0x00000000e6400000, 0x00000000e6400000, 0x00000000e6500000|  0%| F|  |TAMS 0x00000000e6400000, 0x00000000e6400000| Untracked 
| 101|0x00000000e6500000, 0x00000000e6500000, 0x00000000e6600000|  0%| F|  |TAMS 0x00000000e6500000, 0x00000000e6500000| Untracked 
| 102|0x00000000e6600000, 0x00000000e6600000, 0x00000000e6700000|  0%| F|  |TAMS 0x00000000e6600000, 0x00000000e6600000| Untracked 
| 103|0x00000000e6700000, 0x00000000e6700000, 0x00000000e6800000|  0%| F|  |TAMS 0x00000000e6700000, 0x00000000e6700000| Untracked 
| 104|0x00000000e6800000, 0x00000000e6800000, 0x00000000e6900000|  0%| F|  |TAMS 0x00000000e6800000, 0x00000000e6800000| Untracked 
| 105|0x00000000e6900000, 0x00000000e6900000, 0x00000000e6a00000|  0%| F|  |TAMS 0x00000000e6900000, 0x00000000e6900000| Untracked 
| 106|0x00000000e6a00000, 0x00000000e6a00000, 0x00000000e6b00000|  0%| F|  |TAMS 0x00000000e6a00000, 0x00000000e6a00000| Untracked 
| 107|0x00000000e6b00000, 0x00000000e6b00000, 0x00000000e6c00000|  0%| F|  |TAMS 0x00000000e6b00000, 0x00000000e6b00000| Untracked 
| 108|0x00000000e6c00000, 0x00000000e6c00000, 0x00000000e6d00000|  0%| F|  |TAMS 0x00000000e6c00000, 0x00000000e6c00000| Untracked 
| 109|0x00000000e6d00000, 0x00000000e6d00000, 0x00000000e6e00000|  0%| F|  |TAMS 0x00000000e6d00000, 0x00000000e6d00000| Untracked 
| 110|0x00000000e6e00000, 0x00000000e6e00000, 0x00000000e6f00000|  0%| F|  |TAMS 0x00000000e6e00000, 0x00000000e6e00000| Untracked 
| 111|0x00000000e6f00000, 0x00000000e6f00000, 0x00000000e7000000|  0%| F|  |TAMS 0x00000000e6f00000, 0x00000000e6f00000| Untracked 
| 112|0x00000000e7000000, 0x00000000e7000000, 0x00000000e7100000|  0%| F|  |TAMS 0x00000000e7000000, 0x00000000e7000000| Untracked 
| 113|0x00000000e7100000, 0x00000000e7100000, 0x00000000e7200000|  0%| F|  |TAMS 0x00000000e7100000, 0x00000000e7100000| Untracked 
| 114|0x00000000e7200000, 0x00000000e7200000, 0x00000000e7300000|  0%| F|  |TAMS 0x00000000e7200000, 0x00000000e7200000| Untracked 
| 115|0x00000000e7300000, 0x00000000e7300000, 0x00000000e7400000|  0%| F|  |TAMS 0x00000000e7300000, 0x00000000e7300000| Untracked 
| 116|0x00000000e7400000, 0x00000000e7400000, 0x00000000e7500000|  0%| F|  |TAMS 0x00000000e7400000, 0x00000000e7400000| Untracked 
| 117|0x00000000e7500000, 0x00000000e7500000, 0x00000000e7600000|  0%| F|  |TAMS 0x00000000e7500000, 0x00000000e7500000| Untracked 
| 118|0x00000000e7600000, 0x00000000e7600000, 0x00000000e7700000|  0%| F|  |TAMS 0x00000000e7600000, 0x00000000e7600000| Untracked 
| 119|0x00000000e7700000, 0x00000000e7700000, 0x00000000e7800000|  0%| F|  |TAMS 0x00000000e7700000, 0x00000000e7700000| Untracked 
| 120|0x00000000e7800000, 0x00000000e7800000, 0x00000000e7900000|  0%| F|  |TAMS 0x00000000e7800000, 0x00000000e7800000| Untracked 
| 121|0x00000000e7900000, 0x00000000e7900000, 0x00000000e7a00000|  0%| F|  |TAMS 0x00000000e7900000, 0x00000000e7900000| Untracked 
| 122|0x00000000e7a00000, 0x00000000e7a00000, 0x00000000e7b00000|  0%| F|  |TAMS 0x00000000e7a00000, 0x00000000e7a00000| Untracked 
| 123|0x00000000e7b00000, 0x00000000e7b00000, 0x00000000e7c00000|  0%| F|  |TAMS 0x00000000e7b00000, 0x00000000e7b00000| Untracked 
| 124|0x00000000e7c00000, 0x00000000e7c00000, 0x00000000e7d00000|  0%| F|  |TAMS 0x00000000e7c00000, 0x00000000e7c00000| Untracked 
| 125|0x00000000e7d00000, 0x00000000e7d00000, 0x00000000e7e00000|  0%| F|  |TAMS 0x00000000e7d00000, 0x00000000e7d00000| Untracked 
| 126|0x00000000e7e00000, 0x00000000e7e00000, 0x00000000e7f00000|  0%| F|  |TAMS 0x00000000e7e00000, 0x00000000e7e00000| Untracked 
| 127|0x00000000e7f00000, 0x00000000e7f00000, 0x00000000e8000000|  0%| F|  |TAMS 0x00000000e7f00000, 0x00000000e7f00000| Untracked 
| 128|0x00000000e8000000, 0x00000000e8000000, 0x00000000e8100000|  0%| F|  |TAMS 0x00000000e8000000, 0x00000000e8000000| Untracked 
| 129|0x00000000e8100000, 0x00000000e8100000, 0x00000000e8200000|  0%| F|  |TAMS 0x00000000e8100000, 0x00000000e8100000| Untracked 
| 130|0x00000000e8200000, 0x00000000e8200000, 0x00000000e8300000|  0%| F|  |TAMS 0x00000000e8200000, 0x00000000e8200000| Untracked 
| 131|0x00000000e8300000, 0x00000000e8300000, 0x00000000e8400000|  0%| F|  |TAMS 0x00000000e8300000, 0x00000000e8300000| Untracked 
| 132|0x00000000e8400000, 0x00000000e8400000, 0x00000000e8500000|  0%| F|  |TAMS 0x00000000e8400000, 0x00000000e8400000| Untracked 
| 133|0x00000000e8500000, 0x00000000e8500000, 0x00000000e8600000|  0%| F|  |TAMS 0x00000000e8500000, 0x00000000e8500000| Untracked 
| 134|0x00000000e8600000, 0x00000000e8600000, 0x00000000e8700000|  0%| F|  |TAMS 0x00000000e8600000, 0x00000000e8600000| Untracked 
| 135|0x00000000e8700000, 0x00000000e8700000, 0x00000000e8800000|  0%| F|  |TAMS 0x00000000e8700000, 0x00000000e8700000| Untracked 
| 136|0x00000000e8800000, 0x00000000e8800000, 0x00000000e8900000|  0%| F|  |TAMS 0x00000000e8800000, 0x00000000e8800000| Untracked 
| 137|0x00000000e8900000, 0x00000000e8900000, 0x00000000e8a00000|  0%| F|  |TAMS 0x00000000e8900000, 0x00000000e8900000| Untracked 
| 138|0x00000000e8a00000, 0x00000000e8a00000, 0x00000000e8b00000|  0%| F|  |TAMS 0x00000000e8a00000, 0x00000000e8a00000| Untracked 
| 139|0x00000000e8b00000, 0x00000000e8b00000, 0x00000000e8c00000|  0%| F|  |TAMS 0x00000000e8b00000, 0x00000000e8b00000| Untracked 
| 140|0x00000000e8c00000, 0x00000000e8c00000, 0x00000000e8d00000|  0%| F|  |TAMS 0x00000000e8c00000, 0x00000000e8c00000| Untracked 
| 141|0x00000000e8d00000, 0x00000000e8d00000, 0x00000000e8e00000|  0%| F|  |TAMS 0x00000000e8d00000, 0x00000000e8d00000| Untracked 
| 142|0x00000000e8e00000, 0x00000000e8e00000, 0x00000000e8f00000|  0%| F|  |TAMS 0x00000000e8e00000, 0x00000000e8e00000| Untracked 
| 143|0x00000000e8f00000, 0x00000000e8f00000, 0x00000000e9000000|  0%| F|  |TAMS 0x00000000e8f00000, 0x00000000e8f00000| Untracked 
| 144|0x00000000e9000000, 0x00000000e9000000, 0x00000000e9100000|  0%| F|  |TAMS 0x00000000e9000000, 0x00000000e9000000| Untracked 
| 145|0x00000000e9100000, 0x00000000e9100000, 0x00000000e9200000|  0%| F|  |TAMS 0x00000000e9100000, 0x00000000e9100000| Untracked 
| 146|0x00000000e9200000, 0x00000000e9200000, 0x00000000e9300000|  0%| F|  |TAMS 0x00000000e9200000, 0x00000000e9200000| Untracked 
| 147|0x00000000e9300000, 0x00000000e9300000, 0x00000000e9400000|  0%| F|  |TAMS 0x00000000e9300000, 0x00000000e9300000| Untracked 
| 148|0x00000000e9400000, 0x00000000e9400000, 0x00000000e9500000|  0%| F|  |TAMS 0x00000000e9400000, 0x00000000e9400000| Untracked 
| 149|0x00000000e9500000, 0x00000000e9500000, 0x00000000e9600000|  0%| F|  |TAMS 0x00000000e9500000, 0x00000000e9500000| Untracked 
| 150|0x00000000e9600000, 0x00000000e9600000, 0x00000000e9700000|  0%| F|  |TAMS 0x00000000e9600000, 0x00000000e9600000| Untracked 
| 151|0x00000000e9700000, 0x00000000e9800000, 0x00000000e9800000|100%| S|CS|TAMS 0x00000000e9700000, 0x00000000e9700000| Complete 
| 152|0x00000000e9800000, 0x00000000e9900000, 0x00000000e9900000|100%| S|CS|TAMS 0x00000000e9800000, 0x00000000e9800000| Complete 
| 153|0x00000000e9900000, 0x00000000e9a00000, 0x00000000e9a00000|100%| S|CS|TAMS 0x00000000e9900000, 0x00000000e9900000| Complete 
| 154|0x00000000e9a00000, 0x00000000e9b00000, 0x00000000e9b00000|100%| S|CS|TAMS 0x00000000e9a00000, 0x00000000e9a00000| Complete 
| 155|0x00000000e9b00000, 0x00000000e9c00000, 0x00000000e9c00000|100%| S|CS|TAMS 0x00000000e9b00000, 0x00000000e9b00000| Complete 
| 156|0x00000000e9c00000, 0x00000000e9d00000, 0x00000000e9d00000|100%| S|CS|TAMS 0x00000000e9c00000, 0x00000000e9c00000| Complete 
| 157|0x00000000e9d00000, 0x00000000e9e00000, 0x00000000e9e00000|100%| S|CS|TAMS 0x00000000e9d00000, 0x00000000e9d00000| Complete 
| 158|0x00000000e9e00000, 0x00000000e9f00000, 0x00000000e9f00000|100%| S|CS|TAMS 0x00000000e9e00000, 0x00000000e9e00000| Complete 
| 159|0x00000000e9f00000, 0x00000000ea000000, 0x00000000ea000000|100%| S|CS|TAMS 0x00000000e9f00000, 0x00000000e9f00000| Complete 
| 160|0x00000000ea000000, 0x00000000ea100000, 0x00000000ea100000|100%| S|CS|TAMS 0x00000000ea000000, 0x00000000ea000000| Complete 
| 161|0x00000000ea100000, 0x00000000ea200000, 0x00000000ea200000|100%| S|CS|TAMS 0x00000000ea100000, 0x00000000ea100000| Complete 
| 162|0x00000000ea200000, 0x00000000ea300000, 0x00000000ea300000|100%| S|CS|TAMS 0x00000000ea200000, 0x00000000ea200000| Complete 
| 163|0x00000000ea300000, 0x00000000ea400000, 0x00000000ea400000|100%| S|CS|TAMS 0x00000000ea300000, 0x00000000ea300000| Complete 
| 164|0x00000000ea400000, 0x00000000ea500000, 0x00000000ea500000|100%| S|CS|TAMS 0x00000000ea400000, 0x00000000ea400000| Complete 
| 165|0x00000000ea500000, 0x00000000ea500000, 0x00000000ea600000|  0%| F|  |TAMS 0x00000000ea500000, 0x00000000ea500000| Untracked 
| 166|0x00000000ea600000, 0x00000000ea600000, 0x00000000ea700000|  0%| F|  |TAMS 0x00000000ea600000, 0x00000000ea600000| Untracked 
| 167|0x00000000ea700000, 0x00000000ea700000, 0x00000000ea800000|  0%| F|  |TAMS 0x00000000ea700000, 0x00000000ea700000| Untracked 
| 168|0x00000000ea800000, 0x00000000ea800000, 0x00000000ea900000|  0%| F|  |TAMS 0x00000000ea800000, 0x00000000ea800000| Untracked 
| 169|0x00000000ea900000, 0x00000000ea900000, 0x00000000eaa00000|  0%| F|  |TAMS 0x00000000ea900000, 0x00000000ea900000| Untracked 
| 170|0x00000000eaa00000, 0x00000000eaa00000, 0x00000000eab00000|  0%| F|  |TAMS 0x00000000eaa00000, 0x00000000eaa00000| Untracked 
| 171|0x00000000eab00000, 0x00000000eab00000, 0x00000000eac00000|  0%| F|  |TAMS 0x00000000eab00000, 0x00000000eab00000| Untracked 
| 172|0x00000000eac00000, 0x00000000eac00000, 0x00000000ead00000|  0%| F|  |TAMS 0x00000000eac00000, 0x00000000eac00000| Untracked 
| 173|0x00000000ead00000, 0x00000000ead00000, 0x00000000eae00000|  0%| F|  |TAMS 0x00000000ead00000, 0x00000000ead00000| Untracked 
| 174|0x00000000eae00000, 0x00000000eae00000, 0x00000000eaf00000|  0%| F|  |TAMS 0x00000000eae00000, 0x00000000eae00000| Untracked 
| 175|0x00000000eaf00000, 0x00000000eaf00000, 0x00000000eb000000|  0%| F|  |TAMS 0x00000000eaf00000, 0x00000000eaf00000| Untracked 
| 176|0x00000000eb000000, 0x00000000eb000000, 0x00000000eb100000|  0%| F|  |TAMS 0x00000000eb000000, 0x00000000eb000000| Untracked 
| 177|0x00000000eb100000, 0x00000000eb100000, 0x00000000eb200000|  0%| F|  |TAMS 0x00000000eb100000, 0x00000000eb100000| Untracked 
| 178|0x00000000eb200000, 0x00000000eb200000, 0x00000000eb300000|  0%| F|  |TAMS 0x00000000eb200000, 0x00000000eb200000| Untracked 
| 179|0x00000000eb300000, 0x00000000eb300000, 0x00000000eb400000|  0%| F|  |TAMS 0x00000000eb300000, 0x00000000eb300000| Untracked 
| 180|0x00000000eb400000, 0x00000000eb400000, 0x00000000eb500000|  0%| F|  |TAMS 0x00000000eb400000, 0x00000000eb400000| Untracked 
| 181|0x00000000eb500000, 0x00000000eb500000, 0x00000000eb600000|  0%| F|  |TAMS 0x00000000eb500000, 0x00000000eb500000| Untracked 
| 182|0x00000000eb600000, 0x00000000eb600000, 0x00000000eb700000|  0%| F|  |TAMS 0x00000000eb600000, 0x00000000eb600000| Untracked 
| 183|0x00000000eb700000, 0x00000000eb700000, 0x00000000eb800000|  0%| F|  |TAMS 0x00000000eb700000, 0x00000000eb700000| Untracked 
| 184|0x00000000eb800000, 0x00000000eb800000, 0x00000000eb900000|  0%| F|  |TAMS 0x00000000eb800000, 0x00000000eb800000| Untracked 
| 185|0x00000000eb900000, 0x00000000eb900000, 0x00000000eba00000|  0%| F|  |TAMS 0x00000000eb900000, 0x00000000eb900000| Untracked 
| 186|0x00000000eba00000, 0x00000000eba00000, 0x00000000ebb00000|  0%| F|  |TAMS 0x00000000eba00000, 0x00000000eba00000| Untracked 
| 187|0x00000000ebb00000, 0x00000000ebb00000, 0x00000000ebc00000|  0%| F|  |TAMS 0x00000000ebb00000, 0x00000000ebb00000| Untracked 
| 188|0x00000000ebc00000, 0x00000000ebc00000, 0x00000000ebd00000|  0%| F|  |TAMS 0x00000000ebc00000, 0x00000000ebc00000| Untracked 
| 189|0x00000000ebd00000, 0x00000000ebd00000, 0x00000000ebe00000|  0%| F|  |TAMS 0x00000000ebd00000, 0x00000000ebd00000| Untracked 
| 190|0x00000000ebe00000, 0x00000000ebe00000, 0x00000000ebf00000|  0%| F|  |TAMS 0x00000000ebe00000, 0x00000000ebe00000| Untracked 
| 191|0x00000000ebf00000, 0x00000000ebf00000, 0x00000000ec000000|  0%| F|  |TAMS 0x00000000ebf00000, 0x00000000ebf00000| Untracked 
| 192|0x00000000ec000000, 0x00000000ec000000, 0x00000000ec100000|  0%| F|  |TAMS 0x00000000ec000000, 0x00000000ec000000| Untracked 
| 193|0x00000000ec100000, 0x00000000ec100000, 0x00000000ec200000|  0%| F|  |TAMS 0x00000000ec100000, 0x00000000ec100000| Untracked 
| 194|0x00000000ec200000, 0x00000000ec200000, 0x00000000ec300000|  0%| F|  |TAMS 0x00000000ec200000, 0x00000000ec200000| Untracked 
| 195|0x00000000ec300000, 0x00000000ec300000, 0x00000000ec400000|  0%| F|  |TAMS 0x00000000ec300000, 0x00000000ec300000| Untracked 
| 196|0x00000000ec400000, 0x00000000ec400000, 0x00000000ec500000|  0%| F|  |TAMS 0x00000000ec400000, 0x00000000ec400000| Untracked 
| 197|0x00000000ec500000, 0x00000000ec500000, 0x00000000ec600000|  0%| F|  |TAMS 0x00000000ec500000, 0x00000000ec500000| Untracked 
| 198|0x00000000ec600000, 0x00000000ec600000, 0x00000000ec700000|  0%| F|  |TAMS 0x00000000ec600000, 0x00000000ec600000| Untracked 
| 199|0x00000000ec700000, 0x00000000ec700000, 0x00000000ec800000|  0%| F|  |TAMS 0x00000000ec700000, 0x00000000ec700000| Untracked 
| 200|0x00000000ec800000, 0x00000000ec800000, 0x00000000ec900000|  0%| F|  |TAMS 0x00000000ec800000, 0x00000000ec800000| Untracked 
| 201|0x00000000ec900000, 0x00000000ec900000, 0x00000000eca00000|  0%| F|  |TAMS 0x00000000ec900000, 0x00000000ec900000| Untracked 
| 202|0x00000000eca00000, 0x00000000eca00000, 0x00000000ecb00000|  0%| F|  |TAMS 0x00000000eca00000, 0x00000000eca00000| Untracked 
| 203|0x00000000ecb00000, 0x00000000ecb00000, 0x00000000ecc00000|  0%| F|  |TAMS 0x00000000ecb00000, 0x00000000ecb00000| Untracked 
| 204|0x00000000ecc00000, 0x00000000ecc00000, 0x00000000ecd00000|  0%| F|  |TAMS 0x00000000ecc00000, 0x00000000ecc00000| Untracked 
| 205|0x00000000ecd00000, 0x00000000ecd00000, 0x00000000ece00000|  0%| F|  |TAMS 0x00000000ecd00000, 0x00000000ecd00000| Untracked 
| 206|0x00000000ece00000, 0x00000000ece00000, 0x00000000ecf00000|  0%| F|  |TAMS 0x00000000ece00000, 0x00000000ece00000| Untracked 
| 207|0x00000000ecf00000, 0x00000000ecf00000, 0x00000000ed000000|  0%| F|  |TAMS 0x00000000ecf00000, 0x00000000ecf00000| Untracked 
| 208|0x00000000ed000000, 0x00000000ed000000, 0x00000000ed100000|  0%| F|  |TAMS 0x00000000ed000000, 0x00000000ed000000| Untracked 
| 209|0x00000000ed100000, 0x00000000ed100000, 0x00000000ed200000|  0%| F|  |TAMS 0x00000000ed100000, 0x00000000ed100000| Untracked 
| 210|0x00000000ed200000, 0x00000000ed200000, 0x00000000ed300000|  0%| F|  |TAMS 0x00000000ed200000, 0x00000000ed200000| Untracked 
| 211|0x00000000ed300000, 0x00000000ed300000, 0x00000000ed400000|  0%| F|  |TAMS 0x00000000ed300000, 0x00000000ed300000| Untracked 
| 212|0x00000000ed400000, 0x00000000ed400000, 0x00000000ed500000|  0%| F|  |TAMS 0x00000000ed400000, 0x00000000ed400000| Untracked 
| 213|0x00000000ed500000, 0x00000000ed500000, 0x00000000ed600000|  0%| F|  |TAMS 0x00000000ed500000, 0x00000000ed500000| Untracked 
| 214|0x00000000ed600000, 0x00000000ed600000, 0x00000000ed700000|  0%| F|  |TAMS 0x00000000ed600000, 0x00000000ed600000| Untracked 
| 215|0x00000000ed700000, 0x00000000ed700000, 0x00000000ed800000|  0%| F|  |TAMS 0x00000000ed700000, 0x00000000ed700000| Untracked 
| 216|0x00000000ed800000, 0x00000000ed800000, 0x00000000ed900000|  0%| F|  |TAMS 0x00000000ed800000, 0x00000000ed800000| Untracked 
| 217|0x00000000ed900000, 0x00000000ed900000, 0x00000000eda00000|  0%| F|  |TAMS 0x00000000ed900000, 0x00000000ed900000| Untracked 
| 218|0x00000000eda00000, 0x00000000eda00000, 0x00000000edb00000|  0%| F|  |TAMS 0x00000000eda00000, 0x00000000eda00000| Untracked 
| 219|0x00000000edb00000, 0x00000000edb00000, 0x00000000edc00000|  0%| F|  |TAMS 0x00000000edb00000, 0x00000000edb00000| Untracked 
| 220|0x00000000edc00000, 0x00000000edc00000, 0x00000000edd00000|  0%| F|  |TAMS 0x00000000edc00000, 0x00000000edc00000| Untracked 
| 221|0x00000000edd00000, 0x00000000edd00000, 0x00000000ede00000|  0%| F|  |TAMS 0x00000000edd00000, 0x00000000edd00000| Untracked 
| 222|0x00000000ede00000, 0x00000000ede00000, 0x00000000edf00000|  0%| F|  |TAMS 0x00000000ede00000, 0x00000000ede00000| Untracked 
| 223|0x00000000edf00000, 0x00000000edf00000, 0x00000000ee000000|  0%| F|  |TAMS 0x00000000edf00000, 0x00000000edf00000| Untracked 
| 224|0x00000000ee000000, 0x00000000ee000000, 0x00000000ee100000|  0%| F|  |TAMS 0x00000000ee000000, 0x00000000ee000000| Untracked 
| 225|0x00000000ee100000, 0x00000000ee100000, 0x00000000ee200000|  0%| F|  |TAMS 0x00000000ee100000, 0x00000000ee100000| Untracked 
| 226|0x00000000ee200000, 0x00000000ee200000, 0x00000000ee300000|  0%| F|  |TAMS 0x00000000ee200000, 0x00000000ee200000| Untracked 
| 227|0x00000000ee300000, 0x00000000ee300000, 0x00000000ee400000|  0%| F|  |TAMS 0x00000000ee300000, 0x00000000ee300000| Untracked 
| 228|0x00000000ee400000, 0x00000000ee400000, 0x00000000ee500000|  0%| F|  |TAMS 0x00000000ee400000, 0x00000000ee400000| Untracked 
| 229|0x00000000ee500000, 0x00000000ee500000, 0x00000000ee600000|  0%| F|  |TAMS 0x00000000ee500000, 0x00000000ee500000| Untracked 
| 230|0x00000000ee600000, 0x00000000ee700000, 0x00000000ee700000|100%| E|  |TAMS 0x00000000ee600000, 0x00000000ee600000| Complete 
| 231|0x00000000ee700000, 0x00000000ee800000, 0x00000000ee800000|100%| E|CS|TAMS 0x00000000ee700000, 0x00000000ee700000| Complete 
| 232|0x00000000ee800000, 0x00000000ee900000, 0x00000000ee900000|100%| E|CS|TAMS 0x00000000ee800000, 0x00000000ee800000| Complete 
| 233|0x00000000ee900000, 0x00000000eea00000, 0x00000000eea00000|100%| E|CS|TAMS 0x00000000ee900000, 0x00000000ee900000| Complete 
| 234|0x00000000eea00000, 0x00000000eeb00000, 0x00000000eeb00000|100%| E|CS|TAMS 0x00000000eea00000, 0x00000000eea00000| Complete 
| 235|0x00000000eeb00000, 0x00000000eec00000, 0x00000000eec00000|100%| E|CS|TAMS 0x00000000eeb00000, 0x00000000eeb00000| Complete 
| 236|0x00000000eec00000, 0x00000000eed00000, 0x00000000eed00000|100%| E|CS|TAMS 0x00000000eec00000, 0x00000000eec00000| Complete 
| 237|0x00000000eed00000, 0x00000000eee00000, 0x00000000eee00000|100%| E|CS|TAMS 0x00000000eed00000, 0x00000000eed00000| Complete 
| 238|0x00000000eee00000, 0x00000000eef00000, 0x00000000eef00000|100%| E|CS|TAMS 0x00000000eee00000, 0x00000000eee00000| Complete 
| 239|0x00000000eef00000, 0x00000000ef000000, 0x00000000ef000000|100%| E|CS|TAMS 0x00000000eef00000, 0x00000000eef00000| Complete 
| 240|0x00000000ef000000, 0x00000000ef100000, 0x00000000ef100000|100%| E|CS|TAMS 0x00000000ef000000, 0x00000000ef000000| Complete 
| 241|0x00000000ef100000, 0x00000000ef200000, 0x00000000ef200000|100%| E|CS|TAMS 0x00000000ef100000, 0x00000000ef100000| Complete 
| 242|0x00000000ef200000, 0x00000000ef300000, 0x00000000ef300000|100%| E|CS|TAMS 0x00000000ef200000, 0x00000000ef200000| Complete 
| 243|0x00000000ef300000, 0x00000000ef400000, 0x00000000ef400000|100%| E|CS|TAMS 0x00000000ef300000, 0x00000000ef300000| Complete 
| 244|0x00000000ef400000, 0x00000000ef500000, 0x00000000ef500000|100%| E|CS|TAMS 0x00000000ef400000, 0x00000000ef400000| Complete 
| 245|0x00000000ef500000, 0x00000000ef600000, 0x00000000ef600000|100%| E|CS|TAMS 0x00000000ef500000, 0x00000000ef500000| Complete 
| 246|0x00000000ef600000, 0x00000000ef700000, 0x00000000ef700000|100%| E|CS|TAMS 0x00000000ef600000, 0x00000000ef600000| Complete 
| 247|0x00000000ef700000, 0x00000000ef800000, 0x00000000ef800000|100%| E|CS|TAMS 0x00000000ef700000, 0x00000000ef700000| Complete 
| 248|0x00000000ef800000, 0x00000000ef900000, 0x00000000ef900000|100%| E|CS|TAMS 0x00000000ef800000, 0x00000000ef800000| Complete 
| 249|0x00000000ef900000, 0x00000000efa00000, 0x00000000efa00000|100%| E|CS|TAMS 0x00000000ef900000, 0x00000000ef900000| Complete 
| 250|0x00000000efa00000, 0x00000000efb00000, 0x00000000efb00000|100%| E|CS|TAMS 0x00000000efa00000, 0x00000000efa00000| Complete 
| 251|0x00000000efb00000, 0x00000000efc00000, 0x00000000efc00000|100%| E|CS|TAMS 0x00000000efb00000, 0x00000000efb00000| Complete 
| 252|0x00000000efc00000, 0x00000000efd00000, 0x00000000efd00000|100%| E|CS|TAMS 0x00000000efc00000, 0x00000000efc00000| Complete 
| 253|0x00000000efd00000, 0x00000000efe00000, 0x00000000efe00000|100%| E|CS|TAMS 0x00000000efd00000, 0x00000000efd00000| Complete 
| 254|0x00000000efe00000, 0x00000000eff00000, 0x00000000eff00000|100%| E|CS|TAMS 0x00000000efe00000, 0x00000000efe00000| Complete 
| 255|0x00000000eff00000, 0x00000000f0000000, 0x00000000f0000000|100%| E|CS|TAMS 0x00000000eff00000, 0x00000000eff00000| Complete 

Card table byte_map: [0x000002a0d6460000,0x000002a0d6560000] _byte_map_base: 0x000002a0d5d60000

Marking Bits (Prev, Next): (CMBitMap*) 0x000002a0be965090, (CMBitMap*) 0x000002a0be965058
 Prev Bits: [0x000002a0d6e60000, 0x000002a0d7660000)
 Next Bits: [0x000002a0d6660000, 0x000002a0d6e60000)

Polling page: 0x000002a0bc8a0000

Metaspace:

Usage:
  Non-class:     53.07 MB capacity,    52.07 MB ( 98%) used,   881.24 KB (  2%) free+waste,   140.63 KB ( <1%) overhead. 
      Class:      8.06 MB capacity,     7.58 MB ( 94%) used,   428.62 KB (  5%) free+waste,    67.25 KB ( <1%) overhead. 
       Both:     61.13 MB capacity,    59.65 MB ( 98%) used,     1.28 MB (  2%) free+waste,   207.88 KB ( <1%) overhead. 

Virtual space:
  Non-class space:       54.00 MB reserved,      53.12 MB ( 98%) committed 
      Class space:      248.00 MB reserved,       8.08 MB (  3%) committed 
             Both:      302.00 MB reserved,      61.20 MB ( 20%) committed 

Chunk freelists:
   Non-Class:  49.00 KB
       Class:  1.00 KB
        Both:  50.00 KB

MaxMetaspaceSize: 256.00 MB
CompressedClassSpaceSize: 248.00 MB

CodeHeap 'non-profiled nmethods': size=120000Kb used=3167Kb max_used=3167Kb free=116832Kb
 bounds [0x000002a0ceaf0000, 0x000002a0cee10000, 0x000002a0d6020000]
CodeHeap 'profiled nmethods': size=120000Kb used=10996Kb max_used=10996Kb free=109004Kb
 bounds [0x000002a0c75c0000, 0x000002a0c8080000, 0x000002a0ceaf0000]
CodeHeap 'non-nmethods': size=5760Kb used=2274Kb max_used=2305Kb free=3485Kb
 bounds [0x000002a0c7020000, 0x000002a0c7290000, 0x000002a0c75c0000]
 total_blobs=5794 nmethods=4921 adapters=784
 compilation: enabled
              stopped_count=0, restarted_count=0
 full_count=0

Compilation events (20 events):
Event: 21.416 Thread 0x000002a0dd41a000 nmethod 5157 0x000002a0cee04a90 code [0x000002a0cee04c20, 0x000002a0cee04d78]
Event: 21.416 Thread 0x000002a0dd41a000 5184       4       java.util.TreeMap$PrivateEntryIterator::hasNext (13 bytes)
Event: 21.417 Thread 0x000002a0dd41a000 nmethod 5184 0x000002a0cee04f10 code [0x000002a0cee050a0, 0x000002a0cee05118]
Event: 21.417 Thread 0x000002a0dd41a000 5173       4       java.util.HashMap::<init> (11 bytes)
Event: 21.417 Thread 0x000002a0dd41a000 nmethod 5173 0x000002a0cee05190 code [0x000002a0cee05320, 0x000002a0cee05398]
Event: 21.417 Thread 0x000002a0dd41a000 5128       4       java.lang.Character::isHighSurrogate (18 bytes)
Event: 21.418 Thread 0x000002a0dd41a000 nmethod 5128 0x000002a0cee05410 code [0x000002a0cee055a0, 0x000002a0cee055f8]
Event: 21.418 Thread 0x000002a0dd41a000 5169       4       java.lang.String$CaseInsensitiveComparator::compare (13 bytes)
Event: 21.421 Thread 0x000002a0daa4c800 5189       3       java.util.Optional::ofNullable (15 bytes)
Event: 21.421 Thread 0x000002a0daa4c800 nmethod 5189 0x000002a0c8078290 code [0x000002a0c8078480, 0x000002a0c8078948]
Event: 21.421 Thread 0x000002a0daa4c800 5190       3       java.security.ProtectionDomain::<init> (99 bytes)
Event: 21.422 Thread 0x000002a0daa4c800 nmethod 5190 0x000002a0c8078b10 code [0x000002a0c8078d40, 0x000002a0c8079828]
Event: 21.424 Thread 0x000002a0daa4c800 5191       3       javax.management.ObjectName::isPropertyListPattern (16 bytes)
Event: 21.424 Thread 0x000002a0daa4c800 nmethod 5191 0x000002a0c8079a90 code [0x000002a0c8079c40, 0x000002a0c8079d98]
Event: 21.425 Thread 0x000002a0daa4c800 5192   !   3       java.util.concurrent.ConcurrentHashMap::computeIfAbsent (576 bytes)
Event: 21.431 Thread 0x000002a0daa4c800 nmethod 5192 0x000002a0c8079e10 code [0x000002a0c807a260, 0x000002a0c807cd68]
Event: 21.441 Thread 0x000002a0dd41a000 nmethod 5169 0x000002a0cee05690 code [0x000002a0cee05860, 0x000002a0cee06058]
Event: 21.441 Thread 0x000002a0dd41a000 5193       4       java.net.URLClassLoader$1::run (5 bytes)
Event: 21.442 Thread 0x000002a0dd41a000 nmethod 5193 0x000002a0cee06590 code [0x000002a0cee06720, 0x000002a0cee067a8]
Event: 21.446 Thread 0x000002a0dd41a000 5194       4       java.lang.ClassLoader::definePackage (84 bytes)

GC Heap History (12 events):
Event: 1.159 GC heap before
{Heap before GC invocations=0 (full 0):
 garbage-first heap   total 262144K, used 29696K [0x00000000e0000000, 0x0000000100000000)
  region size 1024K, 24 young (24576K), 0 survivors (0K)
 Metaspace       used 10630K, capacity 10938K, committed 11264K, reserved 264192K
  class space    used 1115K, capacity 1197K, committed 1280K, reserved 253952K
}
Event: 1.181 GC heap after
{Heap after GC invocations=1 (full 0):
 garbage-first heap   total 262144K, used 8778K [0x00000000e0000000, 0x0000000100000000)
  region size 1024K, 3 young (3072K), 3 survivors (3072K)
 Metaspace       used 10630K, capacity 10938K, committed 11264K, reserved 264192K
  class space    used 1115K, capacity 1197K, committed 1280K, reserved 253952K
}
Event: 3.578 GC heap before
{Heap before GC invocations=1 (full 0):
 garbage-first heap   total 262144K, used 92746K [0x00000000e0000000, 0x0000000100000000)
  region size 1024K, 87 young (89088K), 3 survivors (3072K)
 Metaspace       used 20494K, capacity 21107K, committed 21296K, reserved 274432K
  class space    used 2486K, capacity 2658K, committed 2688K, reserved 253952K
}
Event: 3.591 GC heap after
{Heap after GC invocations=2 (full 0):
 garbage-first heap   total 262144K, used 16062K [0x00000000e0000000, 0x0000000100000000)
  region size 1024K, 11 young (11264K), 11 survivors (11264K)
 Metaspace       used 20494K, capacity 21107K, committed 21296K, reserved 274432K
  class space    used 2486K, capacity 2658K, committed 2688K, reserved 253952K
}
Event: 6.255 GC heap before
{Heap before GC invocations=3 (full 0):
 garbage-first heap   total 262144K, used 89790K [0x00000000e0000000, 0x0000000100000000)
  region size 1024K, 75 young (76800K), 11 survivors (11264K)
 Metaspace       used 26927K, capacity 27736K, committed 27824K, reserved 278528K
  class space    used 3544K, capacity 3813K, committed 3840K, reserved 253952K
}
Event: 6.265 GC heap after
{Heap after GC invocations=4 (full 0):
 garbage-first heap   total 262144K, used 30348K [0x00000000e0000000, 0x0000000100000000)
  region size 1024K, 5 young (5120K), 5 survivors (5120K)
 Metaspace       used 26927K, capacity 27736K, committed 27824K, reserved 278528K
  class space    used 3544K, capacity 3813K, committed 3840K, reserved 253952K
}
Event: 7.575 GC heap before
{Heap before GC invocations=4 (full 0):
 garbage-first heap   total 262144K, used 76428K [0x00000000e0000000, 0x0000000100000000)
  region size 1024K, 51 young (52224K), 5 survivors (5120K)
 Metaspace       used 34748K, capacity 35651K, committed 35708K, reserved 286720K
  class space    used 4560K, capacity 4855K, committed 4864K, reserved 253952K
}
Event: 7.594 GC heap after
{Heap after GC invocations=5 (full 0):
 garbage-first heap   total 262144K, used 32466K [0x00000000e0000000, 0x0000000100000000)
  region size 1024K, 8 young (8192K), 8 survivors (8192K)
 Metaspace       used 34748K, capacity 35651K, committed 35708K, reserved 286720K
  class space    used 4560K, capacity 4855K, committed 4864K, reserved 253952K
}
Event: 11.998 GC heap before
{Heap before GC invocations=6 (full 0):
 garbage-first heap   total 262144K, used 149202K [0x00000000e0000000, 0x0000000100000000)
  region size 1024K, 110 young (112640K), 8 survivors (8192K)
 Metaspace       used 44331K, capacity 45513K, committed 45692K, reserved 294912K
  class space    used 5642K, capacity 6045K, committed 6144K, reserved 253952K
}
Event: 12.014 GC heap after
{Heap after GC invocations=7 (full 0):
 garbage-first heap   total 262144K, used 50395K [0x00000000e0000000, 0x0000000100000000)
  region size 1024K, 14 young (14336K), 14 survivors (14336K)
 Metaspace       used 44331K, capacity 45513K, committed 45692K, reserved 294912K
  class space    used 5642K, capacity 6045K, committed 6144K, reserved 253952K
}
Event: 16.525 GC heap before
{Heap before GC invocations=7 (full 0):
 garbage-first heap   total 262144K, used 142555K [0x00000000e0000000, 0x0000000100000000)
  region size 1024K, 105 young (107520K), 14 survivors (14336K)
 Metaspace       used 58297K, capacity 59617K, committed 59728K, reserved 307200K
  class space    used 7364K, capacity 7838K, committed 7892K, reserved 253952K
}
Event: 16.588 GC heap after
{Heap after GC invocations=8 (full 0):
 garbage-first heap   total 262144K, used 57096K [0x00000000e0000000, 0x0000000100000000)
  region size 1024K, 14 young (14336K), 14 survivors (14336K)
 Metaspace       used 58297K, capacity 59617K, committed 59728K, reserved 307200K
  class space    used 7364K, capacity 7838K, committed 7892K, reserved 253952K
}

Deoptimization events (20 events):
Event: 21.296 Thread 0x000002a0dce91000 Uncommon trap: trap_request=0xffffffbe fr.pc=0x000002a0cecbb42c relative=0x000000000000032c
Event: 21.296 Thread 0x000002a0dce91000 Uncommon trap: reason=profile_predicate action=maybe_recompile pc=0x000002a0cecbb42c method=java.util.Arrays.binarySearch0([Ljava/lang/Object;IILjava/lang/Object;Ljava/util/Comparator;)I @ 25 c2
Event: 21.296 Thread 0x000002a0dce91000 DEOPT PACKING pc=0x000002a0cecbb42c sp=0x000000f6bdbf4910
Event: 21.296 Thread 0x000002a0dce91000 DEOPT UNPACKING pc=0x000002a0c70474af sp=0x000000f6bdbf4888 mode 2
Event: 21.296 Thread 0x000002a0dce91000 Uncommon trap: trap_request=0xffffffbe fr.pc=0x000002a0cecbb42c relative=0x000000000000032c
Event: 21.296 Thread 0x000002a0dce91000 Uncommon trap: reason=profile_predicate action=maybe_recompile pc=0x000002a0cecbb42c method=java.util.Arrays.binarySearch0([Ljava/lang/Object;IILjava/lang/Object;Ljava/util/Comparator;)I @ 25 c2
Event: 21.296 Thread 0x000002a0dce91000 DEOPT PACKING pc=0x000002a0cecbb42c sp=0x000000f6bdbf4910
Event: 21.296 Thread 0x000002a0dce91000 DEOPT UNPACKING pc=0x000002a0c70474af sp=0x000000f6bdbf4888 mode 2
Event: 21.296 Thread 0x000002a0dce91000 Uncommon trap: trap_request=0xffffffbe fr.pc=0x000002a0cecbb42c relative=0x000000000000032c
Event: 21.296 Thread 0x000002a0dce91000 Uncommon trap: reason=profile_predicate action=maybe_recompile pc=0x000002a0cecbb42c method=java.util.Arrays.binarySearch0([Ljava/lang/Object;IILjava/lang/Object;Ljava/util/Comparator;)I @ 25 c2
Event: 21.296 Thread 0x000002a0dce91000 DEOPT PACKING pc=0x000002a0cecbb42c sp=0x000000f6bdbf4910
Event: 21.296 Thread 0x000002a0dce91000 DEOPT UNPACKING pc=0x000002a0c70474af sp=0x000000f6bdbf4888 mode 2
Event: 21.296 Thread 0x000002a0dce91000 Uncommon trap: trap_request=0xffffffbe fr.pc=0x000002a0cecbb42c relative=0x000000000000032c
Event: 21.296 Thread 0x000002a0dce91000 Uncommon trap: reason=profile_predicate action=maybe_recompile pc=0x000002a0cecbb42c method=java.util.Arrays.binarySearch0([Ljava/lang/Object;IILjava/lang/Object;Ljava/util/Comparator;)I @ 25 c2
Event: 21.296 Thread 0x000002a0dce91000 DEOPT PACKING pc=0x000002a0cecbb42c sp=0x000000f6bdbf4990
Event: 21.296 Thread 0x000002a0dce91000 DEOPT UNPACKING pc=0x000002a0c70474af sp=0x000000f6bdbf4908 mode 2
Event: 21.421 Thread 0x000002a0dce91000 Uncommon trap: trap_request=0xffffff4d fr.pc=0x000002a0ced1407c relative=0x000000000000275c
Event: 21.421 Thread 0x000002a0dce91000 Uncommon trap: reason=unstable_if action=reinterpret pc=0x000002a0ced1407c method=java.security.SecureClassLoader$CodeSourceKey.hashCode()I @ 9 c2
Event: 21.421 Thread 0x000002a0dce91000 DEOPT PACKING pc=0x000002a0ced1407c sp=0x000000f6bdbf3ae0
Event: 21.421 Thread 0x000002a0dce91000 DEOPT UNPACKING pc=0x000002a0c70474af sp=0x000000f6bdbf3a10 mode 2

Classes redefined (0 events):
No events

Internal exceptions (20 events):
Event: 12.997 Thread 0x000002a0dce91000 Exception <a 'java/lang/ClassNotFoundException'{0x00000000ee2c96a0}: org/gradle/plugin/use/internal/PluginRequestCollector$PluginDependenciesSpecImplBeanInfo> (0x00000000ee2c96a0) thrown at [./src/hotspot/share/classfile/systemDictionary.cpp, line 231]
Event: 12.999 Thread 0x000002a0dce91000 Exception <a 'java/lang/ClassNotFoundException'{0x00000000ee2f2df8}: org/gradle/plugin/use/internal/PluginRequestCollector$PluginDependenciesSpecImplCustomizer> (0x00000000ee2f2df8) thrown at [./src/hotspot/share/classfile/systemDictionary.cpp, line 231]
Event: 13.006 Thread 0x000002a0dce91000 Exception <a 'java/lang/ClassNotFoundException'{0x00000000ee143e28}: org/gradle/plugin/use/internal/PluginRequestCollector$PluginDependencySpecImplBeanInfo> (0x00000000ee143e28) thrown at [./src/hotspot/share/classfile/systemDictionary.cpp, line 231]
Event: 13.007 Thread 0x000002a0dce91000 Exception <a 'java/lang/ClassNotFoundException'{0x00000000ee16c140}: org/gradle/plugin/use/internal/PluginRequestCollector$PluginDependencySpecImplCustomizer> (0x00000000ee16c140) thrown at [./src/hotspot/share/classfile/systemDictionary.cpp, line 231]
Event: 13.083 Thread 0x000002a0dce91000 Exception <a 'java/lang/NoSuchMethodError'{0x00000000edd1ee88}: 'int java.lang.invoke.DirectMethodHandle$Holder.invokeStaticInit(java.lang.Object, java.lang.Object, java.lang.Object, java.lang.Object)'> (0x00000000edd1ee88) thrown at [./src/hotspot/share/interpreter/linkResolver.cpp, line 773]
Event: 13.089 Thread 0x000002a0dce91000 Exception <a 'java/lang/NoSuchMethodError'{0x00000000edd39e60}: 'void java.lang.invoke.DirectMethodHandle$Holder.invokeInterface(java.lang.Object, java.lang.Object)'> (0x00000000edd39e60) thrown at [./src/hotspot/share/interpreter/linkResolver.cpp, line 773]
Event: 13.369 Thread 0x000002a0dce91000 Implicit null exception at 0x000002a0ceb37674 to 0x000002a0ceb37b4c
Event: 13.543 Thread 0x000002a0dce91000 Exception <a 'sun/nio/fs/WindowsException'{0x00000000ece2b318}> (0x00000000ece2b318) thrown at [./src/hotspot/share/prims/jni.cpp, line 615]
Event: 13.564 Thread 0x000002a0dce91000 Exception <a 'java/lang/IncompatibleClassChangeError'{0x00000000ece50fb0}: Found class java.lang.Object, but interface was expected> (0x00000000ece50fb0) thrown at [./src/hotspot/share/interpreter/linkResolver.cpp, line 839]
Event: 15.639 Thread 0x000002a0dce91000 Exception <a 'java/lang/NoSuchMethodError'{0x00000000eacfede0}: 'java.lang.Object java.lang.invoke.DirectMethodHandle$Holder.invokeSpecial(java.lang.Object, java.lang.Object, int, int, java.lang.Object, java.lang.Object, java.lang.Object)'> (0x00000000eacfede0) thrown at [./src/hotspot/share/interpreter/linkResolver.cpp, line 773]
Event: 15.639 Thread 0x000002a0dce91000 Exception <a 'java/lang/NoSuchMethodError'{0x00000000eab03928}: 'java.lang.Object java.lang.invoke.DelegatingMethodHandle$Holder.reinvoke_L(java.lang.Object, int, int, java.lang.Object, java.lang.Object, java.lang.Object)'> (0x00000000eab03928) thrown at [./src/hotspot/share/interpreter/linkResolver.cpp, line 773]
Event: 15.640 Thread 0x000002a0dce91000 Exception <a 'java/lang/NoSuchMethodError'{0x00000000eab088f0}: 'java.lang.Object java.lang.invoke.DirectMethodHandle$Holder.invokeStatic(java.lang.Object, java.lang.Object, java.lang.Object, java.lang.Object, int)'> (0x00000000eab088f0) thrown at [./src/hotspot/share/interpreter/linkResolver.cpp, line 773]
Event: 16.519 Thread 0x000002a0dce91000 Exception <a 'java/lang/NoSuchMethodError'{0x00000000ea59d1b0}: 'void java.lang.invoke.DirectMethodHandle$Holder.invokeStatic(java.lang.Object, java.lang.Object, java.lang.Object, int, java.lang.Object)'> (0x00000000ea59d1b0) thrown at [./src/hotspot/share/interpreter/linkResolver.cpp, line 773]
Event: 20.725 Thread 0x000002a0dce98800 Implicit null exception at 0x000002a0cecf38a0 to 0x000002a0cecf4014
Event: 20.729 Thread 0x000002a0dce98800 Exception <a 'sun/nio/fs/WindowsException'{0x00000000ef6e58f0}> (0x00000000ef6e58f0) thrown at [./src/hotspot/share/prims/jni.cpp, line 615]
Event: 20.732 Thread 0x000002a0dce98800 Exception <a 'sun/nio/fs/WindowsException'{0x00000000ef6e5aa8}> (0x00000000ef6e5aa8) thrown at [./src/hotspot/share/prims/jni.cpp, line 615]
Event: 21.148 Thread 0x000002a0dce91000 Exception <a 'java/lang/NoSuchMethodError'{0x00000000eecd0790}: 'java.lang.Object java.lang.invoke.DirectMethodHandle$Holder.invokeSpecial(java.lang.Object, java.lang.Object, java.lang.Object, java.lang.Object, java.lang.Object, int)'> (0x00000000eecd0790) thrown at [./src/hotspot/share/interpreter/linkResolver.cpp, line 773]
Event: 21.150 Thread 0x000002a0dce91000 Exception <a 'java/lang/NoSuchMethodError'{0x00000000eecd5078}: 'java.lang.Object java.lang.invoke.Invokers$Holder.linkToTargetMethod(java.lang.Object, java.lang.Object, java.lang.Object, int, java.lang.Object)'> (0x00000000eecd5078) thrown at [./src/hotspot/share/interpreter/linkResolver.cpp, line 773]
Event: 21.259 Thread 0x000002a0dce91000 Exception <a 'java/lang/IncompatibleClassChangeError'{0x00000000eea15a80}: Found class java.lang.Object, but interface was expected> (0x00000000eea15a80) thrown at [./src/hotspot/share/interpreter/linkResolver.cpp, line 839]
Event: 21.421 Thread 0x000002a0dce91000 Implicit null exception at 0x000002a0ced11988 to 0x000002a0ced14058

Events (20 events):
Event: 21.453 loading class org/gradle/workers/internal/IsolatableSerializerRegistry$AbstractIsolatedMapSerializer
Event: 21.453 loading class org/gradle/workers/internal/IsolatableSerializerRegistry$AbstractIsolatedMapSerializer done
Event: 21.454 loading class org/gradle/internal/snapshot/impl/AbstractIsolatedMap
Event: 21.454 loading class org/gradle/internal/snapshot/impl/AbstractIsolatedMap done
Event: 21.455 loading class org/gradle/internal/snapshot/impl/AbstractMapSnapshot
Event: 21.455 loading class org/gradle/internal/snapshot/impl/AbstractMapSnapshot done
Event: 21.455 loading class org/gradle/internal/snapshot/impl/IsolatedMap
Event: 21.455 loading class org/gradle/internal/snapshot/impl/IsolatedMap done
Event: 21.456 loading class org/gradle/workers/internal/IsolatableSerializerRegistry$IsolatedArraySerializer
Event: 21.456 loading class org/gradle/workers/internal/IsolatableSerializerRegistry$IsolatedArraySerializer done
Event: 21.457 loading class org/gradle/workers/internal/IsolatableSerializerRegistry$IsolatedListSerializer
Event: 21.457 loading class org/gradle/workers/internal/IsolatableSerializerRegistry$IsolatedListSerializer done
Event: 21.458 loading class org/gradle/workers/internal/IsolatableSerializerRegistry$IsolatedSetSerializer
Event: 21.458 loading class org/gradle/workers/internal/IsolatableSerializerRegistry$IsolatedSetSerializer done
Event: 21.459 loading class org/gradle/workers/internal/IsolatableSerializerRegistry$IsolatedPropertiesSerializer
Event: 21.459 loading class org/gradle/workers/internal/IsolatableSerializerRegistry$IsolatedPropertiesSerializer done
Event: 21.460 loading class org/gradle/internal/snapshot/impl/IsolatedProperties
Event: 21.460 loading class org/gradle/internal/snapshot/impl/IsolatedProperties done
Event: 21.460 loading class org/gradle/internal/snapshot/impl/BooleanValueSnapshot
Event: 21.460 loading class org/gradle/internal/snapshot/impl/BooleanValueSnapshot done


Dynamic libraries:
0x00007ff663460000 - 0x00007ff66346d000 	C:\Users\Lap\.jdks\corretto-11.0.9.1\bin\java.exe
0x00007fff5f190000 - 0x00007fff5f37d000 	C:\Windows\SYSTEM32\ntdll.dll
0x00007fff5d750000 - 0x00007fff5d803000 	C:\Windows\System32\KERNEL32.DLL
0x00007fff5bf90000 - 0x00007fff5c225000 	C:\Windows\System32\KERNELBASE.dll
0x00007fff5be70000 - 0x00007fff5bf6a000 	C:\Windows\System32\ucrtbase.dll
0x00007fff54860000 - 0x00007fff54875000 	C:\Users\Lap\.jdks\corretto-11.0.9.1\bin\VCRUNTIME140.dll
0x00007fff54880000 - 0x00007fff54897000 	C:\Users\Lap\.jdks\corretto-11.0.9.1\bin\jli.dll
0x00007fff5d3a0000 - 0x00007fff5d537000 	C:\Windows\System32\USER32.dll
0x00007fff5c390000 - 0x00007fff5c3b0000 	C:\Windows\System32\win32u.dll
0x00007fff493e0000 - 0x00007fff49659000 	C:\Windows\WinSxS\amd64_microsoft.windows.common-controls_6595b64144ccf1df_6.0.17763.1637_none_de704308534c3ec5\COMCTL32.dll
0x00007fff5d6b0000 - 0x00007fff5d6d9000 	C:\Windows\System32\GDI32.dll
0x00007fff5dbc0000 - 0x00007fff5dc5e000 	C:\Windows\System32\msvcrt.dll
0x00007fff5bcd0000 - 0x00007fff5be6c000 	C:\Windows\System32\gdi32full.dll
0x00007fff5c9c0000 - 0x00007fff5ccee000 	C:\Windows\System32\combase.dll
0x00007fff5b4d0000 - 0x00007fff5b570000 	C:\Windows\System32\msvcp_win.dll
0x00007fff5d810000 - 0x00007fff5d932000 	C:\Windows\System32\RPCRT4.dll
0x00007fff5c230000 - 0x00007fff5c2af000 	C:\Windows\System32\bcryptPrimitives.dll
0x00007fff5c680000 - 0x00007fff5c6ae000 	C:\Windows\System32\IMM32.DLL
0x00007fff45ed0000 - 0x00007fff45f6b000 	C:\Users\Lap\.jdks\corretto-11.0.9.1\bin\msvcp140.dll
0x00007fff20820000 - 0x00007fff21364000 	C:\Users\Lap\.jdks\corretto-11.0.9.1\bin\server\jvm.dll
0x00007fff5c890000 - 0x00007fff5c933000 	C:\Windows\System32\ADVAPI32.dll
0x00007fff5c770000 - 0x00007fff5c80f000 	C:\Windows\System32\sechost.dll
0x00007fff5d330000 - 0x00007fff5d338000 	C:\Windows\System32\PSAPI.DLL
0x00007fff458f0000 - 0x00007fff458f9000 	C:\Windows\SYSTEM32\WSOCK32.dll
0x00007fff5d6e0000 - 0x00007fff5d74d000 	C:\Windows\System32\WS2_32.dll
0x00007fff58e50000 - 0x00007fff58e74000 	C:\Windows\SYSTEM32\WINMM.dll
0x00007fff56750000 - 0x00007fff5675a000 	C:\Windows\SYSTEM32\VERSION.dll
0x00007fff58d00000 - 0x00007fff58d2d000 	C:\Windows\SYSTEM32\winmmbase.dll
0x00007fff5b480000 - 0x00007fff5b4ca000 	C:\Windows\System32\cfgmgr32.dll
0x00007fff5b190000 - 0x00007fff5b1a1000 	C:\Windows\System32\kernel.appcore.dll
0x00007fff54850000 - 0x00007fff54860000 	C:\Users\Lap\.jdks\corretto-11.0.9.1\bin\verify.dll
0x00007fff59b00000 - 0x00007fff59ced000 	C:\Windows\SYSTEM32\DBGHELP.DLL
0x00007fff41a30000 - 0x00007fff41a5a000 	C:\Windows\SYSTEM32\dbgcore.DLL
0x00007fff54820000 - 0x00007fff54848000 	C:\Users\Lap\.jdks\corretto-11.0.9.1\bin\java.dll
0x00007fff502c0000 - 0x00007fff502ca000 	C:\Users\Lap\.jdks\corretto-11.0.9.1\bin\jimage.dll
0x00007fff4ffe0000 - 0x00007fff4fff7000 	C:\Users\Lap\.jdks\corretto-11.0.9.1\bin\zip.dll
0x00007fff5dc60000 - 0x00007fff5f159000 	C:\Windows\System32\SHELL32.dll
0x00007fff5c5d0000 - 0x00007fff5c678000 	C:\Windows\System32\shcore.dll
0x00007fff5b570000 - 0x00007fff5bcc3000 	C:\Windows\System32\windows.storage.dll
0x00007fff5b1b0000 - 0x00007fff5b1d4000 	C:\Windows\System32\profapi.dll
0x00007fff5b1e0000 - 0x00007fff5b23d000 	C:\Windows\System32\powrprof.dll
0x00007fff5d180000 - 0x00007fff5d1d2000 	C:\Windows\System32\shlwapi.dll
0x00007fff5bf70000 - 0x00007fff5bf87000 	C:\Windows\System32\cryptsp.dll
0x00007fff4f820000 - 0x00007fff4f839000 	C:\Users\Lap\.jdks\corretto-11.0.9.1\bin\net.dll
0x00007fff4c2c0000 - 0x00007fff4c3b4000 	C:\Windows\SYSTEM32\WINHTTP.dll
0x00007fff5a9e0000 - 0x00007fff5aa47000 	C:\Windows\system32\mswsock.dll
0x00007fff48750000 - 0x00007fff48762000 	C:\Users\Lap\.jdks\corretto-11.0.9.1\bin\nio.dll
0x00007fff46920000 - 0x00007fff46947000 	C:\Users\Lap\.gradle\native\fdc75f09e3144964f2cf3f50f0aa648679c211496f362492102eb8c894070792\windows-amd64\native-platform.dll
0x00007fff27d50000 - 0x00007fff27ee6000 	C:\Users\Lap\.gradle\native\12488b8bf47d2d4c9fbf2f6322a914ad602e24e48041cd04a747c6da556b65c4\windows-amd64\native-platform-file-events.dll
0x00007fff50160000 - 0x00007fff50169000 	C:\Users\Lap\.jdks\corretto-11.0.9.1\bin\management.dll
0x00007fff4f7f0000 - 0x00007fff4f7fb000 	C:\Users\Lap\.jdks\corretto-11.0.9.1\bin\management_ext.dll
0x00007fff5a560000 - 0x00007fff5a593000 	C:\Windows\system32\rsaenh.dll
0x00007fff5c360000 - 0x00007fff5c386000 	C:\Windows\System32\bcrypt.dll
0x00007fff5b0a0000 - 0x00007fff5b0c9000 	C:\Windows\SYSTEM32\USERENV.dll
0x00007fff5abb0000 - 0x00007fff5abbc000 	C:\Windows\SYSTEM32\CRYPTBASE.dll
0x00007fff5a700000 - 0x00007fff5a73d000 	C:\Windows\SYSTEM32\IPHLPAPI.DLL
0x00007fff5ccf0000 - 0x00007fff5ccf8000 	C:\Windows\System32\NSI.dll
0x00007fff4e890000 - 0x00007fff4e8a6000 	C:\Windows\SYSTEM32\dhcpcsvc6.DLL
0x00007fff4e960000 - 0x00007fff4e97c000 	C:\Windows\SYSTEM32\dhcpcsvc.DLL
0x00007fff5a740000 - 0x00007fff5a806000 	C:\Windows\SYSTEM32\DNSAPI.dll
0x00007fff4f730000 - 0x00007fff4f73b000 	C:\Windows\SYSTEM32\WINNSI.DLL
0x00007fff358f0000 - 0x00007fff35915000 	C:\Users\Lap\.jdks\corretto-11.0.9.1\bin\sunec.dll
0x00007fff4a3e0000 - 0x00007fff4a3ea000 	C:\Windows\System32\rasadhlp.dll
0x00007fff4bee0000 - 0x00007fff4bf59000 	C:\Windows\System32\fwpuclnt.dll
0x00007fff54900000 - 0x00007fff5490e000 	C:\Users\Lap\.jdks\corretto-11.0.9.1\bin\sunmscapi.dll
0x00007fff5b240000 - 0x00007fff5b41c000 	C:\Windows\System32\CRYPT32.dll
0x00007fff5b170000 - 0x00007fff5b182000 	C:\Windows\System32\MSASN1.dll
0x00007fff5acb0000 - 0x00007fff5acd6000 	C:\Windows\SYSTEM32\ncrypt.dll
0x00007fff5ac70000 - 0x00007fff5acac000 	C:\Windows\SYSTEM32\NTASN1.dll

dbghelp: loaded successfully - version: 4.0.5 - missing functions: none
symbol engine: initialized successfully - sym options: 0x614 - pdb path: .;C:\Users\Lap\.jdks\corretto-11.0.9.1\bin;C:\Windows\SYSTEM32;C:\Windows\WinSxS\amd64_microsoft.windows.common-controls_6595b64144ccf1df_6.0.17763.1637_none_de704308534c3ec5;C:\Users\Lap\.jdks\corretto-11.0.9.1\bin\server;C:\Users\Lap\.gradle\native\fdc75f09e3144964f2cf3f50f0aa648679c211496f362492102eb8c894070792\windows-amd64;C:\Users\Lap\.gradle\native\12488b8bf47d2d4c9fbf2f6322a914ad602e24e48041cd04a747c6da556b65c4\windows-amd64

VM Arguments:
jvm_args: -XX:MaxMetaspaceSize=256m -XX:+HeapDumpOnOutOfMemoryError --add-opens=java.base/java.util=ALL-UNNAMED --add-opens=java.base/java.lang=ALL-UNNAMED --add-opens=java.base/java.lang.invoke=ALL-UNNAMED --add-opens=java.prefs/java.util.prefs=ALL-UNNAMED -Xms256m -Xmx512m -Dfile.encoding=windows-1251 -Duser.country=RU -Duser.language=ru -Duser.variant 
java_command: org.gradle.launcher.daemon.bootstrap.GradleDaemon 6.8
java_class_path (initial): C:\Users\Lap\.gradle\wrapper\dists\gradle-6.8-bin\1jblhjyydfkclfzx1agp92nyl\gradle-6.8\lib\gradle-launcher-6.8.jar
Launcher Type: SUN_STANDARD

[Global flags]
     intx CICompilerCount                          = 4                                         {product} {ergonomic}
   size_t CompressedClassSpaceSize                 = 260046848                                 {product} {ergonomic}
     uint ConcGCThreads                            = 2                                         {product} {ergonomic}
     uint G1ConcRefinementThreads                  = 8                                         {product} {ergonomic}
   size_t G1HeapRegionSize                         = 1048576                                   {product} {ergonomic}
    uintx GCDrainStackTargetSize                   = 64                                        {product} {ergonomic}
     bool HeapDumpOnOutOfMemoryError               = true                                   {manageable} {command line}
   size_t InitialHeapSize                          = 268435456                                 {product} {command line}
   size_t MarkStackSize                            = 4194304                                   {product} {ergonomic}
   size_t MaxHeapSize                              = 536870912                                 {product} {command line}
   size_t MaxMetaspaceSize                         = 268435456                                 {product} {command line}
   size_t MaxNewSize                               = 321912832                                 {product} {ergonomic}
   size_t MinHeapDeltaBytes                        = 1048576                                   {product} {ergonomic}
    uintx NonNMethodCodeHeapSize                   = 5836300                                {pd product} {ergonomic}
    uintx NonProfiledCodeHeapSize                  = 122910970                              {pd product} {ergonomic}
    uintx ProfiledCodeHeapSize                     = 122910970                              {pd product} {ergonomic}
    uintx ReservedCodeCacheSize                    = 251658240                              {pd product} {ergonomic}
     bool SegmentedCodeCache                       = true                                      {product} {ergonomic}
     bool UseCompressedClassPointers               = true                                 {lp64_product} {ergonomic}
     bool UseCompressedOops                        = true                                 {lp64_product} {ergonomic}
     bool UseG1GC                                  = true                                      {product} {ergonomic}
     bool UseLargePagesIndividualAllocation        = false                                  {pd product} {ergonomic}

Logging:
Log output configuration:
 #0: stdout all=warning uptime,level,tags
 #1: stderr all=off uptime,level,tags

Environment Variables:
PATH=C:\Program Files (x86)\Common Files\Oracle\Java\javapath;C:\Windows\system32;C:\Windows;C:\Windows\System32\Wbem;C:\Windows\System32\WindowsPowerShell\v1.0\;C:\Windows\System32\OpenSSH\;C:\Program Files\Git\cmd;C:\Program Files\Microsoft VS Code\bin;C:\Users\Lap\AppData\Local\Microsoft\WindowsApps;
USERNAME=Lap
OS=Windows_NT
PROCESSOR_IDENTIFIER=Intel64 Family 6 Model 142 Stepping 10, GenuineIntel



---------------  S Y S T E M  ---------------

OS: Windows 10 , 64 bit Build 17763 (10.0.17763.475)
OS uptime: 3 days 23:27 hours

CPU:total 8 (initial active 8) (4 cores per cpu, 2 threads per core) family 6 model 142 stepping 10, cmov, cx8, fxsr, mmx, sse, sse2, sse3, ssse3, sse4.1, sse4.2, popcnt, avx, avx2, aes, clmul, erms, 3dnowpref, lzcnt, ht, tsc, tscinvbit, bmi1, bmi2, adx, fma

Memory: 4k page, system-wide physical 8074M (1742M free)
TotalPageFile size 10122M (AvailPageFile size 5M)
current process WorkingSet (physical memory assigned to process): 343M, peak: 375M
current process commit charge ("private bytes"): 479M, peak: 514M

vm_info: OpenJDK 64-Bit Server VM (11.0.9.1+12-LTS) for windows-amd64 JRE (11.0.9.1+12-LTS), built on Nov  4 2020 10:17:53 by "Administrator" with MS VC++ 15.9 (VS2017)

END.
